2026-04-27T00:06:13.579952+00:00 Run directory prepared: /home/carti/ETH/Msc/CCA/risultatiPart3/Matte/automation/runs/part3-handcrafted/2026-04-27-02h06m13s
2026-04-27T00:06:13.580035+00:00 Rendered 8 manifests into /home/carti/ETH/Msc/CCA/risultatiPart3/Matte/automation/runs/part3-handcrafted/2026-04-27-02h06m13s/rendered_manifests
2026-04-27T00:06:13.580052+00:00 Cleaning previous managed workloads
2026-04-27T00:06:45.929739+00:00 Ensuring canonical node labels and checking client provisioning
2026-04-27T00:06:55.355575+00:00 Applying memcached manifest
2026-04-27T00:06:59.324564+00:00 Capturing benchmark node CPU platforms
2026-04-27T00:07:04.070751+00:00 Benchmark node CPU platform capture complete: node-a-8core=e2-standard-8/AMD Rome, node-b-4core=n2d-highcpu-4/AMD Milan
2026-04-27T00:07:04.071447+00:00 Restarting mcperf-agent.service on client-agent-a (client-agent-a-jjhj)
2026-04-27T00:07:09.620374+00:00 mcperf-agent.service active on client-agent-a (client-agent-a-jjhj)
2026-04-27T00:07:09.620574+00:00 Restarting mcperf-agent.service on client-agent-b (client-agent-b-988s)
2026-04-27T00:07:16.215330+00:00 mcperf-agent.service active on client-agent-b (client-agent-b-988s)
2026-04-27T00:07:16.215597+00:00 Starting measurement against memcached IP 100.96.6.26
2026-04-27T00:07:16.748581+00:00 Waiting for first mcperf measurement sample
2026-04-27T00:07:23.582119+00:00 mcperf measurement header observed
2026-04-27T00:07:35.253938+00:00 mcperf measurement sample observed
2026-04-27T00:07:35.254063+00:00 mcperf measurement is live
2026-04-27T00:07:35.254680+00:00 Starting phase scheduler
2026-04-27T00:07:35.610285+00:00 Phase dependency satisfied for phase-01: start
2026-04-27T00:07:35.610635+00:00 Phase dependency satisfied for phase-04: start
2026-04-27T00:07:35.610701+00:00 Launching phase phase-01: streamcluster
2026-04-27T00:07:36.033936+00:00 Launching phase phase-04: blackscholes
2026-04-27T00:07:36.851348+00:00 Scheduler heartbeat: launched_phases=['phase-01', 'phase-04'] pending_phases=['phase-02', 'phase-03', 'phase-05'] completed_jobs=[] running_jobs=['parsec-blackscholes-2026-04-27-02h06m13s', 'parsec-streamcluster-2026-04-27-02h06m13s']
2026-04-27T00:07:52.285191+00:00 Scheduler heartbeat: launched_phases=['phase-01', 'phase-04'] pending_phases=['phase-02', 'phase-03', 'phase-05'] completed_jobs=[] running_jobs=['parsec-blackscholes-2026-04-27-02h06m13s', 'parsec-streamcluster-2026-04-27-02h06m13s']
2026-04-27T00:08:07.425857+00:00 Scheduler heartbeat: launched_phases=['phase-01', 'phase-04'] pending_phases=['phase-02', 'phase-03', 'phase-05'] completed_jobs=[] running_jobs=['parsec-blackscholes-2026-04-27-02h06m13s', 'parsec-streamcluster-2026-04-27-02h06m13s']
2026-04-27T00:08:22.815277+00:00 Scheduler heartbeat: launched_phases=['phase-01', 'phase-04'] pending_phases=['phase-02', 'phase-03', 'phase-05'] completed_jobs=[] running_jobs=['parsec-blackscholes-2026-04-27-02h06m13s', 'parsec-streamcluster-2026-04-27-02h06m13s']
2026-04-27T00:08:29.757300+00:00 Job completed: parsec-blackscholes-2026-04-27-02h06m13s
2026-04-27T00:08:29.757738+00:00 Phase dependency satisfied for phase-05: blackscholes
2026-04-27T00:08:29.757926+00:00 Launching phase phase-05: canneal
2026-04-27T00:08:37.955324+00:00 Scheduler heartbeat: launched_phases=['phase-01', 'phase-04', 'phase-05'] pending_phases=['phase-02', 'phase-03'] completed_jobs=['blackscholes'] running_jobs=['parsec-canneal-2026-04-27-02h06m13s', 'parsec-streamcluster-2026-04-27-02h06m13s']
2026-04-27T00:08:52.966900+00:00 Scheduler heartbeat: launched_phases=['phase-01', 'phase-04', 'phase-05'] pending_phases=['phase-02', 'phase-03'] completed_jobs=['blackscholes'] running_jobs=['parsec-canneal-2026-04-27-02h06m13s', 'parsec-streamcluster-2026-04-27-02h06m13s']
2026-04-27T00:09:08.034308+00:00 Scheduler heartbeat: launched_phases=['phase-01', 'phase-04', 'phase-05'] pending_phases=['phase-02', 'phase-03'] completed_jobs=['blackscholes'] running_jobs=['parsec-canneal-2026-04-27-02h06m13s', 'parsec-streamcluster-2026-04-27-02h06m13s']
2026-04-27T00:09:24.290220+00:00 Scheduler heartbeat: launched_phases=['phase-01', 'phase-04', 'phase-05'] pending_phases=['phase-02', 'phase-03'] completed_jobs=['blackscholes'] running_jobs=['parsec-canneal-2026-04-27-02h06m13s', 'parsec-streamcluster-2026-04-27-02h06m13s']
2026-04-27T00:09:28.404966+00:00 Job completed: parsec-streamcluster-2026-04-27-02h06m13s
2026-04-27T00:09:28.405239+00:00 Phase dependency satisfied for phase-02: streamcluster
2026-04-27T00:09:28.405291+00:00 Launching phase phase-02: freqmine
2026-04-27T00:09:40.155808+00:00 Scheduler heartbeat: launched_phases=['phase-01', 'phase-02', 'phase-04', 'phase-05'] pending_phases=['phase-03'] completed_jobs=['blackscholes', 'streamcluster'] running_jobs=['parsec-canneal-2026-04-27-02h06m13s', 'parsec-freqmine-2026-04-27-02h06m13s']
2026-04-27T00:09:56.356303+00:00 Scheduler heartbeat: launched_phases=['phase-01', 'phase-02', 'phase-04', 'phase-05'] pending_phases=['phase-03'] completed_jobs=['blackscholes', 'streamcluster'] running_jobs=['parsec-canneal-2026-04-27-02h06m13s', 'parsec-freqmine-2026-04-27-02h06m13s']
2026-04-27T00:10:12.213023+00:00 Scheduler heartbeat: launched_phases=['phase-01', 'phase-02', 'phase-04', 'phase-05'] pending_phases=['phase-03'] completed_jobs=['blackscholes', 'streamcluster'] running_jobs=['parsec-canneal-2026-04-27-02h06m13s', 'parsec-freqmine-2026-04-27-02h06m13s']
2026-04-27T00:10:20.243951+00:00 Job completed: parsec-canneal-2026-04-27-02h06m13s
2026-04-27T00:10:28.530739+00:00 Scheduler heartbeat: launched_phases=['phase-01', 'phase-02', 'phase-04', 'phase-05'] pending_phases=['phase-03'] completed_jobs=['blackscholes', 'canneal', 'streamcluster'] running_jobs=['parsec-freqmine-2026-04-27-02h06m13s']
2026-04-27T00:10:40.594666+00:00 Job completed: parsec-freqmine-2026-04-27-02h06m13s
2026-04-27T00:10:40.594871+00:00 Phase dependency satisfied for phase-03: freqmine
2026-04-27T00:10:40.594920+00:00 Launching phase phase-03: barnes, vips, radix
2026-04-27T00:10:44.573950+00:00 Scheduler heartbeat: launched_phases=['phase-01', 'phase-02', 'phase-03', 'phase-04', 'phase-05'] pending_phases=[] completed_jobs=['blackscholes', 'canneal', 'freqmine', 'streamcluster'] running_jobs=['parsec-barnes-2026-04-27-02h06m13s', 'parsec-radix-2026-04-27-02h06m13s', 'parsec-vips-2026-04-27-02h06m13s']
2026-04-27T00:11:00.111448+00:00 Scheduler heartbeat: launched_phases=['phase-01', 'phase-02', 'phase-03', 'phase-04', 'phase-05'] pending_phases=[] completed_jobs=['blackscholes', 'canneal', 'freqmine', 'streamcluster'] running_jobs=['parsec-barnes-2026-04-27-02h06m13s', 'parsec-radix-2026-04-27-02h06m13s', 'parsec-vips-2026-04-27-02h06m13s']
2026-04-27T00:11:15.686723+00:00 Scheduler heartbeat: launched_phases=['phase-01', 'phase-02', 'phase-03', 'phase-04', 'phase-05'] pending_phases=[] completed_jobs=['blackscholes', 'canneal', 'freqmine', 'streamcluster'] running_jobs=['parsec-barnes-2026-04-27-02h06m13s', 'parsec-radix-2026-04-27-02h06m13s', 'parsec-vips-2026-04-27-02h06m13s']
2026-04-27T00:11:24.773665+00:00 Job completed: parsec-vips-2026-04-27-02h06m13s
2026-04-27T00:11:24.773842+00:00 Job completed: parsec-radix-2026-04-27-02h06m13s
2026-04-27T00:11:29.971427+00:00 Job completed: parsec-barnes-2026-04-27-02h06m13s
2026-04-27T00:11:29.971830+00:00 All batch jobs completed; capturing results.json and stopping mcperf
2026-04-27T00:11:29.971890+00:00 Waiting briefly for final pod termination metadata
2026-04-27T00:11:30.616261+00:00 Stopping mcperf measurement wrapper on client-measure-6nt6 with SIGINT
2026-04-27T00:11:43.688337+00:00 mcperf is still running on client-measure-6nt6 after SIGINT; escalating to SIGTERM
2026-04-27T00:11:46.419799+00:00 Summarizing run from captured pod snapshot and mcperf output
2026-04-27T00:11:46.420853+00:00 Run completed with status pass makespan=229.0 max_p95_us=427.8
