2026-04-23T15:07:12.313433+00:00 Run directory prepared: /home/carti/ETH/Msc/CCA/risultatiPart3/Matte/automation/runs/part3-handcrafted/2026-04-23-17h07m12s
2026-04-23T15:07:12.313761+00:00 Rendered 8 manifests into /home/carti/ETH/Msc/CCA/risultatiPart3/Matte/automation/runs/part3-handcrafted/2026-04-23-17h07m12s/rendered_manifests
2026-04-23T15:07:12.313960+00:00 Cleaning previous managed workloads
2026-04-23T15:07:45.862753+00:00 Ensuring canonical node labels and checking client provisioning
2026-04-23T15:08:02.236375+00:00 Pre-caching 8 images on benchmark nodes via 2 transient pod(s)
2026-04-23T15:08:06.276335+00:00 Pre-cache pods completed successfully
2026-04-23T15:08:07.823085+00:00 Pre-cache pods deleted
2026-04-23T15:08:07.823655+00:00 Applying memcached manifest
2026-04-23T15:08:11.603869+00:00 Starting measurement against memcached IP 100.96.5.8
2026-04-23T15:08:12.167980+00:00 Waiting for mcperf measurement header
2026-04-23T15:08:21.792271+00:00 mcperf measurement header observed
2026-04-23T15:08:21.792935+00:00 mcperf measurement is live
2026-04-23T15:08:21.794008+00:00 Starting phase scheduler
2026-04-23T15:08:22.215102+00:00 Phase dependency satisfied for phase-01: start
2026-04-23T15:08:22.215405+00:00 Launching phase phase-01: streamcluster, blackscholes
2026-04-23T15:08:23.638426+00:00 Scheduler heartbeat: launched_phases=['phase-01'] pending_phases=['phase-02', 'phase-03', 'phase-04', 'phase-05'] completed_jobs=[] running_jobs=['parsec-blackscholes-2026-04-23-17h07m12s', 'parsec-streamcluster-2026-04-23-17h07m12s']
2026-04-23T15:08:39.497742+00:00 Scheduler heartbeat: launched_phases=['phase-01'] pending_phases=['phase-02', 'phase-03', 'phase-04', 'phase-05'] completed_jobs=[] running_jobs=['parsec-blackscholes-2026-04-23-17h07m12s', 'parsec-streamcluster-2026-04-23-17h07m12s']
2026-04-23T15:08:58.022928+00:00 Scheduler heartbeat: launched_phases=['phase-01'] pending_phases=['phase-02', 'phase-03', 'phase-04', 'phase-05'] completed_jobs=[] running_jobs=['parsec-blackscholes-2026-04-23-17h07m12s', 'parsec-streamcluster-2026-04-23-17h07m12s']
2026-04-23T15:09:13.838638+00:00 Scheduler heartbeat: launched_phases=['phase-01'] pending_phases=['phase-02', 'phase-03', 'phase-04', 'phase-05'] completed_jobs=[] running_jobs=['parsec-blackscholes-2026-04-23-17h07m12s', 'parsec-streamcluster-2026-04-23-17h07m12s']
2026-04-23T15:09:15.350567+00:00 Job completed: parsec-blackscholes-2026-04-23-17h07m12s
2026-04-23T15:09:15.351229+00:00 Phase dependency satisfied for phase-03: blackscholes
2026-04-23T15:09:15.351499+00:00 Launching phase phase-03: canneal
2026-04-23T15:09:31.867014+00:00 Scheduler heartbeat: launched_phases=['phase-01', 'phase-03'] pending_phases=['phase-02', 'phase-04', 'phase-05'] completed_jobs=['blackscholes'] running_jobs=['parsec-canneal-2026-04-23-17h07m12s', 'parsec-streamcluster-2026-04-23-17h07m12s']
2026-04-23T15:09:47.376228+00:00 Scheduler heartbeat: launched_phases=['phase-01', 'phase-03'] pending_phases=['phase-02', 'phase-04', 'phase-05'] completed_jobs=['blackscholes'] running_jobs=['parsec-canneal-2026-04-23-17h07m12s', 'parsec-streamcluster-2026-04-23-17h07m12s']
2026-04-23T15:10:05.707183+00:00 Scheduler heartbeat: launched_phases=['phase-01', 'phase-03'] pending_phases=['phase-02', 'phase-04', 'phase-05'] completed_jobs=['blackscholes'] running_jobs=['parsec-canneal-2026-04-23-17h07m12s', 'parsec-streamcluster-2026-04-23-17h07m12s']
2026-04-23T15:10:19.895470+00:00 Job completed: parsec-streamcluster-2026-04-23-17h07m12s
2026-04-23T15:10:19.895763+00:00 Phase dependency satisfied for phase-02: streamcluster
2026-04-23T15:10:19.895851+00:00 Launching phase phase-02: freqmine
2026-04-23T15:10:20.785180+00:00 Scheduler heartbeat: launched_phases=['phase-01', 'phase-02', 'phase-03'] pending_phases=['phase-04', 'phase-05'] completed_jobs=['blackscholes', 'streamcluster'] running_jobs=['parsec-canneal-2026-04-23-17h07m12s', 'parsec-freqmine-2026-04-23-17h07m12s']
2026-04-23T15:10:39.452618+00:00 Scheduler heartbeat: launched_phases=['phase-01', 'phase-02', 'phase-03'] pending_phases=['phase-04', 'phase-05'] completed_jobs=['blackscholes', 'streamcluster'] running_jobs=['parsec-canneal-2026-04-23-17h07m12s', 'parsec-freqmine-2026-04-23-17h07m12s']
2026-04-23T15:10:46.766752+00:00 Job completed: parsec-canneal-2026-04-23-17h07m12s
2026-04-23T15:10:46.767331+00:00 Phase dependency satisfied for phase-05: canneal
2026-04-23T15:10:46.767773+00:00 Launching phase phase-05: barnes
2026-04-23T15:10:54.975482+00:00 Scheduler heartbeat: launched_phases=['phase-01', 'phase-02', 'phase-03', 'phase-05'] pending_phases=['phase-04'] completed_jobs=['blackscholes', 'canneal', 'streamcluster'] running_jobs=['parsec-barnes-2026-04-23-17h07m12s', 'parsec-freqmine-2026-04-23-17h07m12s']
2026-04-23T15:11:12.393747+00:00 Scheduler heartbeat: launched_phases=['phase-01', 'phase-02', 'phase-03', 'phase-05'] pending_phases=['phase-04'] completed_jobs=['blackscholes', 'canneal', 'streamcluster'] running_jobs=['parsec-barnes-2026-04-23-17h07m12s', 'parsec-freqmine-2026-04-23-17h07m12s']
2026-04-23T15:11:28.691497+00:00 Scheduler heartbeat: launched_phases=['phase-01', 'phase-02', 'phase-03', 'phase-05'] pending_phases=['phase-04'] completed_jobs=['blackscholes', 'canneal', 'streamcluster'] running_jobs=['parsec-barnes-2026-04-23-17h07m12s', 'parsec-freqmine-2026-04-23-17h07m12s']
2026-04-23T15:11:34.482885+00:00 Job completed: parsec-freqmine-2026-04-23-17h07m12s
2026-04-23T15:11:34.483206+00:00 Phase dependency satisfied for phase-04: freqmine
2026-04-23T15:11:34.483265+00:00 Launching phase phase-04: vips, radix
2026-04-23T15:11:47.218557+00:00 Scheduler heartbeat: launched_phases=['phase-01', 'phase-02', 'phase-03', 'phase-04', 'phase-05'] pending_phases=[] completed_jobs=['blackscholes', 'canneal', 'freqmine', 'streamcluster'] running_jobs=['parsec-barnes-2026-04-23-17h07m12s', 'parsec-radix-2026-04-23-17h07m12s', 'parsec-vips-2026-04-23-17h07m12s']
2026-04-23T15:11:48.739900+00:00 Job completed: parsec-barnes-2026-04-23-17h07m12s
2026-04-23T15:12:03.211412+00:00 Scheduler heartbeat: launched_phases=['phase-01', 'phase-02', 'phase-03', 'phase-04', 'phase-05'] pending_phases=[] completed_jobs=['barnes', 'blackscholes', 'canneal', 'freqmine', 'streamcluster'] running_jobs=['parsec-radix-2026-04-23-17h07m12s', 'parsec-vips-2026-04-23-17h07m12s']
2026-04-23T15:12:12.360222+00:00 Job completed: parsec-vips-2026-04-23-17h07m12s
2026-04-23T15:12:12.360646+00:00 Job completed: parsec-radix-2026-04-23-17h07m12s
2026-04-23T15:12:12.360976+00:00 All batch jobs completed; capturing results.json and stopping mcperf
2026-04-23T15:12:12.361290+00:00 Waiting briefly for final pod termination metadata
2026-04-23T15:12:13.246715+00:00 Stopping mcperf measurement wrapper on client-measure-pmwm with SIGINT
2026-04-23T15:12:30.986880+00:00 mcperf is still running on client-measure-pmwm after SIGINT; escalating to SIGTERM
2026-04-23T15:12:35.169013+00:00 Summarizing run from captured pod snapshot and mcperf output
2026-04-23T15:12:35.181426+00:00 Run completed with status pass makespan=226.0 max_p95_us=None
