2026-04-27T03:35:00.571336+00:00 Run directory prepared: /home/carti/ETH/Msc/CCA/risultatiPart3/Matte/automation/runs/part3-handcrafted/2026-04-27-05h35m00s
2026-04-27T03:35:00.571409+00:00 Rendered 8 manifests into /home/carti/ETH/Msc/CCA/risultatiPart3/Matte/automation/runs/part3-handcrafted/2026-04-27-05h35m00s/rendered_manifests
2026-04-27T03:35:00.571442+00:00 Cleaning previous managed workloads
2026-04-27T03:35:32.711421+00:00 Ensuring canonical node labels and checking client provisioning
2026-04-27T03:35:43.127764+00:00 Applying memcached manifest
2026-04-27T03:35:46.672630+00:00 Capturing benchmark node CPU platforms
2026-04-27T03:35:50.433103+00:00 Benchmark node CPU platform capture complete: node-a-8core=e2-standard-8/AMD Rome, node-b-4core=n2d-highcpu-4/AMD Milan
2026-04-27T03:35:50.433617+00:00 Restarting mcperf-agent.service on client-agent-a (client-agent-a-jjhj)
2026-04-27T03:35:56.417666+00:00 mcperf-agent.service active on client-agent-a (client-agent-a-jjhj)
2026-04-27T03:35:56.417866+00:00 Restarting mcperf-agent.service on client-agent-b (client-agent-b-988s)
2026-04-27T03:36:02.479824+00:00 mcperf-agent.service active on client-agent-b (client-agent-b-988s)
2026-04-27T03:36:02.480025+00:00 Starting measurement against memcached IP 100.96.5.83
2026-04-27T03:36:02.883983+00:00 Waiting for first mcperf measurement sample
2026-04-27T03:36:09.135946+00:00 mcperf measurement header observed
2026-04-27T03:36:20.863687+00:00 mcperf measurement is live
2026-04-27T03:36:20.863575+00:00 mcperf measurement sample observed
2026-04-27T03:36:20.864023+00:00 Starting phase scheduler
2026-04-27T03:36:21.128895+00:00 Phase dependency satisfied for phase-01: start
2026-04-27T03:36:21.129167+00:00 Phase dependency satisfied for phase-04: start
2026-04-27T03:36:21.129219+00:00 Launching phase phase-01: streamcluster
2026-04-27T03:36:21.470461+00:00 Launching phase phase-04: blackscholes, vips, barnes
2026-04-27T03:36:22.955228+00:00 Scheduler heartbeat: launched_phases=['phase-01', 'phase-04'] pending_phases=['phase-02', 'phase-03', 'phase-05'] completed_jobs=[] running_jobs=['parsec-barnes-2026-04-27-05h35m00s', 'parsec-blackscholes-2026-04-27-05h35m00s', 'parsec-streamcluster-2026-04-27-05h35m00s', 'parsec-vips-2026-04-27-05h35m00s']
2026-04-27T03:36:38.921917+00:00 Scheduler heartbeat: launched_phases=['phase-01', 'phase-04'] pending_phases=['phase-02', 'phase-03', 'phase-05'] completed_jobs=[] running_jobs=['parsec-barnes-2026-04-27-05h35m00s', 'parsec-blackscholes-2026-04-27-05h35m00s', 'parsec-streamcluster-2026-04-27-05h35m00s', 'parsec-vips-2026-04-27-05h35m00s']
2026-04-27T03:36:54.975966+00:00 Scheduler heartbeat: launched_phases=['phase-01', 'phase-04'] pending_phases=['phase-02', 'phase-03', 'phase-05'] completed_jobs=[] running_jobs=['parsec-barnes-2026-04-27-05h35m00s', 'parsec-blackscholes-2026-04-27-05h35m00s', 'parsec-streamcluster-2026-04-27-05h35m00s', 'parsec-vips-2026-04-27-05h35m00s']
2026-04-27T03:37:10.507186+00:00 Scheduler heartbeat: launched_phases=['phase-01', 'phase-04'] pending_phases=['phase-02', 'phase-03', 'phase-05'] completed_jobs=[] running_jobs=['parsec-barnes-2026-04-27-05h35m00s', 'parsec-blackscholes-2026-04-27-05h35m00s', 'parsec-streamcluster-2026-04-27-05h35m00s', 'parsec-vips-2026-04-27-05h35m00s']
2026-04-27T03:37:25.916797+00:00 Scheduler heartbeat: launched_phases=['phase-01', 'phase-04'] pending_phases=['phase-02', 'phase-03', 'phase-05'] completed_jobs=[] running_jobs=['parsec-barnes-2026-04-27-05h35m00s', 'parsec-blackscholes-2026-04-27-05h35m00s', 'parsec-streamcluster-2026-04-27-05h35m00s', 'parsec-vips-2026-04-27-05h35m00s']
2026-04-27T03:37:41.295624+00:00 Scheduler heartbeat: launched_phases=['phase-01', 'phase-04'] pending_phases=['phase-02', 'phase-03', 'phase-05'] completed_jobs=[] running_jobs=['parsec-barnes-2026-04-27-05h35m00s', 'parsec-blackscholes-2026-04-27-05h35m00s', 'parsec-streamcluster-2026-04-27-05h35m00s', 'parsec-vips-2026-04-27-05h35m00s']
2026-04-27T03:37:46.516356+00:00 Job completed: parsec-barnes-2026-04-27-05h35m00s
2026-04-27T03:37:56.944505+00:00 Scheduler heartbeat: launched_phases=['phase-01', 'phase-04'] pending_phases=['phase-02', 'phase-03', 'phase-05'] completed_jobs=['barnes'] running_jobs=['parsec-blackscholes-2026-04-27-05h35m00s', 'parsec-streamcluster-2026-04-27-05h35m00s', 'parsec-vips-2026-04-27-05h35m00s']
2026-04-27T03:38:00.902103+00:00 Job completed: parsec-blackscholes-2026-04-27-05h35m00s
2026-04-27T03:38:12.477551+00:00 Scheduler heartbeat: launched_phases=['phase-01', 'phase-04'] pending_phases=['phase-02', 'phase-03', 'phase-05'] completed_jobs=['barnes', 'blackscholes'] running_jobs=['parsec-streamcluster-2026-04-27-05h35m00s', 'parsec-vips-2026-04-27-05h35m00s']
2026-04-27T03:38:26.701410+00:00 Job completed: parsec-vips-2026-04-27-05h35m00s
2026-04-27T03:38:26.701730+00:00 Phase dependency satisfied for phase-05: blackscholes,barnes,vips
2026-04-27T03:38:26.701929+00:00 Launching phase phase-05: canneal
2026-04-27T03:38:28.611869+00:00 Scheduler heartbeat: launched_phases=['phase-01', 'phase-04', 'phase-05'] pending_phases=['phase-02', 'phase-03'] completed_jobs=['barnes', 'blackscholes', 'vips'] running_jobs=['parsec-canneal-2026-04-27-05h35m00s', 'parsec-streamcluster-2026-04-27-05h35m00s']
2026-04-27T03:38:41.464440+00:00 Job completed: parsec-streamcluster-2026-04-27-05h35m00s
2026-04-27T03:38:41.464728+00:00 Phase dependency satisfied for phase-02: streamcluster
2026-04-27T03:38:41.464863+00:00 Launching phase phase-02: freqmine
2026-04-27T03:38:44.835195+00:00 Scheduler heartbeat: launched_phases=['phase-01', 'phase-02', 'phase-04', 'phase-05'] pending_phases=['phase-03'] completed_jobs=['barnes', 'blackscholes', 'streamcluster', 'vips'] running_jobs=['parsec-canneal-2026-04-27-05h35m00s', 'parsec-freqmine-2026-04-27-05h35m00s']
2026-04-27T03:39:00.581967+00:00 Scheduler heartbeat: launched_phases=['phase-01', 'phase-02', 'phase-04', 'phase-05'] pending_phases=['phase-03'] completed_jobs=['barnes', 'blackscholes', 'streamcluster', 'vips'] running_jobs=['parsec-canneal-2026-04-27-05h35m00s', 'parsec-freqmine-2026-04-27-05h35m00s']
2026-04-27T03:39:16.113721+00:00 Scheduler heartbeat: launched_phases=['phase-01', 'phase-02', 'phase-04', 'phase-05'] pending_phases=['phase-03'] completed_jobs=['barnes', 'blackscholes', 'streamcluster', 'vips'] running_jobs=['parsec-canneal-2026-04-27-05h35m00s', 'parsec-freqmine-2026-04-27-05h35m00s']
2026-04-27T03:39:31.865465+00:00 Scheduler heartbeat: launched_phases=['phase-01', 'phase-02', 'phase-04', 'phase-05'] pending_phases=['phase-03'] completed_jobs=['barnes', 'blackscholes', 'streamcluster', 'vips'] running_jobs=['parsec-canneal-2026-04-27-05h35m00s', 'parsec-freqmine-2026-04-27-05h35m00s']
2026-04-27T03:39:43.572375+00:00 Job completed: parsec-canneal-2026-04-27-05h35m00s
2026-04-27T03:39:47.458753+00:00 Scheduler heartbeat: launched_phases=['phase-01', 'phase-02', 'phase-04', 'phase-05'] pending_phases=['phase-03'] completed_jobs=['barnes', 'blackscholes', 'canneal', 'streamcluster', 'vips'] running_jobs=['parsec-freqmine-2026-04-27-05h35m00s']
2026-04-27T03:40:02.956589+00:00 Scheduler heartbeat: launched_phases=['phase-01', 'phase-02', 'phase-04', 'phase-05'] pending_phases=['phase-03'] completed_jobs=['barnes', 'blackscholes', 'canneal', 'streamcluster', 'vips'] running_jobs=['parsec-freqmine-2026-04-27-05h35m00s']
2026-04-27T03:40:14.735813+00:00 Job completed: parsec-freqmine-2026-04-27-05h35m00s
2026-04-27T03:40:14.736188+00:00 Phase dependency satisfied for phase-03: freqmine
2026-04-27T03:40:14.736359+00:00 Launching phase phase-03: radix
2026-04-27T03:40:17.966933+00:00 Scheduler heartbeat: launched_phases=['phase-01', 'phase-02', 'phase-03', 'phase-04', 'phase-05'] pending_phases=[] completed_jobs=['barnes', 'blackscholes', 'canneal', 'freqmine', 'streamcluster', 'vips'] running_jobs=['parsec-radix-2026-04-27-05h35m00s']
2026-04-27T03:40:31.319081+00:00 Job completed: parsec-radix-2026-04-27-05h35m00s
2026-04-27T03:40:31.319351+00:00 All batch jobs completed; capturing results.json and stopping mcperf
2026-04-27T03:40:31.319459+00:00 Waiting briefly for final pod termination metadata
2026-04-27T03:40:31.941779+00:00 Stopping mcperf measurement wrapper on client-measure-6nt6 with SIGINT
2026-04-27T03:40:45.089031+00:00 mcperf is still running on client-measure-6nt6 after SIGINT; escalating to SIGTERM
2026-04-27T03:40:48.322074+00:00 Summarizing run from captured pod snapshot and mcperf output
2026-04-27T03:40:48.323898+00:00 Run completed with status pass makespan=246.0 max_p95_us=740.1
