2026-04-23T03:48:13.714978+00:00 Run directory prepared: /home/carti/ETH/Msc/CCA/risultatiPart3/Matte/automation/runs/part3-handcrafted/2026-04-23-05h48m13s
2026-04-23T03:48:13.715152+00:00 Rendered 8 manifests into /home/carti/ETH/Msc/CCA/risultatiPart3/Matte/automation/runs/part3-handcrafted/2026-04-23-05h48m13s/rendered_manifests
2026-04-23T03:48:13.715246+00:00 Cleaning previous managed workloads
2026-04-23T03:48:45.721231+00:00 Ensuring canonical node labels and checking client provisioning
2026-04-23T03:48:56.545793+00:00 Applying memcached manifest
2026-04-23T03:49:00.533936+00:00 Starting measurement against memcached IP 100.96.4.19
2026-04-23T03:49:00.871723+00:00 Waiting for mcperf measurement header
2026-04-23T03:49:06.027231+00:00 mcperf measurement header observed
2026-04-23T03:49:06.027456+00:00 mcperf measurement is live
2026-04-23T03:49:06.028036+00:00 Starting phase scheduler
2026-04-23T03:49:06.259152+00:00 Phase dependency satisfied for phase-01: start
2026-04-23T03:49:06.259393+00:00 Launching phase phase-01: streamcluster, blackscholes
2026-04-23T03:49:07.097057+00:00 Scheduler heartbeat: launched_phases=['phase-01'] pending_phases=['phase-02', 'phase-03', 'phase-04', 'phase-05'] completed_jobs=[] running_jobs=['parsec-blackscholes-2026-04-23-05h48m13s', 'parsec-streamcluster-2026-04-23-05h48m13s']
2026-04-23T03:49:23.061438+00:00 Scheduler heartbeat: launched_phases=['phase-01'] pending_phases=['phase-02', 'phase-03', 'phase-04', 'phase-05'] completed_jobs=[] running_jobs=['parsec-blackscholes-2026-04-23-05h48m13s', 'parsec-streamcluster-2026-04-23-05h48m13s']
2026-04-23T03:49:40.181093+00:00 Scheduler heartbeat: launched_phases=['phase-01'] pending_phases=['phase-02', 'phase-03', 'phase-04', 'phase-05'] completed_jobs=[] running_jobs=['parsec-blackscholes-2026-04-23-05h48m13s', 'parsec-streamcluster-2026-04-23-05h48m13s']
2026-04-23T03:49:56.118077+00:00 Scheduler heartbeat: launched_phases=['phase-01'] pending_phases=['phase-02', 'phase-03', 'phase-04', 'phase-05'] completed_jobs=[] running_jobs=['parsec-blackscholes-2026-04-23-05h48m13s', 'parsec-streamcluster-2026-04-23-05h48m13s']
2026-04-23T03:49:57.362038+00:00 Job completed: parsec-blackscholes-2026-04-23-05h48m13s
2026-04-23T03:49:57.362200+00:00 Phase dependency satisfied for phase-03: blackscholes
2026-04-23T03:49:57.362239+00:00 Launching phase phase-03: canneal
2026-04-23T03:50:12.808263+00:00 Scheduler heartbeat: launched_phases=['phase-01', 'phase-03'] pending_phases=['phase-02', 'phase-04', 'phase-05'] completed_jobs=['blackscholes'] running_jobs=['parsec-canneal-2026-04-23-05h48m13s', 'parsec-streamcluster-2026-04-23-05h48m13s']
2026-04-23T03:50:29.056913+00:00 Scheduler heartbeat: launched_phases=['phase-01', 'phase-03'] pending_phases=['phase-02', 'phase-04', 'phase-05'] completed_jobs=['blackscholes'] running_jobs=['parsec-canneal-2026-04-23-05h48m13s', 'parsec-streamcluster-2026-04-23-05h48m13s']
2026-04-23T03:50:46.380140+00:00 Scheduler heartbeat: launched_phases=['phase-01', 'phase-03'] pending_phases=['phase-02', 'phase-04', 'phase-05'] completed_jobs=['blackscholes'] running_jobs=['parsec-canneal-2026-04-23-05h48m13s', 'parsec-streamcluster-2026-04-23-05h48m13s']
2026-04-23T03:51:01.396491+00:00 Scheduler heartbeat: launched_phases=['phase-01', 'phase-03'] pending_phases=['phase-02', 'phase-04', 'phase-05'] completed_jobs=['blackscholes'] running_jobs=['parsec-canneal-2026-04-23-05h48m13s', 'parsec-streamcluster-2026-04-23-05h48m13s']
2026-04-23T03:51:12.673032+00:00 Job completed: parsec-streamcluster-2026-04-23-05h48m13s
2026-04-23T03:51:12.673270+00:00 Phase dependency satisfied for phase-02: streamcluster
2026-04-23T03:51:12.673368+00:00 Launching phase phase-02: freqmine
2026-04-23T03:51:18.253881+00:00 Scheduler heartbeat: launched_phases=['phase-01', 'phase-02', 'phase-03'] pending_phases=['phase-04', 'phase-05'] completed_jobs=['blackscholes', 'streamcluster'] running_jobs=['parsec-canneal-2026-04-23-05h48m13s', 'parsec-freqmine-2026-04-23-05h48m13s']
2026-04-23T03:51:33.267581+00:00 Scheduler heartbeat: launched_phases=['phase-01', 'phase-02', 'phase-03'] pending_phases=['phase-04', 'phase-05'] completed_jobs=['blackscholes', 'streamcluster'] running_jobs=['parsec-canneal-2026-04-23-05h48m13s', 'parsec-freqmine-2026-04-23-05h48m13s']
2026-04-23T03:51:49.739973+00:00 Scheduler heartbeat: launched_phases=['phase-01', 'phase-02', 'phase-03'] pending_phases=['phase-04', 'phase-05'] completed_jobs=['blackscholes', 'streamcluster'] running_jobs=['parsec-canneal-2026-04-23-05h48m13s', 'parsec-freqmine-2026-04-23-05h48m13s']
2026-04-23T03:51:57.249238+00:00 Job completed: parsec-canneal-2026-04-23-05h48m13s
2026-04-23T03:51:57.249394+00:00 Phase dependency satisfied for phase-05: canneal
2026-04-23T03:51:57.249428+00:00 Launching phase phase-05: vips
2026-04-23T03:52:05.270271+00:00 Scheduler heartbeat: launched_phases=['phase-01', 'phase-02', 'phase-03', 'phase-05'] pending_phases=['phase-04'] completed_jobs=['blackscholes', 'canneal', 'streamcluster'] running_jobs=['parsec-freqmine-2026-04-23-05h48m13s', 'parsec-vips-2026-04-23-05h48m13s']
2026-04-23T03:52:21.529285+00:00 Scheduler heartbeat: launched_phases=['phase-01', 'phase-02', 'phase-03', 'phase-05'] pending_phases=['phase-04'] completed_jobs=['blackscholes', 'canneal', 'streamcluster'] running_jobs=['parsec-freqmine-2026-04-23-05h48m13s', 'parsec-vips-2026-04-23-05h48m13s']
2026-04-23T03:52:27.758596+00:00 Job completed: parsec-freqmine-2026-04-23-05h48m13s
2026-04-23T03:52:27.758837+00:00 Phase dependency satisfied for phase-04: freqmine
2026-04-23T03:52:27.759017+00:00 Launching phase phase-04: barnes, radix
2026-04-23T03:52:37.207836+00:00 Scheduler heartbeat: launched_phases=['phase-01', 'phase-02', 'phase-03', 'phase-04', 'phase-05'] pending_phases=[] completed_jobs=['blackscholes', 'canneal', 'freqmine', 'streamcluster'] running_jobs=['parsec-barnes-2026-04-23-05h48m13s', 'parsec-radix-2026-04-23-05h48m13s', 'parsec-vips-2026-04-23-05h48m13s']
2026-04-23T03:52:44.638323+00:00 Job completed: parsec-radix-2026-04-23-05h48m13s
2026-04-23T03:52:54.481515+00:00 Scheduler heartbeat: launched_phases=['phase-01', 'phase-02', 'phase-03', 'phase-04', 'phase-05'] pending_phases=[] completed_jobs=['blackscholes', 'canneal', 'freqmine', 'radix', 'streamcluster'] running_jobs=['parsec-barnes-2026-04-23-05h48m13s', 'parsec-vips-2026-04-23-05h48m13s']
2026-04-23T03:53:08.110345+00:00 Job completed: parsec-barnes-2026-04-23-05h48m13s
2026-04-23T03:53:10.583059+00:00 Scheduler heartbeat: launched_phases=['phase-01', 'phase-02', 'phase-03', 'phase-04', 'phase-05'] pending_phases=[] completed_jobs=['barnes', 'blackscholes', 'canneal', 'freqmine', 'radix', 'streamcluster'] running_jobs=['parsec-vips-2026-04-23-05h48m13s']
2026-04-23T03:53:11.818976+00:00 Job completed: parsec-vips-2026-04-23-05h48m13s
2026-04-23T03:53:11.819273+00:00 All batch jobs completed; capturing results.json and stopping mcperf
2026-04-23T03:53:11.819586+00:00 Waiting briefly for final pod termination metadata
2026-04-23T03:53:12.344630+00:00 Stopping mcperf measurement wrapper on client-measure-svkw with SIGINT
2026-04-23T03:53:26.181950+00:00 mcperf is still running on client-measure-svkw after SIGINT; escalating to SIGTERM
2026-04-23T03:53:28.992541+00:00 Summarizing run from captured pod snapshot and mcperf output
2026-04-23T03:53:28.996664+00:00 Run completed with status pass makespan=240.0 max_p95_us=467.9
