2026-04-27T05:44:50.882355+00:00 Run directory prepared: /home/carti/ETH/Msc/CCA/risultatiPart3/Matte/automation/runs/part3-handcrafted/2026-04-27-07h44m50s
2026-04-27T05:44:50.882453+00:00 Rendered 8 manifests into /home/carti/ETH/Msc/CCA/risultatiPart3/Matte/automation/runs/part3-handcrafted/2026-04-27-07h44m50s/rendered_manifests
2026-04-27T05:44:50.882478+00:00 Cleaning previous managed workloads
2026-04-27T05:45:23.628366+00:00 Ensuring canonical node labels and checking client provisioning
2026-04-27T05:45:37.490188+00:00 Applying memcached manifest
2026-04-27T05:45:41.312797+00:00 Capturing benchmark node CPU platforms
2026-04-27T05:45:48.031754+00:00 Benchmark node CPU platform capture complete: node-a-8core=e2-standard-8/AMD Rome, node-b-4core=n2d-highcpu-4/AMD Milan
2026-04-27T05:45:48.034110+00:00 Restarting mcperf-agent.service on client-agent-a (client-agent-a-jjhj)
2026-04-27T05:45:55.920799+00:00 mcperf-agent.service active on client-agent-a (client-agent-a-jjhj)
2026-04-27T05:45:55.921099+00:00 Restarting mcperf-agent.service on client-agent-b (client-agent-b-988s)
2026-04-27T05:46:02.247549+00:00 mcperf-agent.service active on client-agent-b (client-agent-b-988s)
2026-04-27T05:46:02.247842+00:00 Starting measurement against memcached IP 100.96.6.156
2026-04-27T05:46:02.644722+00:00 Waiting for first mcperf measurement sample
2026-04-27T05:46:08.919357+00:00 mcperf measurement header observed
2026-04-27T05:46:21.074507+00:00 mcperf measurement is live
2026-04-27T05:46:21.074383+00:00 mcperf measurement sample observed
2026-04-27T05:46:21.074841+00:00 Starting phase scheduler
2026-04-27T05:46:21.354335+00:00 Phase dependency satisfied for phase-01: start
2026-04-27T05:46:21.354537+00:00 Phase dependency satisfied for phase-03: start
2026-04-27T05:46:21.354581+00:00 Phase dependency satisfied for phase-05: start
2026-04-27T05:46:21.354620+00:00 Launching phase phase-01: canneal
2026-04-27T05:46:21.783519+00:00 Launching phase phase-03: streamcluster
2026-04-27T05:46:22.182400+00:00 Launching phase phase-05: freqmine
2026-04-27T05:46:22.913408+00:00 Scheduler heartbeat: launched_phases=['phase-01', 'phase-03', 'phase-05'] pending_phases=['phase-02', 'phase-04', 'phase-06', 'phase-07'] completed_jobs=[] running_jobs=['parsec-canneal-2026-04-27-07h44m50s', 'parsec-freqmine-2026-04-27-07h44m50s', 'parsec-streamcluster-2026-04-27-07h44m50s']
2026-04-27T05:46:38.709331+00:00 Scheduler heartbeat: launched_phases=['phase-01', 'phase-03', 'phase-05'] pending_phases=['phase-02', 'phase-04', 'phase-06', 'phase-07'] completed_jobs=[] running_jobs=['parsec-canneal-2026-04-27-07h44m50s', 'parsec-freqmine-2026-04-27-07h44m50s', 'parsec-streamcluster-2026-04-27-07h44m50s']
2026-04-27T05:46:54.993886+00:00 Scheduler heartbeat: launched_phases=['phase-01', 'phase-03', 'phase-05'] pending_phases=['phase-02', 'phase-04', 'phase-06', 'phase-07'] completed_jobs=[] running_jobs=['parsec-canneal-2026-04-27-07h44m50s', 'parsec-freqmine-2026-04-27-07h44m50s', 'parsec-streamcluster-2026-04-27-07h44m50s']
2026-04-27T05:47:10.532754+00:00 Scheduler heartbeat: launched_phases=['phase-01', 'phase-03', 'phase-05'] pending_phases=['phase-02', 'phase-04', 'phase-06', 'phase-07'] completed_jobs=[] running_jobs=['parsec-canneal-2026-04-27-07h44m50s', 'parsec-freqmine-2026-04-27-07h44m50s', 'parsec-streamcluster-2026-04-27-07h44m50s']
2026-04-27T05:47:26.979196+00:00 Scheduler heartbeat: launched_phases=['phase-01', 'phase-03', 'phase-05'] pending_phases=['phase-02', 'phase-04', 'phase-06', 'phase-07'] completed_jobs=[] running_jobs=['parsec-canneal-2026-04-27-07h44m50s', 'parsec-freqmine-2026-04-27-07h44m50s', 'parsec-streamcluster-2026-04-27-07h44m50s']
2026-04-27T05:47:42.865491+00:00 Scheduler heartbeat: launched_phases=['phase-01', 'phase-03', 'phase-05'] pending_phases=['phase-02', 'phase-04', 'phase-06', 'phase-07'] completed_jobs=[] running_jobs=['parsec-canneal-2026-04-27-07h44m50s', 'parsec-freqmine-2026-04-27-07h44m50s', 'parsec-streamcluster-2026-04-27-07h44m50s']
2026-04-27T05:47:59.658801+00:00 Scheduler heartbeat: launched_phases=['phase-01', 'phase-03', 'phase-05'] pending_phases=['phase-02', 'phase-04', 'phase-06', 'phase-07'] completed_jobs=[] running_jobs=['parsec-canneal-2026-04-27-07h44m50s', 'parsec-freqmine-2026-04-27-07h44m50s', 'parsec-streamcluster-2026-04-27-07h44m50s']
2026-04-27T05:48:14.666434+00:00 Scheduler heartbeat: launched_phases=['phase-01', 'phase-03', 'phase-05'] pending_phases=['phase-02', 'phase-04', 'phase-06', 'phase-07'] completed_jobs=[] running_jobs=['parsec-canneal-2026-04-27-07h44m50s', 'parsec-freqmine-2026-04-27-07h44m50s', 'parsec-streamcluster-2026-04-27-07h44m50s']
2026-04-27T05:48:17.358645+00:00 Job completed: parsec-canneal-2026-04-27-07h44m50s
2026-04-27T05:48:17.358950+00:00 Phase dependency satisfied for phase-02: canneal
2026-04-27T05:48:17.359127+00:00 Launching phase phase-02: barnes
2026-04-27T05:48:20.864283+00:00 Job completed: parsec-freqmine-2026-04-27-07h44m50s
2026-04-27T05:48:20.864602+00:00 Phase dependency satisfied for phase-06: freqmine
2026-04-27T05:48:20.864801+00:00 Launching phase phase-06: vips
2026-04-27T05:48:30.914918+00:00 Scheduler heartbeat: launched_phases=['phase-01', 'phase-02', 'phase-03', 'phase-05', 'phase-06'] pending_phases=['phase-04', 'phase-07'] completed_jobs=['canneal', 'freqmine'] running_jobs=['parsec-barnes-2026-04-27-07h44m50s', 'parsec-streamcluster-2026-04-27-07h44m50s', 'parsec-vips-2026-04-27-07h44m50s']
2026-04-27T05:48:47.209509+00:00 Scheduler heartbeat: launched_phases=['phase-01', 'phase-02', 'phase-03', 'phase-05', 'phase-06'] pending_phases=['phase-04', 'phase-07'] completed_jobs=['canneal', 'freqmine'] running_jobs=['parsec-barnes-2026-04-27-07h44m50s', 'parsec-streamcluster-2026-04-27-07h44m50s', 'parsec-vips-2026-04-27-07h44m50s']
2026-04-27T05:49:00.168816+00:00 Job completed: parsec-vips-2026-04-27-07h44m50s
2026-04-27T05:49:00.169123+00:00 Phase dependency satisfied for phase-07: vips
2026-04-27T05:49:00.169253+00:00 Launching phase phase-07: blackscholes
2026-04-27T05:49:03.385992+00:00 Scheduler heartbeat: launched_phases=['phase-01', 'phase-02', 'phase-03', 'phase-05', 'phase-06', 'phase-07'] pending_phases=['phase-04'] completed_jobs=['canneal', 'freqmine', 'vips'] running_jobs=['parsec-barnes-2026-04-27-07h44m50s', 'parsec-blackscholes-2026-04-27-07h44m50s', 'parsec-streamcluster-2026-04-27-07h44m50s']
2026-04-27T05:49:19.541802+00:00 Scheduler heartbeat: launched_phases=['phase-01', 'phase-02', 'phase-03', 'phase-05', 'phase-06', 'phase-07'] pending_phases=['phase-04'] completed_jobs=['canneal', 'freqmine', 'vips'] running_jobs=['parsec-barnes-2026-04-27-07h44m50s', 'parsec-blackscholes-2026-04-27-07h44m50s', 'parsec-streamcluster-2026-04-27-07h44m50s']
2026-04-27T05:49:24.665251+00:00 Job completed: parsec-barnes-2026-04-27-07h44m50s
2026-04-27T05:49:34.928274+00:00 Scheduler heartbeat: launched_phases=['phase-01', 'phase-02', 'phase-03', 'phase-05', 'phase-06', 'phase-07'] pending_phases=['phase-04'] completed_jobs=['barnes', 'canneal', 'freqmine', 'vips'] running_jobs=['parsec-blackscholes-2026-04-27-07h44m50s', 'parsec-streamcluster-2026-04-27-07h44m50s']
2026-04-27T05:49:51.024356+00:00 Scheduler heartbeat: launched_phases=['phase-01', 'phase-02', 'phase-03', 'phase-05', 'phase-06', 'phase-07'] pending_phases=['phase-04'] completed_jobs=['barnes', 'canneal', 'freqmine', 'vips'] running_jobs=['parsec-blackscholes-2026-04-27-07h44m50s', 'parsec-streamcluster-2026-04-27-07h44m50s']
2026-04-27T05:49:54.880715+00:00 Job completed: parsec-blackscholes-2026-04-27-07h44m50s
2026-04-27T05:49:54.880946+00:00 Phase dependency satisfied for phase-04: blackscholes
2026-04-27T05:49:54.880989+00:00 Launching phase phase-04: radix
2026-04-27T05:49:58.049734+00:00 Job completed: parsec-streamcluster-2026-04-27-07h44m50s
2026-04-27T05:50:06.942112+00:00 Scheduler heartbeat: launched_phases=['phase-01', 'phase-02', 'phase-03', 'phase-04', 'phase-05', 'phase-06', 'phase-07'] pending_phases=[] completed_jobs=['barnes', 'blackscholes', 'canneal', 'freqmine', 'streamcluster', 'vips'] running_jobs=['parsec-radix-2026-04-27-07h44m50s']
2026-04-27T05:50:09.510348+00:00 Job completed: parsec-radix-2026-04-27-07h44m50s
2026-04-27T05:50:09.510766+00:00 All batch jobs completed; capturing results.json and stopping mcperf
2026-04-27T05:50:09.510932+00:00 Waiting briefly for final pod termination metadata
2026-04-27T05:50:10.107842+00:00 Stopping mcperf measurement wrapper on client-measure-6nt6 with SIGINT
2026-04-27T05:50:24.165043+00:00 mcperf is still running on client-measure-6nt6 after SIGINT; escalating to SIGTERM
2026-04-27T05:50:27.457900+00:00 Summarizing run from captured pod snapshot and mcperf output
2026-04-27T05:50:27.459603+00:00 Run completed with status pass makespan=224.0 max_p95_us=381.6
2026-04-27T05:50:27.559707+00:00 Runtime stats refreshed: /home/carti/ETH/Msc/CCA/risultatiPart3/Matte/automation/runs/runtime_stats.json samples=245 eligible_runs=35
