2026-04-27T03:29:31.878591+00:00 Run directory prepared: /home/carti/ETH/Msc/CCA/risultatiPart3/Matte/automation/runs/part3-handcrafted/2026-04-27-05h29m31s
2026-04-27T03:29:31.878822+00:00 Rendered 8 manifests into /home/carti/ETH/Msc/CCA/risultatiPart3/Matte/automation/runs/part3-handcrafted/2026-04-27-05h29m31s/rendered_manifests
2026-04-27T03:29:31.878879+00:00 Cleaning previous managed workloads
2026-04-27T03:30:04.093058+00:00 Ensuring canonical node labels and checking client provisioning
2026-04-27T03:30:14.921152+00:00 Applying memcached manifest
2026-04-27T03:30:18.678097+00:00 Capturing benchmark node CPU platforms
2026-04-27T03:30:22.741190+00:00 Benchmark node CPU platform capture complete: node-a-8core=e2-standard-8/AMD Rome, node-b-4core=n2d-highcpu-4/AMD Milan
2026-04-27T03:30:22.741817+00:00 Restarting mcperf-agent.service on client-agent-a (client-agent-a-jjhj)
2026-04-27T03:30:28.530206+00:00 mcperf-agent.service active on client-agent-a (client-agent-a-jjhj)
2026-04-27T03:30:28.530513+00:00 Restarting mcperf-agent.service on client-agent-b (client-agent-b-988s)
2026-04-27T03:30:34.621780+00:00 mcperf-agent.service active on client-agent-b (client-agent-b-988s)
2026-04-27T03:30:34.622070+00:00 Starting measurement against memcached IP 100.96.5.79
2026-04-27T03:30:35.031187+00:00 Waiting for first mcperf measurement sample
2026-04-27T03:30:41.210493+00:00 mcperf measurement header observed
2026-04-27T03:30:53.014797+00:00 mcperf measurement sample observed
2026-04-27T03:30:53.014902+00:00 mcperf measurement is live
2026-04-27T03:30:53.015291+00:00 Starting phase scheduler
2026-04-27T03:30:53.299393+00:00 Phase dependency satisfied for phase-01: start
2026-04-27T03:30:53.299703+00:00 Phase dependency satisfied for phase-03: start
2026-04-27T03:30:53.299832+00:00 Launching phase phase-01: radix, freqmine
2026-04-27T03:30:54.097171+00:00 Launching phase phase-03: canneal, barnes, vips
2026-04-27T03:30:55.579182+00:00 Scheduler heartbeat: launched_phases=['phase-01', 'phase-03'] pending_phases=['phase-02', 'phase-04'] completed_jobs=[] running_jobs=['parsec-barnes-2026-04-27-05h29m31s', 'parsec-canneal-2026-04-27-05h29m31s', 'parsec-freqmine-2026-04-27-05h29m31s', 'parsec-radix-2026-04-27-05h29m31s', 'parsec-vips-2026-04-27-05h29m31s']
2026-04-27T03:31:11.425078+00:00 Scheduler heartbeat: launched_phases=['phase-01', 'phase-03'] pending_phases=['phase-02', 'phase-04'] completed_jobs=[] running_jobs=['parsec-barnes-2026-04-27-05h29m31s', 'parsec-canneal-2026-04-27-05h29m31s', 'parsec-freqmine-2026-04-27-05h29m31s', 'parsec-radix-2026-04-27-05h29m31s', 'parsec-vips-2026-04-27-05h29m31s']
2026-04-27T03:31:26.957754+00:00 Scheduler heartbeat: launched_phases=['phase-01', 'phase-03'] pending_phases=['phase-02', 'phase-04'] completed_jobs=[] running_jobs=['parsec-barnes-2026-04-27-05h29m31s', 'parsec-canneal-2026-04-27-05h29m31s', 'parsec-freqmine-2026-04-27-05h29m31s', 'parsec-radix-2026-04-27-05h29m31s', 'parsec-vips-2026-04-27-05h29m31s']
2026-04-27T03:31:39.875081+00:00 Job completed: parsec-radix-2026-04-27-05h29m31s
2026-04-27T03:31:42.429480+00:00 Scheduler heartbeat: launched_phases=['phase-01', 'phase-03'] pending_phases=['phase-02', 'phase-04'] completed_jobs=['radix'] running_jobs=['parsec-barnes-2026-04-27-05h29m31s', 'parsec-canneal-2026-04-27-05h29m31s', 'parsec-freqmine-2026-04-27-05h29m31s', 'parsec-vips-2026-04-27-05h29m31s']
2026-04-27T03:31:57.841546+00:00 Scheduler heartbeat: launched_phases=['phase-01', 'phase-03'] pending_phases=['phase-02', 'phase-04'] completed_jobs=['radix'] running_jobs=['parsec-barnes-2026-04-27-05h29m31s', 'parsec-canneal-2026-04-27-05h29m31s', 'parsec-freqmine-2026-04-27-05h29m31s', 'parsec-vips-2026-04-27-05h29m31s']
2026-04-27T03:32:13.203587+00:00 Scheduler heartbeat: launched_phases=['phase-01', 'phase-03'] pending_phases=['phase-02', 'phase-04'] completed_jobs=['radix'] running_jobs=['parsec-barnes-2026-04-27-05h29m31s', 'parsec-canneal-2026-04-27-05h29m31s', 'parsec-freqmine-2026-04-27-05h29m31s', 'parsec-vips-2026-04-27-05h29m31s']
2026-04-27T03:32:28.525067+00:00 Scheduler heartbeat: launched_phases=['phase-01', 'phase-03'] pending_phases=['phase-02', 'phase-04'] completed_jobs=['radix'] running_jobs=['parsec-barnes-2026-04-27-05h29m31s', 'parsec-canneal-2026-04-27-05h29m31s', 'parsec-freqmine-2026-04-27-05h29m31s', 'parsec-vips-2026-04-27-05h29m31s']
2026-04-27T03:32:32.349166+00:00 Job completed: parsec-freqmine-2026-04-27-05h29m31s
2026-04-27T03:32:32.349507+00:00 Phase dependency satisfied for phase-02: freqmine
2026-04-27T03:32:32.349662+00:00 Launching phase phase-02: streamcluster
2026-04-27T03:32:44.896286+00:00 Scheduler heartbeat: launched_phases=['phase-01', 'phase-02', 'phase-03'] pending_phases=['phase-04'] completed_jobs=['freqmine', 'radix'] running_jobs=['parsec-barnes-2026-04-27-05h29m31s', 'parsec-canneal-2026-04-27-05h29m31s', 'parsec-streamcluster-2026-04-27-05h29m31s', 'parsec-vips-2026-04-27-05h29m31s']
2026-04-27T03:32:58.174355+00:00 Job completed: parsec-canneal-2026-04-27-05h29m31s
2026-04-27T03:33:00.756964+00:00 Job completed: parsec-vips-2026-04-27-05h29m31s
2026-04-27T03:33:00.757255+00:00 Scheduler heartbeat: launched_phases=['phase-01', 'phase-02', 'phase-03'] pending_phases=['phase-04'] completed_jobs=['canneal', 'freqmine', 'radix', 'vips'] running_jobs=['parsec-barnes-2026-04-27-05h29m31s', 'parsec-streamcluster-2026-04-27-05h29m31s']
2026-04-27T03:33:13.781778+00:00 Job completed: parsec-barnes-2026-04-27-05h29m31s
2026-04-27T03:33:13.782120+00:00 Phase dependency satisfied for phase-04: barnes
2026-04-27T03:33:13.782175+00:00 Launching phase phase-04: blackscholes
2026-04-27T03:33:16.032290+00:00 Scheduler heartbeat: launched_phases=['phase-01', 'phase-02', 'phase-03', 'phase-04'] pending_phases=[] completed_jobs=['barnes', 'canneal', 'freqmine', 'radix', 'vips'] running_jobs=['parsec-blackscholes-2026-04-27-05h29m31s', 'parsec-streamcluster-2026-04-27-05h29m31s']
2026-04-27T03:33:31.462305+00:00 Scheduler heartbeat: launched_phases=['phase-01', 'phase-02', 'phase-03', 'phase-04'] pending_phases=[] completed_jobs=['barnes', 'canneal', 'freqmine', 'radix', 'vips'] running_jobs=['parsec-blackscholes-2026-04-27-05h29m31s', 'parsec-streamcluster-2026-04-27-05h29m31s']
2026-04-27T03:33:47.033242+00:00 Scheduler heartbeat: launched_phases=['phase-01', 'phase-02', 'phase-03', 'phase-04'] pending_phases=[] completed_jobs=['barnes', 'canneal', 'freqmine', 'radix', 'vips'] running_jobs=['parsec-blackscholes-2026-04-27-05h29m31s', 'parsec-streamcluster-2026-04-27-05h29m31s']
2026-04-27T03:34:02.841481+00:00 Scheduler heartbeat: launched_phases=['phase-01', 'phase-02', 'phase-03', 'phase-04'] pending_phases=[] completed_jobs=['barnes', 'canneal', 'freqmine', 'radix', 'vips'] running_jobs=['parsec-blackscholes-2026-04-27-05h29m31s', 'parsec-streamcluster-2026-04-27-05h29m31s']
2026-04-27T03:34:09.212002+00:00 Job completed: parsec-blackscholes-2026-04-27-05h29m31s
2026-04-27T03:34:18.508717+00:00 Scheduler heartbeat: launched_phases=['phase-01', 'phase-02', 'phase-03', 'phase-04'] pending_phases=[] completed_jobs=['barnes', 'blackscholes', 'canneal', 'freqmine', 'radix', 'vips'] running_jobs=['parsec-streamcluster-2026-04-27-05h29m31s']
2026-04-27T03:34:34.264935+00:00 Scheduler heartbeat: launched_phases=['phase-01', 'phase-02', 'phase-03', 'phase-04'] pending_phases=[] completed_jobs=['barnes', 'blackscholes', 'canneal', 'freqmine', 'radix', 'vips'] running_jobs=['parsec-streamcluster-2026-04-27-05h29m31s']
2026-04-27T03:34:43.208449+00:00 Job completed: parsec-streamcluster-2026-04-27-05h29m31s
2026-04-27T03:34:43.208789+00:00 All batch jobs completed; capturing results.json and stopping mcperf
2026-04-27T03:34:43.208944+00:00 Waiting briefly for final pod termination metadata
2026-04-27T03:34:43.881131+00:00 Stopping mcperf measurement wrapper on client-measure-6nt6 with SIGINT
2026-04-27T03:34:57.207549+00:00 mcperf is still running on client-measure-6nt6 after SIGINT; escalating to SIGTERM
2026-04-27T03:35:00.565404+00:00 Summarizing run from captured pod snapshot and mcperf output
2026-04-27T03:35:00.566956+00:00 Run completed with status pass makespan=224.0 max_p95_us=522.0
