2026-04-23T01:51:12.477880+00:00 Run directory prepared: /home/carti/ETH/Msc/CCA/risultatiPart3/Matte/automation/runs/part3-handcrafted/20260423t015112z
2026-04-23T01:51:12.477986+00:00 Rendered 8 manifests into /home/carti/ETH/Msc/CCA/risultatiPart3/Matte/automation/runs/part3-handcrafted/20260423t015112z/rendered_manifests
2026-04-23T01:51:12.478007+00:00 Cleaning previous managed workloads
2026-04-23T01:51:13.379530+00:00 Ensuring canonical node labels and checking client provisioning
2026-04-23T01:51:24.534528+00:00 Applying memcached manifest
2026-04-23T01:51:34.050428+00:00 Starting measurement against memcached IP 100.96.4.2
2026-04-23T01:51:34.372065+00:00 Waiting for mcperf measurement header
2026-04-23T01:51:40.053569+00:00 mcperf measurement is live
2026-04-23T01:51:40.053726+00:00 Starting phase scheduler
2026-04-23T01:51:40.053496+00:00 mcperf measurement header observed
2026-04-23T01:51:40.306685+00:00 Phase dependency satisfied for phase-01: start
2026-04-23T01:51:40.307018+00:00 Phase dependency satisfied for phase-06: start
2026-04-23T01:51:40.307188+00:00 Launching phase phase-01: streamcluster
2026-04-23T01:51:40.780023+00:00 Launching phase phase-06: blackscholes
2026-04-23T01:51:41.401325+00:00 Scheduler heartbeat: launched_phases=['phase-01', 'phase-06'] pending_phases=['phase-02', 'phase-03', 'phase-04', 'phase-05', 'phase-07'] completed_jobs=[] running_jobs=['parsec-blackscholes-20260423t015112z', 'parsec-streamcluster-20260423t015112z']
2026-04-23T01:51:58.446082+00:00 Scheduler heartbeat: launched_phases=['phase-01', 'phase-06'] pending_phases=['phase-02', 'phase-03', 'phase-04', 'phase-05', 'phase-07'] completed_jobs=[] running_jobs=['parsec-blackscholes-20260423t015112z', 'parsec-streamcluster-20260423t015112z']
2026-04-23T01:52:14.351956+00:00 Scheduler heartbeat: launched_phases=['phase-01', 'phase-06'] pending_phases=['phase-02', 'phase-03', 'phase-04', 'phase-05', 'phase-07'] completed_jobs=[] running_jobs=['parsec-blackscholes-20260423t015112z', 'parsec-streamcluster-20260423t015112z']
2026-04-23T01:52:30.287912+00:00 Scheduler heartbeat: launched_phases=['phase-01', 'phase-06'] pending_phases=['phase-02', 'phase-03', 'phase-04', 'phase-05', 'phase-07'] completed_jobs=[] running_jobs=['parsec-blackscholes-20260423t015112z', 'parsec-streamcluster-20260423t015112z']
2026-04-23T01:52:45.123155+00:00 Job completed: parsec-blackscholes-20260423t015112z
2026-04-23T01:52:45.123325+00:00 Phase dependency satisfied for phase-07: blackscholes
2026-04-23T01:52:45.123464+00:00 Launching phase phase-07: canneal
2026-04-23T01:52:45.637969+00:00 Scheduler heartbeat: launched_phases=['phase-01', 'phase-06', 'phase-07'] pending_phases=['phase-02', 'phase-03', 'phase-04', 'phase-05'] completed_jobs=['blackscholes'] running_jobs=['parsec-canneal-20260423t015112z', 'parsec-streamcluster-20260423t015112z']
2026-04-23T01:53:02.795618+00:00 Scheduler heartbeat: launched_phases=['phase-01', 'phase-06', 'phase-07'] pending_phases=['phase-02', 'phase-03', 'phase-04', 'phase-05'] completed_jobs=['blackscholes'] running_jobs=['parsec-canneal-20260423t015112z', 'parsec-streamcluster-20260423t015112z']
2026-04-23T01:53:18.867639+00:00 Scheduler heartbeat: launched_phases=['phase-01', 'phase-06', 'phase-07'] pending_phases=['phase-02', 'phase-03', 'phase-04', 'phase-05'] completed_jobs=['blackscholes'] running_jobs=['parsec-canneal-20260423t015112z', 'parsec-streamcluster-20260423t015112z']
2026-04-23T01:53:35.811198+00:00 Job completed: parsec-streamcluster-20260423t015112z
2026-04-23T01:53:35.811521+00:00 Phase dependency satisfied for phase-02: streamcluster
2026-04-23T01:53:35.811638+00:00 Launching phase phase-02: freqmine
2026-04-23T01:53:36.328185+00:00 Scheduler heartbeat: launched_phases=['phase-01', 'phase-02', 'phase-06', 'phase-07'] pending_phases=['phase-03', 'phase-04', 'phase-05'] completed_jobs=['blackscholes', 'streamcluster'] running_jobs=['parsec-canneal-20260423t015112z', 'parsec-freqmine-20260423t015112z']
2026-04-23T01:53:52.557486+00:00 Scheduler heartbeat: launched_phases=['phase-01', 'phase-02', 'phase-06', 'phase-07'] pending_phases=['phase-03', 'phase-04', 'phase-05'] completed_jobs=['blackscholes', 'streamcluster'] running_jobs=['parsec-canneal-20260423t015112z', 'parsec-freqmine-20260423t015112z']
2026-04-23T01:54:08.611667+00:00 Scheduler heartbeat: launched_phases=['phase-01', 'phase-02', 'phase-06', 'phase-07'] pending_phases=['phase-03', 'phase-04', 'phase-05'] completed_jobs=['blackscholes', 'streamcluster'] running_jobs=['parsec-canneal-20260423t015112z', 'parsec-freqmine-20260423t015112z']
2026-04-23T01:54:23.817888+00:00 Scheduler heartbeat: launched_phases=['phase-01', 'phase-02', 'phase-06', 'phase-07'] pending_phases=['phase-03', 'phase-04', 'phase-05'] completed_jobs=['blackscholes', 'streamcluster'] running_jobs=['parsec-canneal-20260423t015112z', 'parsec-freqmine-20260423t015112z']
2026-04-23T01:54:39.804821+00:00 Scheduler heartbeat: launched_phases=['phase-01', 'phase-02', 'phase-06', 'phase-07'] pending_phases=['phase-03', 'phase-04', 'phase-05'] completed_jobs=['blackscholes', 'streamcluster'] running_jobs=['parsec-canneal-20260423t015112z', 'parsec-freqmine-20260423t015112z']
2026-04-23T01:54:47.182367+00:00 Job completed: parsec-canneal-20260423t015112z
2026-04-23T01:54:54.692335+00:00 Job completed: parsec-freqmine-20260423t015112z
2026-04-23T01:54:54.692573+00:00 Phase dependency satisfied for phase-03: freqmine
2026-04-23T01:54:54.692666+00:00 Launching phase phase-03: barnes
2026-04-23T01:54:55.244438+00:00 Scheduler heartbeat: launched_phases=['phase-01', 'phase-02', 'phase-03', 'phase-06', 'phase-07'] pending_phases=['phase-04', 'phase-05'] completed_jobs=['blackscholes', 'canneal', 'freqmine', 'streamcluster'] running_jobs=['parsec-barnes-20260423t015112z']
2026-04-23T01:55:10.322131+00:00 Scheduler heartbeat: launched_phases=['phase-01', 'phase-02', 'phase-03', 'phase-06', 'phase-07'] pending_phases=['phase-04', 'phase-05'] completed_jobs=['blackscholes', 'canneal', 'freqmine', 'streamcluster'] running_jobs=['parsec-barnes-20260423t015112z']
2026-04-23T01:55:23.653385+00:00 Job completed: parsec-barnes-20260423t015112z
2026-04-23T01:55:23.653633+00:00 Phase dependency satisfied for phase-04: barnes
2026-04-23T01:55:23.653730+00:00 Launching phase phase-04: vips
2026-04-23T01:55:26.685773+00:00 Scheduler heartbeat: launched_phases=['phase-01', 'phase-02', 'phase-03', 'phase-04', 'phase-06', 'phase-07'] pending_phases=['phase-05'] completed_jobs=['barnes', 'blackscholes', 'canneal', 'freqmine', 'streamcluster'] running_jobs=['parsec-vips-20260423t015112z']
2026-04-23T01:55:42.824712+00:00 Scheduler heartbeat: launched_phases=['phase-01', 'phase-02', 'phase-03', 'phase-04', 'phase-06', 'phase-07'] pending_phases=['phase-05'] completed_jobs=['barnes', 'blackscholes', 'canneal', 'freqmine', 'streamcluster'] running_jobs=['parsec-vips-20260423t015112z']
2026-04-23T01:55:58.689990+00:00 Scheduler heartbeat: launched_phases=['phase-01', 'phase-02', 'phase-03', 'phase-04', 'phase-06', 'phase-07'] pending_phases=['phase-05'] completed_jobs=['barnes', 'blackscholes', 'canneal', 'freqmine', 'streamcluster'] running_jobs=['parsec-vips-20260423t015112z']
2026-04-23T01:56:14.969240+00:00 Scheduler heartbeat: launched_phases=['phase-01', 'phase-02', 'phase-03', 'phase-04', 'phase-06', 'phase-07'] pending_phases=['phase-05'] completed_jobs=['barnes', 'blackscholes', 'canneal', 'freqmine', 'streamcluster'] running_jobs=['parsec-vips-20260423t015112z']
2026-04-23T01:56:31.328748+00:00 Scheduler heartbeat: launched_phases=['phase-01', 'phase-02', 'phase-03', 'phase-04', 'phase-06', 'phase-07'] pending_phases=['phase-05'] completed_jobs=['barnes', 'blackscholes', 'canneal', 'freqmine', 'streamcluster'] running_jobs=['parsec-vips-20260423t015112z']
2026-04-23T01:56:45.290255+00:00 Job completed: parsec-vips-20260423t015112z
2026-04-23T01:56:45.290428+00:00 Phase dependency satisfied for phase-05: vips
2026-04-23T01:56:45.290528+00:00 Launching phase phase-05: radix
2026-04-23T01:56:47.174256+00:00 Scheduler heartbeat: launched_phases=['phase-01', 'phase-02', 'phase-03', 'phase-04', 'phase-05', 'phase-06', 'phase-07'] pending_phases=[] completed_jobs=['barnes', 'blackscholes', 'canneal', 'freqmine', 'streamcluster', 'vips'] running_jobs=['parsec-radix-20260423t015112z']
2026-04-23T01:56:58.047153+00:00 Job completed: parsec-radix-20260423t015112z
2026-04-23T01:56:58.047347+00:00 All phases launched; waiting for mcperf to finish
