2026-04-27T05:02:33.466382+00:00 Run directory prepared: /home/carti/ETH/Msc/CCA/risultatiPart3/Matte/automation/runs/part3-handcrafted/2026-04-27-07h02m33s
2026-04-27T05:02:33.466872+00:00 Rendered 8 manifests into /home/carti/ETH/Msc/CCA/risultatiPart3/Matte/automation/runs/part3-handcrafted/2026-04-27-07h02m33s/rendered_manifests
2026-04-27T05:02:33.466974+00:00 Cleaning previous managed workloads
2026-04-27T05:03:05.924433+00:00 Ensuring canonical node labels and checking client provisioning
2026-04-27T05:03:17.991962+00:00 Applying memcached manifest
2026-04-27T05:03:21.657108+00:00 Capturing benchmark node CPU platforms
2026-04-27T05:03:25.961862+00:00 Benchmark node CPU platform capture complete: node-a-8core=e2-standard-8/AMD Rome, node-b-4core=n2d-highcpu-4/AMD Milan
2026-04-27T05:03:25.962986+00:00 Restarting mcperf-agent.service on client-agent-a (client-agent-a-jjhj)
2026-04-27T05:03:33.184961+00:00 mcperf-agent.service active on client-agent-a (client-agent-a-jjhj)
2026-04-27T05:03:33.185227+00:00 Restarting mcperf-agent.service on client-agent-b (client-agent-b-988s)
2026-04-27T05:03:39.896472+00:00 mcperf-agent.service active on client-agent-b (client-agent-b-988s)
2026-04-27T05:03:39.896722+00:00 Starting measurement against memcached IP 100.96.6.124
2026-04-27T05:03:40.356373+00:00 Waiting for first mcperf measurement sample
2026-04-27T05:03:46.611323+00:00 mcperf measurement header observed
2026-04-27T05:03:58.066321+00:00 mcperf measurement sample observed
2026-04-27T05:03:58.066429+00:00 mcperf measurement is live
2026-04-27T05:03:58.066883+00:00 Starting phase scheduler
2026-04-27T05:03:58.335568+00:00 Phase dependency satisfied for phase-01: start
2026-04-27T05:03:58.335777+00:00 Phase dependency satisfied for phase-04: start
2026-04-27T05:03:58.335825+00:00 Phase dependency satisfied for phase-06: start
2026-04-27T05:03:58.335863+00:00 Launching phase phase-01: canneal
2026-04-27T05:03:58.678371+00:00 Launching phase phase-04: streamcluster
2026-04-27T05:03:59.013582+00:00 Launching phase phase-06: freqmine
2026-04-27T05:03:59.624172+00:00 Scheduler heartbeat: launched_phases=['phase-01', 'phase-04', 'phase-06'] pending_phases=['phase-02', 'phase-03', 'phase-05', 'phase-07'] completed_jobs=[] running_jobs=['parsec-canneal-2026-04-27-07h02m33s', 'parsec-freqmine-2026-04-27-07h02m33s', 'parsec-streamcluster-2026-04-27-07h02m33s']
2026-04-27T05:04:15.727054+00:00 Scheduler heartbeat: launched_phases=['phase-01', 'phase-04', 'phase-06'] pending_phases=['phase-02', 'phase-03', 'phase-05', 'phase-07'] completed_jobs=[] running_jobs=['parsec-canneal-2026-04-27-07h02m33s', 'parsec-freqmine-2026-04-27-07h02m33s', 'parsec-streamcluster-2026-04-27-07h02m33s']
2026-04-27T05:04:31.462194+00:00 Scheduler heartbeat: launched_phases=['phase-01', 'phase-04', 'phase-06'] pending_phases=['phase-02', 'phase-03', 'phase-05', 'phase-07'] completed_jobs=[] running_jobs=['parsec-canneal-2026-04-27-07h02m33s', 'parsec-freqmine-2026-04-27-07h02m33s', 'parsec-streamcluster-2026-04-27-07h02m33s']
2026-04-27T05:04:47.680072+00:00 Scheduler heartbeat: launched_phases=['phase-01', 'phase-04', 'phase-06'] pending_phases=['phase-02', 'phase-03', 'phase-05', 'phase-07'] completed_jobs=[] running_jobs=['parsec-canneal-2026-04-27-07h02m33s', 'parsec-freqmine-2026-04-27-07h02m33s', 'parsec-streamcluster-2026-04-27-07h02m33s']
2026-04-27T05:05:03.023138+00:00 Scheduler heartbeat: launched_phases=['phase-01', 'phase-04', 'phase-06'] pending_phases=['phase-02', 'phase-03', 'phase-05', 'phase-07'] completed_jobs=[] running_jobs=['parsec-canneal-2026-04-27-07h02m33s', 'parsec-freqmine-2026-04-27-07h02m33s', 'parsec-streamcluster-2026-04-27-07h02m33s']
2026-04-27T05:05:19.108010+00:00 Scheduler heartbeat: launched_phases=['phase-01', 'phase-04', 'phase-06'] pending_phases=['phase-02', 'phase-03', 'phase-05', 'phase-07'] completed_jobs=[] running_jobs=['parsec-canneal-2026-04-27-07h02m33s', 'parsec-freqmine-2026-04-27-07h02m33s', 'parsec-streamcluster-2026-04-27-07h02m33s']
2026-04-27T05:05:34.471000+00:00 Scheduler heartbeat: launched_phases=['phase-01', 'phase-04', 'phase-06'] pending_phases=['phase-02', 'phase-03', 'phase-05', 'phase-07'] completed_jobs=[] running_jobs=['parsec-canneal-2026-04-27-07h02m33s', 'parsec-freqmine-2026-04-27-07h02m33s', 'parsec-streamcluster-2026-04-27-07h02m33s']
2026-04-27T05:05:50.406779+00:00 Scheduler heartbeat: launched_phases=['phase-01', 'phase-04', 'phase-06'] pending_phases=['phase-02', 'phase-03', 'phase-05', 'phase-07'] completed_jobs=[] running_jobs=['parsec-canneal-2026-04-27-07h02m33s', 'parsec-freqmine-2026-04-27-07h02m33s', 'parsec-streamcluster-2026-04-27-07h02m33s']
2026-04-27T05:05:51.739880+00:00 Job completed: parsec-canneal-2026-04-27-07h02m33s
2026-04-27T05:05:51.740094+00:00 Phase dependency satisfied for phase-02: canneal
2026-04-27T05:05:51.740148+00:00 Launching phase phase-02: blackscholes
2026-04-27T05:06:01.479875+00:00 Job completed: parsec-freqmine-2026-04-27-07h02m33s
2026-04-27T05:06:01.480124+00:00 Phase dependency satisfied for phase-07: freqmine
2026-04-27T05:06:01.480191+00:00 Launching phase phase-07: barnes
2026-04-27T05:06:06.265027+00:00 Scheduler heartbeat: launched_phases=['phase-01', 'phase-02', 'phase-04', 'phase-06', 'phase-07'] pending_phases=['phase-03', 'phase-05'] completed_jobs=['canneal', 'freqmine'] running_jobs=['parsec-barnes-2026-04-27-07h02m33s', 'parsec-blackscholes-2026-04-27-07h02m33s', 'parsec-streamcluster-2026-04-27-07h02m33s']
2026-04-27T05:06:22.701562+00:00 Scheduler heartbeat: launched_phases=['phase-01', 'phase-02', 'phase-04', 'phase-06', 'phase-07'] pending_phases=['phase-03', 'phase-05'] completed_jobs=['canneal', 'freqmine'] running_jobs=['parsec-barnes-2026-04-27-07h02m33s', 'parsec-blackscholes-2026-04-27-07h02m33s', 'parsec-streamcluster-2026-04-27-07h02m33s']
2026-04-27T05:06:38.146527+00:00 Scheduler heartbeat: launched_phases=['phase-01', 'phase-02', 'phase-04', 'phase-06', 'phase-07'] pending_phases=['phase-03', 'phase-05'] completed_jobs=['canneal', 'freqmine'] running_jobs=['parsec-barnes-2026-04-27-07h02m33s', 'parsec-blackscholes-2026-04-27-07h02m33s', 'parsec-streamcluster-2026-04-27-07h02m33s']
2026-04-27T05:06:44.786740+00:00 Job completed: parsec-blackscholes-2026-04-27-07h02m33s
2026-04-27T05:06:44.787180+00:00 Phase dependency satisfied for phase-03: blackscholes
2026-04-27T05:06:44.787298+00:00 Launching phase phase-03: vips
2026-04-27T05:06:53.878261+00:00 Scheduler heartbeat: launched_phases=['phase-01', 'phase-02', 'phase-03', 'phase-04', 'phase-06', 'phase-07'] pending_phases=['phase-05'] completed_jobs=['blackscholes', 'canneal', 'freqmine'] running_jobs=['parsec-barnes-2026-04-27-07h02m33s', 'parsec-streamcluster-2026-04-27-07h02m33s', 'parsec-vips-2026-04-27-07h02m33s']
2026-04-27T05:07:04.826050+00:00 Job completed: parsec-barnes-2026-04-27-07h02m33s
2026-04-27T05:07:04.826326+00:00 Phase dependency satisfied for phase-05: barnes
2026-04-27T05:07:04.826395+00:00 Launching phase phase-05: radix
2026-04-27T05:07:08.998314+00:00 Scheduler heartbeat: launched_phases=['phase-01', 'phase-02', 'phase-03', 'phase-04', 'phase-05', 'phase-06', 'phase-07'] pending_phases=[] completed_jobs=['barnes', 'blackscholes', 'canneal', 'freqmine'] running_jobs=['parsec-radix-2026-04-27-07h02m33s', 'parsec-streamcluster-2026-04-27-07h02m33s', 'parsec-vips-2026-04-27-07h02m33s']
2026-04-27T05:07:21.211202+00:00 Job completed: parsec-radix-2026-04-27-07h02m33s
2026-04-27T05:07:25.701138+00:00 Scheduler heartbeat: launched_phases=['phase-01', 'phase-02', 'phase-03', 'phase-04', 'phase-05', 'phase-06', 'phase-07'] pending_phases=[] completed_jobs=['barnes', 'blackscholes', 'canneal', 'freqmine', 'radix'] running_jobs=['parsec-streamcluster-2026-04-27-07h02m33s', 'parsec-vips-2026-04-27-07h02m33s']
2026-04-27T05:07:40.950318+00:00 Scheduler heartbeat: launched_phases=['phase-01', 'phase-02', 'phase-03', 'phase-04', 'phase-05', 'phase-06', 'phase-07'] pending_phases=[] completed_jobs=['barnes', 'blackscholes', 'canneal', 'freqmine', 'radix'] running_jobs=['parsec-streamcluster-2026-04-27-07h02m33s', 'parsec-vips-2026-04-27-07h02m33s']
2026-04-27T05:07:42.230956+00:00 Job completed: parsec-streamcluster-2026-04-27-07h02m33s
2026-04-27T05:07:47.256919+00:00 Job completed: parsec-vips-2026-04-27-07h02m33s
2026-04-27T05:07:47.257237+00:00 All batch jobs completed; capturing results.json and stopping mcperf
2026-04-27T05:07:47.257385+00:00 Waiting briefly for final pod termination metadata
2026-04-27T05:07:47.841075+00:00 Stopping mcperf measurement wrapper on client-measure-6nt6 with SIGINT
2026-04-27T05:08:01.510498+00:00 mcperf is still running on client-measure-6nt6 after SIGINT; escalating to SIGTERM
2026-04-27T05:08:04.515480+00:00 Summarizing run from captured pod snapshot and mcperf output
2026-04-27T05:08:04.517717+00:00 Run completed with status pass makespan=222.0 max_p95_us=428.9
2026-04-27T05:08:04.610366+00:00 Runtime stats refreshed: /home/carti/ETH/Msc/CCA/risultatiPart3/Matte/automation/runs/runtime_stats.json samples=196 eligible_runs=28
