2026-04-27T02:23:50.230444+00:00 Run directory prepared: /home/carti/ETH/Msc/CCA/risultatiPart3/Matte/automation/runs/part3-handcrafted/2026-04-27-04h23m50s
2026-04-27T02:23:50.230524+00:00 Rendered 8 manifests into /home/carti/ETH/Msc/CCA/risultatiPart3/Matte/automation/runs/part3-handcrafted/2026-04-27-04h23m50s/rendered_manifests
2026-04-27T02:23:50.230551+00:00 Cleaning previous managed workloads
2026-04-27T02:24:22.515201+00:00 Ensuring canonical node labels and checking client provisioning
2026-04-27T02:24:32.989753+00:00 Applying memcached manifest
2026-04-27T02:24:36.097361+00:00 Capturing benchmark node CPU platforms
2026-04-27T02:24:39.609613+00:00 Benchmark node CPU platform capture complete: node-a-8core=e2-standard-8/AMD Rome, node-b-4core=n2d-highcpu-4/AMD Milan
2026-04-27T02:24:39.610388+00:00 Restarting mcperf-agent.service on client-agent-a (client-agent-a-jjhj)
2026-04-27T02:24:45.403197+00:00 mcperf-agent.service active on client-agent-a (client-agent-a-jjhj)
2026-04-27T02:24:45.403505+00:00 Restarting mcperf-agent.service on client-agent-b (client-agent-b-988s)
2026-04-27T02:24:51.420162+00:00 mcperf-agent.service active on client-agent-b (client-agent-b-988s)
2026-04-27T02:24:51.420421+00:00 Starting measurement against memcached IP 100.96.5.59
2026-04-27T02:24:51.848921+00:00 Waiting for first mcperf measurement sample
2026-04-27T02:24:57.888133+00:00 mcperf measurement header observed
2026-04-27T02:25:09.494088+00:00 mcperf measurement is live
2026-04-27T02:25:09.493908+00:00 mcperf measurement sample observed
2026-04-27T02:25:09.495085+00:00 Starting phase scheduler
2026-04-27T02:25:09.770687+00:00 Phase dependency satisfied for phase-01: start
2026-04-27T02:25:09.771022+00:00 Phase dependency satisfied for phase-03: start
2026-04-27T02:25:09.771060+00:00 Phase dependency satisfied for phase-05: start
2026-04-27T02:25:09.771104+00:00 Launching phase phase-01: streamcluster
2026-04-27T02:25:10.134298+00:00 Launching phase phase-03: canneal
2026-04-27T02:25:10.476645+00:00 Launching phase phase-05: barnes
2026-04-27T02:25:11.079769+00:00 Scheduler heartbeat: launched_phases=['phase-01', 'phase-03', 'phase-05'] pending_phases=['phase-02', 'phase-04', 'phase-06', 'phase-07'] completed_jobs=[] running_jobs=['parsec-barnes-2026-04-27-04h23m50s', 'parsec-canneal-2026-04-27-04h23m50s', 'parsec-streamcluster-2026-04-27-04h23m50s']
2026-04-27T02:25:26.608776+00:00 Scheduler heartbeat: launched_phases=['phase-01', 'phase-03', 'phase-05'] pending_phases=['phase-02', 'phase-04', 'phase-06', 'phase-07'] completed_jobs=[] running_jobs=['parsec-barnes-2026-04-27-04h23m50s', 'parsec-canneal-2026-04-27-04h23m50s', 'parsec-streamcluster-2026-04-27-04h23m50s']
2026-04-27T02:25:41.654813+00:00 Scheduler heartbeat: launched_phases=['phase-01', 'phase-03', 'phase-05'] pending_phases=['phase-02', 'phase-04', 'phase-06', 'phase-07'] completed_jobs=[] running_jobs=['parsec-barnes-2026-04-27-04h23m50s', 'parsec-canneal-2026-04-27-04h23m50s', 'parsec-streamcluster-2026-04-27-04h23m50s']
2026-04-27T02:25:57.726060+00:00 Scheduler heartbeat: launched_phases=['phase-01', 'phase-03', 'phase-05'] pending_phases=['phase-02', 'phase-04', 'phase-06', 'phase-07'] completed_jobs=[] running_jobs=['parsec-barnes-2026-04-27-04h23m50s', 'parsec-canneal-2026-04-27-04h23m50s', 'parsec-streamcluster-2026-04-27-04h23m50s']
2026-04-27T02:26:13.510711+00:00 Scheduler heartbeat: launched_phases=['phase-01', 'phase-03', 'phase-05'] pending_phases=['phase-02', 'phase-04', 'phase-06', 'phase-07'] completed_jobs=[] running_jobs=['parsec-barnes-2026-04-27-04h23m50s', 'parsec-canneal-2026-04-27-04h23m50s', 'parsec-streamcluster-2026-04-27-04h23m50s']
2026-04-27T02:26:29.273184+00:00 Job completed: parsec-barnes-2026-04-27-04h23m50s
2026-04-27T02:26:29.273432+00:00 Phase dependency satisfied for phase-06: barnes
2026-04-27T02:26:29.273488+00:00 Launching phase phase-06: blackscholes
2026-04-27T02:26:30.082267+00:00 Scheduler heartbeat: launched_phases=['phase-01', 'phase-03', 'phase-05', 'phase-06'] pending_phases=['phase-02', 'phase-04', 'phase-07'] completed_jobs=['barnes'] running_jobs=['parsec-blackscholes-2026-04-27-04h23m50s', 'parsec-canneal-2026-04-27-04h23m50s', 'parsec-streamcluster-2026-04-27-04h23m50s']
2026-04-27T02:26:45.796247+00:00 Scheduler heartbeat: launched_phases=['phase-01', 'phase-03', 'phase-05', 'phase-06'] pending_phases=['phase-02', 'phase-04', 'phase-07'] completed_jobs=['barnes'] running_jobs=['parsec-blackscholes-2026-04-27-04h23m50s', 'parsec-canneal-2026-04-27-04h23m50s', 'parsec-streamcluster-2026-04-27-04h23m50s']
2026-04-27T02:27:01.711324+00:00 Scheduler heartbeat: launched_phases=['phase-01', 'phase-03', 'phase-05', 'phase-06'] pending_phases=['phase-02', 'phase-04', 'phase-07'] completed_jobs=['barnes'] running_jobs=['parsec-blackscholes-2026-04-27-04h23m50s', 'parsec-canneal-2026-04-27-04h23m50s', 'parsec-streamcluster-2026-04-27-04h23m50s']
2026-04-27T02:27:14.007802+00:00 Job completed: parsec-canneal-2026-04-27-04h23m50s
2026-04-27T02:27:14.008106+00:00 Phase dependency satisfied for phase-04: canneal
2026-04-27T02:27:14.008185+00:00 Launching phase phase-04: vips
2026-04-27T02:27:17.715022+00:00 Job completed: parsec-streamcluster-2026-04-27-04h23m50s
2026-04-27T02:27:17.715247+00:00 Phase dependency satisfied for phase-02: streamcluster
2026-04-27T02:27:17.715306+00:00 Launching phase phase-02: freqmine
2026-04-27T02:27:18.588806+00:00 Scheduler heartbeat: launched_phases=['phase-01', 'phase-02', 'phase-03', 'phase-04', 'phase-05', 'phase-06'] pending_phases=['phase-07'] completed_jobs=['barnes', 'canneal', 'streamcluster'] running_jobs=['parsec-blackscholes-2026-04-27-04h23m50s', 'parsec-freqmine-2026-04-27-04h23m50s', 'parsec-vips-2026-04-27-04h23m50s']
2026-04-27T02:27:33.639006+00:00 Job completed: parsec-blackscholes-2026-04-27-04h23m50s
2026-04-27T02:27:33.639200+00:00 Phase dependency satisfied for phase-07: blackscholes
2026-04-27T02:27:33.639243+00:00 Launching phase phase-07: radix
2026-04-27T02:27:34.342238+00:00 Scheduler heartbeat: launched_phases=['phase-01', 'phase-02', 'phase-03', 'phase-04', 'phase-05', 'phase-06', 'phase-07'] pending_phases=[] completed_jobs=['barnes', 'blackscholes', 'canneal', 'streamcluster'] running_jobs=['parsec-freqmine-2026-04-27-04h23m50s', 'parsec-radix-2026-04-27-04h23m50s', 'parsec-vips-2026-04-27-04h23m50s']
2026-04-27T02:27:50.312210+00:00 Scheduler heartbeat: launched_phases=['phase-01', 'phase-02', 'phase-03', 'phase-04', 'phase-05', 'phase-06', 'phase-07'] pending_phases=[] completed_jobs=['barnes', 'blackscholes', 'canneal', 'streamcluster'] running_jobs=['parsec-freqmine-2026-04-27-04h23m50s', 'parsec-radix-2026-04-27-04h23m50s', 'parsec-vips-2026-04-27-04h23m50s']
2026-04-27T02:28:03.425222+00:00 Job failed: parsec-radix-2026-04-27-04h23m50s
