2026-04-27T00:29:00.779087+00:00 Run directory prepared: /home/carti/ETH/Msc/CCA/risultatiPart3/Matte/automation/runs/part3-handcrafted/2026-04-27-02h29m00s
2026-04-27T00:29:00.779456+00:00 Rendered 8 manifests into /home/carti/ETH/Msc/CCA/risultatiPart3/Matte/automation/runs/part3-handcrafted/2026-04-27-02h29m00s/rendered_manifests
2026-04-27T00:29:00.779533+00:00 Cleaning previous managed workloads
2026-04-27T00:29:32.963837+00:00 Ensuring canonical node labels and checking client provisioning
2026-04-27T00:29:43.946689+00:00 Applying memcached manifest
2026-04-27T00:29:47.171317+00:00 Capturing benchmark node CPU platforms
2026-04-27T00:29:51.363510+00:00 Benchmark node CPU platform capture complete: node-a-8core=e2-standard-8/AMD Rome, node-b-4core=n2d-highcpu-4/AMD Milan
2026-04-27T00:29:51.364794+00:00 Restarting mcperf-agent.service on client-agent-a (client-agent-a-jjhj)
2026-04-27T00:29:57.768154+00:00 mcperf-agent.service active on client-agent-a (client-agent-a-jjhj)
2026-04-27T00:29:57.768375+00:00 Restarting mcperf-agent.service on client-agent-b (client-agent-b-988s)
2026-04-27T00:30:03.856500+00:00 mcperf-agent.service active on client-agent-b (client-agent-b-988s)
2026-04-27T00:30:03.856707+00:00 Starting measurement against memcached IP 100.96.6.41
2026-04-27T00:30:04.326270+00:00 Waiting for first mcperf measurement sample
2026-04-27T00:30:10.397026+00:00 mcperf measurement header observed
2026-04-27T00:30:22.061664+00:00 mcperf measurement sample observed
2026-04-27T00:30:22.061849+00:00 mcperf measurement is live
2026-04-27T00:30:22.062229+00:00 Starting phase scheduler
2026-04-27T00:30:22.484916+00:00 Phase dependency satisfied for phase-01: start
2026-04-27T00:30:22.485539+00:00 Launching phase phase-01: streamcluster, blackscholes
2026-04-27T00:30:23.790926+00:00 Scheduler heartbeat: launched_phases=['phase-01'] pending_phases=['phase-02', 'phase-03', 'phase-04', 'phase-05'] completed_jobs=[] running_jobs=['parsec-blackscholes-2026-04-27-02h29m00s', 'parsec-streamcluster-2026-04-27-02h29m00s']
2026-04-27T00:30:39.826205+00:00 Scheduler heartbeat: launched_phases=['phase-01'] pending_phases=['phase-02', 'phase-03', 'phase-04', 'phase-05'] completed_jobs=[] running_jobs=['parsec-blackscholes-2026-04-27-02h29m00s', 'parsec-streamcluster-2026-04-27-02h29m00s']
2026-04-27T00:30:54.974908+00:00 Scheduler heartbeat: launched_phases=['phase-01'] pending_phases=['phase-02', 'phase-03', 'phase-04', 'phase-05'] completed_jobs=[] running_jobs=['parsec-blackscholes-2026-04-27-02h29m00s', 'parsec-streamcluster-2026-04-27-02h29m00s']
2026-04-27T00:31:09.989363+00:00 Scheduler heartbeat: launched_phases=['phase-01'] pending_phases=['phase-02', 'phase-03', 'phase-04', 'phase-05'] completed_jobs=[] running_jobs=['parsec-blackscholes-2026-04-27-02h29m00s', 'parsec-streamcluster-2026-04-27-02h29m00s']
2026-04-27T00:31:25.834569+00:00 Job completed: parsec-blackscholes-2026-04-27-02h29m00s
2026-04-27T00:31:25.834909+00:00 Phase dependency satisfied for phase-03: blackscholes
2026-04-27T00:31:25.835027+00:00 Launching phase phase-03: canneal
2026-04-27T00:31:26.537395+00:00 Scheduler heartbeat: launched_phases=['phase-01', 'phase-03'] pending_phases=['phase-02', 'phase-04', 'phase-05'] completed_jobs=['blackscholes'] running_jobs=['parsec-canneal-2026-04-27-02h29m00s', 'parsec-streamcluster-2026-04-27-02h29m00s']
2026-04-27T00:31:42.313476+00:00 Scheduler heartbeat: launched_phases=['phase-01', 'phase-03'] pending_phases=['phase-02', 'phase-04', 'phase-05'] completed_jobs=['blackscholes'] running_jobs=['parsec-canneal-2026-04-27-02h29m00s', 'parsec-streamcluster-2026-04-27-02h29m00s']
2026-04-27T00:31:58.223499+00:00 Scheduler heartbeat: launched_phases=['phase-01', 'phase-03'] pending_phases=['phase-02', 'phase-04', 'phase-05'] completed_jobs=['blackscholes'] running_jobs=['parsec-canneal-2026-04-27-02h29m00s', 'parsec-streamcluster-2026-04-27-02h29m00s']
2026-04-27T00:32:13.974572+00:00 Scheduler heartbeat: launched_phases=['phase-01', 'phase-03'] pending_phases=['phase-02', 'phase-04', 'phase-05'] completed_jobs=['blackscholes'] running_jobs=['parsec-canneal-2026-04-27-02h29m00s', 'parsec-streamcluster-2026-04-27-02h29m00s']
2026-04-27T00:32:16.688101+00:00 Job completed: parsec-streamcluster-2026-04-27-02h29m00s
2026-04-27T00:32:16.688425+00:00 Phase dependency satisfied for phase-02: streamcluster
2026-04-27T00:32:16.688637+00:00 Launching phase phase-02: freqmine
2026-04-27T00:32:29.631842+00:00 Scheduler heartbeat: launched_phases=['phase-01', 'phase-02', 'phase-03'] pending_phases=['phase-04', 'phase-05'] completed_jobs=['blackscholes', 'streamcluster'] running_jobs=['parsec-canneal-2026-04-27-02h29m00s', 'parsec-freqmine-2026-04-27-02h29m00s']
2026-04-27T00:32:45.680281+00:00 Scheduler heartbeat: launched_phases=['phase-01', 'phase-02', 'phase-03'] pending_phases=['phase-04', 'phase-05'] completed_jobs=['blackscholes', 'streamcluster'] running_jobs=['parsec-canneal-2026-04-27-02h29m00s', 'parsec-freqmine-2026-04-27-02h29m00s']
2026-04-27T00:33:01.158758+00:00 Scheduler heartbeat: launched_phases=['phase-01', 'phase-02', 'phase-03'] pending_phases=['phase-04', 'phase-05'] completed_jobs=['blackscholes', 'streamcluster'] running_jobs=['parsec-canneal-2026-04-27-02h29m00s', 'parsec-freqmine-2026-04-27-02h29m00s']
2026-04-27T00:33:16.730402+00:00 Scheduler heartbeat: launched_phases=['phase-01', 'phase-02', 'phase-03'] pending_phases=['phase-04', 'phase-05'] completed_jobs=['blackscholes', 'streamcluster'] running_jobs=['parsec-canneal-2026-04-27-02h29m00s', 'parsec-freqmine-2026-04-27-02h29m00s']
2026-04-27T00:33:20.717731+00:00 Job completed: parsec-canneal-2026-04-27-02h29m00s
2026-04-27T00:33:20.717988+00:00 Phase dependency satisfied for phase-05: canneal
2026-04-27T00:33:20.718082+00:00 Launching phase phase-05: barnes
2026-04-27T00:33:28.768821+00:00 Job completed: parsec-freqmine-2026-04-27-02h29m00s
2026-04-27T00:33:28.769112+00:00 Phase dependency satisfied for phase-04: freqmine
2026-04-27T00:33:28.769210+00:00 Launching phase phase-04: vips, radix
2026-04-27T00:33:32.344478+00:00 Scheduler heartbeat: launched_phases=['phase-01', 'phase-02', 'phase-03', 'phase-04', 'phase-05'] pending_phases=[] completed_jobs=['blackscholes', 'canneal', 'freqmine', 'streamcluster'] running_jobs=['parsec-barnes-2026-04-27-02h29m00s', 'parsec-radix-2026-04-27-02h29m00s', 'parsec-vips-2026-04-27-02h29m00s']
2026-04-27T00:33:47.920108+00:00 Scheduler heartbeat: launched_phases=['phase-01', 'phase-02', 'phase-03', 'phase-04', 'phase-05'] pending_phases=[] completed_jobs=['blackscholes', 'canneal', 'freqmine', 'streamcluster'] running_jobs=['parsec-barnes-2026-04-27-02h29m00s', 'parsec-radix-2026-04-27-02h29m00s', 'parsec-vips-2026-04-27-02h29m00s']
2026-04-27T00:34:03.937866+00:00 Job completed: parsec-vips-2026-04-27-02h29m00s
2026-04-27T00:34:03.938149+00:00 Job completed: parsec-radix-2026-04-27-02h29m00s
2026-04-27T00:34:03.938307+00:00 Scheduler heartbeat: launched_phases=['phase-01', 'phase-02', 'phase-03', 'phase-04', 'phase-05'] pending_phases=[] completed_jobs=['blackscholes', 'canneal', 'freqmine', 'radix', 'streamcluster', 'vips'] running_jobs=['parsec-barnes-2026-04-27-02h29m00s']
2026-04-27T00:34:20.025312+00:00 Scheduler heartbeat: launched_phases=['phase-01', 'phase-02', 'phase-03', 'phase-04', 'phase-05'] pending_phases=[] completed_jobs=['blackscholes', 'canneal', 'freqmine', 'radix', 'streamcluster', 'vips'] running_jobs=['parsec-barnes-2026-04-27-02h29m00s']
2026-04-27T00:34:29.290430+00:00 Job completed: parsec-barnes-2026-04-27-02h29m00s
2026-04-27T00:34:29.290693+00:00 All batch jobs completed; capturing results.json and stopping mcperf
2026-04-27T00:34:29.290754+00:00 Waiting briefly for final pod termination metadata
2026-04-27T00:34:29.964957+00:00 Stopping mcperf measurement wrapper on client-measure-6nt6 with SIGINT
2026-04-27T00:34:46.481610+00:00 mcperf is still running on client-measure-6nt6 after SIGINT; escalating to SIGTERM
2026-04-27T00:34:49.624357+00:00 Summarizing run from captured pod snapshot and mcperf output
2026-04-27T00:34:49.626329+00:00 Run completed with status pass makespan=241.0 max_p95_us=431.5
