2026-04-27T06:19:29.850825+00:00 Run directory prepared: /home/carti/ETH/Msc/CCA/risultatiPart3/Matte/automation/runs/part3-handcrafted/2026-04-27-08h19m29s
2026-04-27T06:19:29.850960+00:00 Rendered 8 manifests into /home/carti/ETH/Msc/CCA/risultatiPart3/Matte/automation/runs/part3-handcrafted/2026-04-27-08h19m29s/rendered_manifests
2026-04-27T06:19:29.851105+00:00 Cleaning previous managed workloads
2026-04-27T06:20:02.488285+00:00 Ensuring canonical node labels and checking client provisioning
2026-04-27T06:20:14.557542+00:00 Applying memcached manifest
2026-04-27T06:20:17.830134+00:00 Capturing benchmark node CPU platforms
2026-04-27T06:20:22.271034+00:00 Benchmark node CPU platform capture complete: node-a-8core=e2-standard-8/AMD Rome, node-b-4core=n2d-highcpu-4/AMD Milan
2026-04-27T06:20:22.271756+00:00 Restarting mcperf-agent.service on client-agent-a (client-agent-a-jjhj)
2026-04-27T06:20:29.438572+00:00 mcperf-agent.service active on client-agent-a (client-agent-a-jjhj)
2026-04-27T06:20:29.438777+00:00 Restarting mcperf-agent.service on client-agent-b (client-agent-b-988s)
2026-04-27T06:20:36.763196+00:00 mcperf-agent.service active on client-agent-b (client-agent-b-988s)
2026-04-27T06:20:36.763529+00:00 Starting measurement against memcached IP 100.96.6.173
2026-04-27T06:20:37.251516+00:00 Waiting for first mcperf measurement sample
2026-04-27T06:20:43.912366+00:00 mcperf measurement header observed
2026-04-27T06:20:55.310211+00:00 mcperf measurement sample observed
2026-04-27T06:20:55.310324+00:00 mcperf measurement is live
2026-04-27T06:20:55.310888+00:00 Starting phase scheduler
2026-04-27T06:20:55.635280+00:00 Phase dependency satisfied for phase-01: start
2026-04-27T06:20:55.635512+00:00 Phase dependency satisfied for phase-04: start
2026-04-27T06:20:55.635702+00:00 Phase dependency satisfied for phase-06: start
2026-04-27T06:20:55.635811+00:00 Launching phase phase-01: canneal
2026-04-27T06:20:56.032895+00:00 Launching phase phase-04: streamcluster
2026-04-27T06:20:56.437511+00:00 Launching phase phase-06: freqmine
2026-04-27T06:20:57.121906+00:00 Scheduler heartbeat: launched_phases=['phase-01', 'phase-04', 'phase-06'] pending_phases=['phase-02', 'phase-03', 'phase-05', 'phase-07'] completed_jobs=[] running_jobs=['parsec-canneal-2026-04-27-08h19m29s', 'parsec-freqmine-2026-04-27-08h19m29s', 'parsec-streamcluster-2026-04-27-08h19m29s']
2026-04-27T06:21:13.010915+00:00 Scheduler heartbeat: launched_phases=['phase-01', 'phase-04', 'phase-06'] pending_phases=['phase-02', 'phase-03', 'phase-05', 'phase-07'] completed_jobs=[] running_jobs=['parsec-canneal-2026-04-27-08h19m29s', 'parsec-freqmine-2026-04-27-08h19m29s', 'parsec-streamcluster-2026-04-27-08h19m29s']
2026-04-27T06:21:28.982461+00:00 Scheduler heartbeat: launched_phases=['phase-01', 'phase-04', 'phase-06'] pending_phases=['phase-02', 'phase-03', 'phase-05', 'phase-07'] completed_jobs=[] running_jobs=['parsec-canneal-2026-04-27-08h19m29s', 'parsec-freqmine-2026-04-27-08h19m29s', 'parsec-streamcluster-2026-04-27-08h19m29s']
2026-04-27T06:21:44.978002+00:00 Scheduler heartbeat: launched_phases=['phase-01', 'phase-04', 'phase-06'] pending_phases=['phase-02', 'phase-03', 'phase-05', 'phase-07'] completed_jobs=[] running_jobs=['parsec-canneal-2026-04-27-08h19m29s', 'parsec-freqmine-2026-04-27-08h19m29s', 'parsec-streamcluster-2026-04-27-08h19m29s']
2026-04-27T06:22:01.287750+00:00 Scheduler heartbeat: launched_phases=['phase-01', 'phase-04', 'phase-06'] pending_phases=['phase-02', 'phase-03', 'phase-05', 'phase-07'] completed_jobs=[] running_jobs=['parsec-canneal-2026-04-27-08h19m29s', 'parsec-freqmine-2026-04-27-08h19m29s', 'parsec-streamcluster-2026-04-27-08h19m29s']
2026-04-27T06:22:18.512536+00:00 Scheduler heartbeat: launched_phases=['phase-01', 'phase-04', 'phase-06'] pending_phases=['phase-02', 'phase-03', 'phase-05', 'phase-07'] completed_jobs=[] running_jobs=['parsec-canneal-2026-04-27-08h19m29s', 'parsec-freqmine-2026-04-27-08h19m29s', 'parsec-streamcluster-2026-04-27-08h19m29s']
2026-04-27T06:22:34.787418+00:00 Scheduler heartbeat: launched_phases=['phase-01', 'phase-04', 'phase-06'] pending_phases=['phase-02', 'phase-03', 'phase-05', 'phase-07'] completed_jobs=[] running_jobs=['parsec-canneal-2026-04-27-08h19m29s', 'parsec-freqmine-2026-04-27-08h19m29s', 'parsec-streamcluster-2026-04-27-08h19m29s']
2026-04-27T06:22:51.500787+00:00 Scheduler heartbeat: launched_phases=['phase-01', 'phase-04', 'phase-06'] pending_phases=['phase-02', 'phase-03', 'phase-05', 'phase-07'] completed_jobs=[] running_jobs=['parsec-canneal-2026-04-27-08h19m29s', 'parsec-freqmine-2026-04-27-08h19m29s', 'parsec-streamcluster-2026-04-27-08h19m29s']
2026-04-27T06:22:55.455926+00:00 Job completed: parsec-canneal-2026-04-27-08h19m29s
2026-04-27T06:22:55.456195+00:00 Phase dependency satisfied for phase-02: canneal
2026-04-27T06:22:55.456380+00:00 Launching phase phase-02: barnes
2026-04-27T06:23:04.185422+00:00 Job completed: parsec-freqmine-2026-04-27-08h19m29s
2026-04-27T06:23:04.185716+00:00 Phase dependency satisfied for phase-07: freqmine
2026-04-27T06:23:04.185843+00:00 Launching phase phase-07: blackscholes
2026-04-27T06:23:07.445230+00:00 Scheduler heartbeat: launched_phases=['phase-01', 'phase-02', 'phase-04', 'phase-06', 'phase-07'] pending_phases=['phase-03', 'phase-05'] completed_jobs=['canneal', 'freqmine'] running_jobs=['parsec-barnes-2026-04-27-08h19m29s', 'parsec-blackscholes-2026-04-27-08h19m29s', 'parsec-streamcluster-2026-04-27-08h19m29s']
2026-04-27T06:23:23.768919+00:00 Scheduler heartbeat: launched_phases=['phase-01', 'phase-02', 'phase-04', 'phase-06', 'phase-07'] pending_phases=['phase-03', 'phase-05'] completed_jobs=['canneal', 'freqmine'] running_jobs=['parsec-barnes-2026-04-27-08h19m29s', 'parsec-blackscholes-2026-04-27-08h19m29s', 'parsec-streamcluster-2026-04-27-08h19m29s']
2026-04-27T06:23:39.237965+00:00 Scheduler heartbeat: launched_phases=['phase-01', 'phase-02', 'phase-04', 'phase-06', 'phase-07'] pending_phases=['phase-03', 'phase-05'] completed_jobs=['canneal', 'freqmine'] running_jobs=['parsec-barnes-2026-04-27-08h19m29s', 'parsec-blackscholes-2026-04-27-08h19m29s', 'parsec-streamcluster-2026-04-27-08h19m29s']
2026-04-27T06:23:55.865786+00:00 Job completed: parsec-barnes-2026-04-27-08h19m29s
2026-04-27T06:23:55.866139+00:00 Phase dependency satisfied for phase-03: barnes
2026-04-27T06:23:55.866310+00:00 Launching phase phase-03: vips
2026-04-27T06:23:56.548055+00:00 Job completed: parsec-blackscholes-2026-04-27-08h19m29s
2026-04-27T06:23:56.548335+00:00 Phase dependency satisfied for phase-05: blackscholes
2026-04-27T06:23:56.548440+00:00 Launching phase phase-05: radix
2026-04-27T06:23:57.172950+00:00 Scheduler heartbeat: launched_phases=['phase-01', 'phase-02', 'phase-03', 'phase-04', 'phase-05', 'phase-06', 'phase-07'] pending_phases=[] completed_jobs=['barnes', 'blackscholes', 'canneal', 'freqmine'] running_jobs=['parsec-radix-2026-04-27-08h19m29s', 'parsec-streamcluster-2026-04-27-08h19m29s', 'parsec-vips-2026-04-27-08h19m29s']
2026-04-27T06:24:12.653239+00:00 Job completed: parsec-radix-2026-04-27-08h19m29s
2026-04-27T06:24:12.653548+00:00 Scheduler heartbeat: launched_phases=['phase-01', 'phase-02', 'phase-03', 'phase-04', 'phase-05', 'phase-06', 'phase-07'] pending_phases=[] completed_jobs=['barnes', 'blackscholes', 'canneal', 'freqmine', 'radix'] running_jobs=['parsec-streamcluster-2026-04-27-08h19m29s', 'parsec-vips-2026-04-27-08h19m29s']
2026-04-27T06:24:29.042085+00:00 Scheduler heartbeat: launched_phases=['phase-01', 'phase-02', 'phase-03', 'phase-04', 'phase-05', 'phase-06', 'phase-07'] pending_phases=[] completed_jobs=['barnes', 'blackscholes', 'canneal', 'freqmine', 'radix'] running_jobs=['parsec-streamcluster-2026-04-27-08h19m29s', 'parsec-vips-2026-04-27-08h19m29s']
2026-04-27T06:24:40.579877+00:00 Job completed: parsec-streamcluster-2026-04-27-08h19m29s
2026-04-27T06:24:44.475546+00:00 Scheduler heartbeat: launched_phases=['phase-01', 'phase-02', 'phase-03', 'phase-04', 'phase-05', 'phase-06', 'phase-07'] pending_phases=[] completed_jobs=['barnes', 'blackscholes', 'canneal', 'freqmine', 'radix', 'streamcluster'] running_jobs=['parsec-vips-2026-04-27-08h19m29s']
2026-04-27T06:24:47.018382+00:00 Job completed: parsec-vips-2026-04-27-08h19m29s
2026-04-27T06:24:47.018694+00:00 All batch jobs completed; capturing results.json and stopping mcperf
2026-04-27T06:24:47.018825+00:00 Waiting briefly for final pod termination metadata
2026-04-27T06:24:47.659800+00:00 Stopping mcperf measurement wrapper on client-measure-6nt6 with SIGINT
2026-04-27T06:25:01.596395+00:00 mcperf is still running on client-measure-6nt6 after SIGINT; escalating to SIGTERM
2026-04-27T06:25:05.680478+00:00 Summarizing run from captured pod snapshot and mcperf output
