2026-04-27T02:29:41.584570+00:00 Run directory prepared: /home/carti/ETH/Msc/CCA/risultatiPart3/Matte/automation/runs/part3-handcrafted/2026-04-27-04h29m41s
2026-04-27T02:29:41.584793+00:00 Rendered 8 manifests into /home/carti/ETH/Msc/CCA/risultatiPart3/Matte/automation/runs/part3-handcrafted/2026-04-27-04h29m41s/rendered_manifests
2026-04-27T02:29:41.584912+00:00 Cleaning previous managed workloads
2026-04-27T02:30:13.979473+00:00 Ensuring canonical node labels and checking client provisioning
2026-04-27T02:30:24.172989+00:00 Pre-caching 8 images on benchmark nodes via 2 transient pod(s)
2026-04-27T02:30:29.832978+00:00 Pre-cache pods completed successfully
2026-04-27T02:30:30.795070+00:00 Pre-cache pods deleted
2026-04-27T02:30:30.795242+00:00 Applying memcached manifest
2026-04-27T02:30:34.112579+00:00 Capturing benchmark node CPU platforms
2026-04-27T02:30:37.532815+00:00 Benchmark node CPU platform capture complete: node-a-8core=e2-standard-8/AMD Rome, node-b-4core=n2d-highcpu-4/AMD Milan
2026-04-27T02:30:37.533473+00:00 Restarting mcperf-agent.service on client-agent-a (client-agent-a-jjhj)
2026-04-27T02:30:43.334539+00:00 mcperf-agent.service active on client-agent-a (client-agent-a-jjhj)
2026-04-27T02:30:43.334749+00:00 Restarting mcperf-agent.service on client-agent-b (client-agent-b-988s)
2026-04-27T02:30:48.764253+00:00 mcperf-agent.service active on client-agent-b (client-agent-b-988s)
2026-04-27T02:30:48.764533+00:00 Starting measurement against memcached IP 100.96.5.63
2026-04-27T02:30:49.197323+00:00 Waiting for first mcperf measurement sample
2026-04-27T02:30:54.643233+00:00 mcperf measurement header observed
2026-04-27T02:31:06.334486+00:00 mcperf measurement sample observed
2026-04-27T02:31:06.334627+00:00 mcperf measurement is live
2026-04-27T02:31:06.334935+00:00 Starting phase scheduler
2026-04-27T02:31:06.608568+00:00 Phase dependency satisfied for phase-01: start
2026-04-27T02:31:06.608789+00:00 Phase dependency satisfied for phase-06: start
2026-04-27T02:31:06.608835+00:00 Launching phase phase-01: canneal
2026-04-27T02:31:06.974211+00:00 Launching phase phase-06: streamcluster
2026-04-27T02:31:07.595291+00:00 Scheduler heartbeat: launched_phases=['phase-01', 'phase-06'] pending_phases=['phase-02', 'phase-03', 'phase-04', 'phase-05', 'phase-07'] completed_jobs=[] running_jobs=['parsec-canneal-2026-04-27-04h29m41s', 'parsec-streamcluster-2026-04-27-04h29m41s']
2026-04-27T02:31:22.880695+00:00 Scheduler heartbeat: launched_phases=['phase-01', 'phase-06'] pending_phases=['phase-02', 'phase-03', 'phase-04', 'phase-05', 'phase-07'] completed_jobs=[] running_jobs=['parsec-canneal-2026-04-27-04h29m41s', 'parsec-streamcluster-2026-04-27-04h29m41s']
2026-04-27T02:31:38.156164+00:00 Scheduler heartbeat: launched_phases=['phase-01', 'phase-06'] pending_phases=['phase-02', 'phase-03', 'phase-04', 'phase-05', 'phase-07'] completed_jobs=[] running_jobs=['parsec-canneal-2026-04-27-04h29m41s', 'parsec-streamcluster-2026-04-27-04h29m41s']
2026-04-27T02:31:53.405315+00:00 Scheduler heartbeat: launched_phases=['phase-01', 'phase-06'] pending_phases=['phase-02', 'phase-03', 'phase-04', 'phase-05', 'phase-07'] completed_jobs=[] running_jobs=['parsec-canneal-2026-04-27-04h29m41s', 'parsec-streamcluster-2026-04-27-04h29m41s']
2026-04-27T02:32:08.554882+00:00 Scheduler heartbeat: launched_phases=['phase-01', 'phase-06'] pending_phases=['phase-02', 'phase-03', 'phase-04', 'phase-05', 'phase-07'] completed_jobs=[] running_jobs=['parsec-canneal-2026-04-27-04h29m41s', 'parsec-streamcluster-2026-04-27-04h29m41s']
2026-04-27T02:32:23.913033+00:00 Scheduler heartbeat: launched_phases=['phase-01', 'phase-06'] pending_phases=['phase-02', 'phase-03', 'phase-04', 'phase-05', 'phase-07'] completed_jobs=[] running_jobs=['parsec-canneal-2026-04-27-04h29m41s', 'parsec-streamcluster-2026-04-27-04h29m41s']
2026-04-27T02:32:25.231031+00:00 Job completed: parsec-canneal-2026-04-27-04h29m41s
2026-04-27T02:32:25.231255+00:00 Phase dependency satisfied for phase-02: canneal
2026-04-27T02:32:25.231284+00:00 Launching phase phase-02: blackscholes
2026-04-27T02:32:39.995064+00:00 Scheduler heartbeat: launched_phases=['phase-01', 'phase-02', 'phase-06'] pending_phases=['phase-03', 'phase-04', 'phase-05', 'phase-07'] completed_jobs=['canneal'] running_jobs=['parsec-blackscholes-2026-04-27-04h29m41s', 'parsec-streamcluster-2026-04-27-04h29m41s']
2026-04-27T02:32:56.161372+00:00 Scheduler heartbeat: launched_phases=['phase-01', 'phase-02', 'phase-06'] pending_phases=['phase-03', 'phase-04', 'phase-05', 'phase-07'] completed_jobs=['canneal'] running_jobs=['parsec-blackscholes-2026-04-27-04h29m41s', 'parsec-streamcluster-2026-04-27-04h29m41s']
2026-04-27T02:33:12.325384+00:00 Job completed: parsec-blackscholes-2026-04-27-04h29m41s
2026-04-27T02:33:12.325710+00:00 Phase dependency satisfied for phase-03: blackscholes
2026-04-27T02:33:12.325793+00:00 Launching phase phase-03: barnes
2026-04-27T02:33:13.063097+00:00 Scheduler heartbeat: launched_phases=['phase-01', 'phase-02', 'phase-03', 'phase-06'] pending_phases=['phase-04', 'phase-05', 'phase-07'] completed_jobs=['blackscholes', 'canneal'] running_jobs=['parsec-barnes-2026-04-27-04h29m41s', 'parsec-streamcluster-2026-04-27-04h29m41s']
2026-04-27T02:33:19.997374+00:00 Job completed: parsec-streamcluster-2026-04-27-04h29m41s
2026-04-27T02:33:19.997611+00:00 Phase dependency satisfied for phase-07: streamcluster
2026-04-27T02:33:19.997644+00:00 Launching phase phase-07: freqmine
2026-04-27T02:33:28.492915+00:00 Scheduler heartbeat: launched_phases=['phase-01', 'phase-02', 'phase-03', 'phase-06', 'phase-07'] pending_phases=['phase-04', 'phase-05'] completed_jobs=['blackscholes', 'canneal', 'streamcluster'] running_jobs=['parsec-barnes-2026-04-27-04h29m41s', 'parsec-freqmine-2026-04-27-04h29m41s']
2026-04-27T02:33:43.912644+00:00 Scheduler heartbeat: launched_phases=['phase-01', 'phase-02', 'phase-03', 'phase-06', 'phase-07'] pending_phases=['phase-04', 'phase-05'] completed_jobs=['blackscholes', 'canneal', 'streamcluster'] running_jobs=['parsec-barnes-2026-04-27-04h29m41s', 'parsec-freqmine-2026-04-27-04h29m41s']
2026-04-27T02:33:59.502681+00:00 Job completed: parsec-barnes-2026-04-27-04h29m41s
2026-04-27T02:33:59.502921+00:00 Phase dependency satisfied for phase-04: barnes
2026-04-27T02:33:59.502985+00:00 Launching phase phase-04: vips
2026-04-27T02:34:00.123513+00:00 Scheduler heartbeat: launched_phases=['phase-01', 'phase-02', 'phase-03', 'phase-04', 'phase-06', 'phase-07'] pending_phases=['phase-05'] completed_jobs=['barnes', 'blackscholes', 'canneal', 'streamcluster'] running_jobs=['parsec-freqmine-2026-04-27-04h29m41s', 'parsec-vips-2026-04-27-04h29m41s']
2026-04-27T02:34:15.619536+00:00 Scheduler heartbeat: launched_phases=['phase-01', 'phase-02', 'phase-03', 'phase-04', 'phase-06', 'phase-07'] pending_phases=['phase-05'] completed_jobs=['barnes', 'blackscholes', 'canneal', 'streamcluster'] running_jobs=['parsec-freqmine-2026-04-27-04h29m41s', 'parsec-vips-2026-04-27-04h29m41s']
2026-04-27T02:34:31.102680+00:00 Scheduler heartbeat: launched_phases=['phase-01', 'phase-02', 'phase-03', 'phase-04', 'phase-06', 'phase-07'] pending_phases=['phase-05'] completed_jobs=['barnes', 'blackscholes', 'canneal', 'streamcluster'] running_jobs=['parsec-freqmine-2026-04-27-04h29m41s', 'parsec-vips-2026-04-27-04h29m41s']
2026-04-27T02:34:46.581181+00:00 Scheduler heartbeat: launched_phases=['phase-01', 'phase-02', 'phase-03', 'phase-04', 'phase-06', 'phase-07'] pending_phases=['phase-05'] completed_jobs=['barnes', 'blackscholes', 'canneal', 'streamcluster'] running_jobs=['parsec-freqmine-2026-04-27-04h29m41s', 'parsec-vips-2026-04-27-04h29m41s']
2026-04-27T02:35:00.838885+00:00 Job completed: parsec-vips-2026-04-27-04h29m41s
2026-04-27T02:35:00.839064+00:00 Phase dependency satisfied for phase-05: vips
2026-04-27T02:35:00.839087+00:00 Launching phase phase-05: radix
2026-04-27T02:35:02.773832+00:00 Scheduler heartbeat: launched_phases=['phase-01', 'phase-02', 'phase-03', 'phase-04', 'phase-05', 'phase-06', 'phase-07'] pending_phases=[] completed_jobs=['barnes', 'blackscholes', 'canneal', 'streamcluster', 'vips'] running_jobs=['parsec-freqmine-2026-04-27-04h29m41s', 'parsec-radix-2026-04-27-04h29m41s']
2026-04-27T02:35:18.265612+00:00 Scheduler heartbeat: launched_phases=['phase-01', 'phase-02', 'phase-03', 'phase-04', 'phase-05', 'phase-06', 'phase-07'] pending_phases=[] completed_jobs=['barnes', 'blackscholes', 'canneal', 'streamcluster', 'vips'] running_jobs=['parsec-freqmine-2026-04-27-04h29m41s', 'parsec-radix-2026-04-27-04h29m41s']
2026-04-27T02:35:19.570957+00:00 Job completed: parsec-freqmine-2026-04-27-04h29m41s
2026-04-27T02:35:19.571131+00:00 Job failed: parsec-radix-2026-04-27-04h29m41s
