2026-04-23T03:06:18.321441+00:00 Run directory prepared: /home/carti/ETH/Msc/CCA/risultatiPart3/Matte/automation/runs/part3-handcrafted/20260423t030618z
2026-04-23T03:06:18.321519+00:00 Rendered 8 manifests into /home/carti/ETH/Msc/CCA/risultatiPart3/Matte/automation/runs/part3-handcrafted/20260423t030618z/rendered_manifests
2026-04-23T03:06:18.321537+00:00 Cleaning previous managed workloads
2026-04-23T03:06:50.607024+00:00 Ensuring canonical node labels and checking client provisioning
2026-04-23T03:07:00.791750+00:00 Applying memcached manifest
2026-04-23T03:07:04.240190+00:00 Starting measurement against memcached IP 100.96.4.15
2026-04-23T03:07:04.542875+00:00 Waiting for mcperf measurement header
2026-04-23T03:07:10.798277+00:00 mcperf measurement is live
2026-04-23T03:07:10.798388+00:00 Starting phase scheduler
2026-04-23T03:07:10.798068+00:00 mcperf measurement header observed
2026-04-23T03:07:11.028585+00:00 Phase dependency satisfied for phase-01: start
2026-04-23T03:07:11.028767+00:00 Launching phase phase-01: streamcluster, blackscholes
2026-04-23T03:07:11.809039+00:00 Scheduler heartbeat: launched_phases=['phase-01'] pending_phases=['phase-02', 'phase-03', 'phase-04', 'phase-05'] completed_jobs=[] running_jobs=['parsec-blackscholes-20260423t030618z', 'parsec-streamcluster-20260423t030618z']
2026-04-23T03:07:27.488665+00:00 Scheduler heartbeat: launched_phases=['phase-01'] pending_phases=['phase-02', 'phase-03', 'phase-04', 'phase-05'] completed_jobs=[] running_jobs=['parsec-blackscholes-20260423t030618z', 'parsec-streamcluster-20260423t030618z']
2026-04-23T03:07:44.261473+00:00 Scheduler heartbeat: launched_phases=['phase-01'] pending_phases=['phase-02', 'phase-03', 'phase-04', 'phase-05'] completed_jobs=[] running_jobs=['parsec-blackscholes-20260423t030618z', 'parsec-streamcluster-20260423t030618z']
2026-04-23T03:07:55.556994+00:00 Job completed: parsec-blackscholes-20260423t030618z
2026-04-23T03:07:55.557161+00:00 Phase dependency satisfied for phase-03: blackscholes
2026-04-23T03:07:55.557198+00:00 Launching phase phase-03: canneal
2026-04-23T03:07:59.819189+00:00 Scheduler heartbeat: launched_phases=['phase-01', 'phase-03'] pending_phases=['phase-02', 'phase-04', 'phase-05'] completed_jobs=['blackscholes'] running_jobs=['parsec-canneal-20260423t030618z', 'parsec-streamcluster-20260423t030618z']
2026-04-23T03:08:14.819890+00:00 Scheduler heartbeat: launched_phases=['phase-01', 'phase-03'] pending_phases=['phase-02', 'phase-04', 'phase-05'] completed_jobs=['blackscholes'] running_jobs=['parsec-canneal-20260423t030618z', 'parsec-streamcluster-20260423t030618z']
2026-04-23T03:08:32.056815+00:00 Scheduler heartbeat: launched_phases=['phase-01', 'phase-03'] pending_phases=['phase-02', 'phase-04', 'phase-05'] completed_jobs=['blackscholes'] running_jobs=['parsec-canneal-20260423t030618z', 'parsec-streamcluster-20260423t030618z']
2026-04-23T03:08:48.150397+00:00 Scheduler heartbeat: launched_phases=['phase-01', 'phase-03'] pending_phases=['phase-02', 'phase-04', 'phase-05'] completed_jobs=['blackscholes'] running_jobs=['parsec-canneal-20260423t030618z', 'parsec-streamcluster-20260423t030618z']
2026-04-23T03:09:05.242030+00:00 Scheduler heartbeat: launched_phases=['phase-01', 'phase-03'] pending_phases=['phase-02', 'phase-04', 'phase-05'] completed_jobs=['blackscholes'] running_jobs=['parsec-canneal-20260423t030618z', 'parsec-streamcluster-20260423t030618z']
2026-04-23T03:09:13.839648+00:00 Job completed: parsec-streamcluster-20260423t030618z
2026-04-23T03:09:13.839907+00:00 Phase dependency satisfied for phase-02: streamcluster
2026-04-23T03:09:13.840028+00:00 Launching phase phase-02: freqmine
2026-04-23T03:09:20.585982+00:00 Scheduler heartbeat: launched_phases=['phase-01', 'phase-02', 'phase-03'] pending_phases=['phase-04', 'phase-05'] completed_jobs=['blackscholes', 'streamcluster'] running_jobs=['parsec-canneal-20260423t030618z', 'parsec-freqmine-20260423t030618z']
2026-04-23T03:09:34.002089+00:00 Job completed: parsec-canneal-20260423t030618z
2026-04-23T03:09:34.002337+00:00 Phase dependency satisfied for phase-05: canneal
2026-04-23T03:09:34.002446+00:00 Launching phase phase-05: barnes
2026-04-23T03:09:36.975101+00:00 Scheduler heartbeat: launched_phases=['phase-01', 'phase-02', 'phase-03', 'phase-05'] pending_phases=['phase-04'] completed_jobs=['blackscholes', 'canneal', 'streamcluster'] running_jobs=['parsec-barnes-20260423t030618z', 'parsec-freqmine-20260423t030618z']
2026-04-23T03:09:53.186334+00:00 Scheduler heartbeat: launched_phases=['phase-01', 'phase-02', 'phase-03', 'phase-05'] pending_phases=['phase-04'] completed_jobs=['blackscholes', 'canneal', 'streamcluster'] running_jobs=['parsec-barnes-20260423t030618z', 'parsec-freqmine-20260423t030618z']
2026-04-23T03:10:10.498995+00:00 Scheduler heartbeat: launched_phases=['phase-01', 'phase-02', 'phase-03', 'phase-05'] pending_phases=['phase-04'] completed_jobs=['blackscholes', 'canneal', 'streamcluster'] running_jobs=['parsec-barnes-20260423t030618z', 'parsec-freqmine-20260423t030618z']
2026-04-23T03:10:26.657180+00:00 Scheduler heartbeat: launched_phases=['phase-01', 'phase-02', 'phase-03', 'phase-05'] pending_phases=['phase-04'] completed_jobs=['blackscholes', 'canneal', 'streamcluster'] running_jobs=['parsec-barnes-20260423t030618z', 'parsec-freqmine-20260423t030618z']
2026-04-23T03:10:30.277150+00:00 Job completed: parsec-freqmine-20260423t030618z
2026-04-23T03:10:30.277314+00:00 Phase dependency satisfied for phase-04: freqmine
2026-04-23T03:10:30.277336+00:00 Launching phase phase-04: vips, radix
2026-04-23T03:10:36.039370+00:00 Job completed: parsec-barnes-20260423t030618z
2026-04-23T03:10:43.484811+00:00 Scheduler heartbeat: launched_phases=['phase-01', 'phase-02', 'phase-03', 'phase-04', 'phase-05'] pending_phases=[] completed_jobs=['barnes', 'blackscholes', 'canneal', 'freqmine', 'streamcluster'] running_jobs=['parsec-radix-20260423t030618z', 'parsec-vips-20260423t030618z']
2026-04-23T03:10:58.557090+00:00 Scheduler heartbeat: launched_phases=['phase-01', 'phase-02', 'phase-03', 'phase-04', 'phase-05'] pending_phases=[] completed_jobs=['barnes', 'blackscholes', 'canneal', 'freqmine', 'streamcluster'] running_jobs=['parsec-radix-20260423t030618z', 'parsec-vips-20260423t030618z']
2026-04-23T03:11:05.868406+00:00 Job completed: parsec-vips-20260423t030618z
2026-04-23T03:11:05.868669+00:00 Job completed: parsec-radix-20260423t030618z
2026-04-23T03:11:05.868891+00:00 All batch jobs completed; capturing pods and stopping mcperf
2026-04-23T03:11:05.869018+00:00 Waiting briefly for final pod termination metadata
2026-04-23T03:11:06.438796+00:00 Stopping mcperf measurement with SIGINT
2026-04-23T03:11:19.858895+00:00 mcperf is still running after SIGINT; escalating to SIGTERM
