2026-04-27T05:13:41.595902+00:00 Run directory prepared: /home/carti/ETH/Msc/CCA/risultatiPart3/Matte/automation/runs/part3-handcrafted/2026-04-27-07h13m41s
2026-04-27T05:13:41.596015+00:00 Rendered 8 manifests into /home/carti/ETH/Msc/CCA/risultatiPart3/Matte/automation/runs/part3-handcrafted/2026-04-27-07h13m41s/rendered_manifests
2026-04-27T05:13:41.596086+00:00 Cleaning previous managed workloads
2026-04-27T05:14:14.260831+00:00 Ensuring canonical node labels and checking client provisioning
2026-04-27T05:14:25.181268+00:00 Applying memcached manifest
2026-04-27T05:14:28.976022+00:00 Capturing benchmark node CPU platforms
2026-04-27T05:14:33.893470+00:00 Benchmark node CPU platform capture complete: node-a-8core=e2-standard-8/AMD Rome, node-b-4core=n2d-highcpu-4/AMD Milan
2026-04-27T05:14:33.894089+00:00 Restarting mcperf-agent.service on client-agent-a (client-agent-a-jjhj)
2026-04-27T05:14:40.391335+00:00 mcperf-agent.service active on client-agent-a (client-agent-a-jjhj)
2026-04-27T05:14:40.391529+00:00 Restarting mcperf-agent.service on client-agent-b (client-agent-b-988s)
2026-04-27T05:14:46.528087+00:00 mcperf-agent.service active on client-agent-b (client-agent-b-988s)
2026-04-27T05:14:46.528465+00:00 Starting measurement against memcached IP 100.96.6.132
2026-04-27T05:14:47.031774+00:00 Waiting for first mcperf measurement sample
2026-04-27T05:14:53.850335+00:00 mcperf measurement header observed
2026-04-27T05:15:06.029310+00:00 mcperf measurement is live
2026-04-27T05:15:06.029178+00:00 mcperf measurement sample observed
2026-04-27T05:15:06.029812+00:00 Starting phase scheduler
2026-04-27T05:15:06.381476+00:00 Phase dependency satisfied for phase-01: start
2026-04-27T05:15:06.381687+00:00 Phase dependency satisfied for phase-03: start
2026-04-27T05:15:06.381723+00:00 Launching phase phase-01: radix, freqmine
2026-04-27T05:15:07.145263+00:00 Launching phase phase-03: canneal, barnes, vips
2026-04-27T05:15:08.596144+00:00 Scheduler heartbeat: launched_phases=['phase-01', 'phase-03'] pending_phases=['phase-02', 'phase-04'] completed_jobs=[] running_jobs=['parsec-barnes-2026-04-27-07h13m41s', 'parsec-canneal-2026-04-27-07h13m41s', 'parsec-freqmine-2026-04-27-07h13m41s', 'parsec-radix-2026-04-27-07h13m41s', 'parsec-vips-2026-04-27-07h13m41s']
2026-04-27T05:15:24.352485+00:00 Scheduler heartbeat: launched_phases=['phase-01', 'phase-03'] pending_phases=['phase-02', 'phase-04'] completed_jobs=[] running_jobs=['parsec-barnes-2026-04-27-07h13m41s', 'parsec-canneal-2026-04-27-07h13m41s', 'parsec-freqmine-2026-04-27-07h13m41s', 'parsec-radix-2026-04-27-07h13m41s', 'parsec-vips-2026-04-27-07h13m41s']
2026-04-27T05:15:40.633629+00:00 Scheduler heartbeat: launched_phases=['phase-01', 'phase-03'] pending_phases=['phase-02', 'phase-04'] completed_jobs=[] running_jobs=['parsec-barnes-2026-04-27-07h13m41s', 'parsec-canneal-2026-04-27-07h13m41s', 'parsec-freqmine-2026-04-27-07h13m41s', 'parsec-radix-2026-04-27-07h13m41s', 'parsec-vips-2026-04-27-07h13m41s']
2026-04-27T05:15:51.194149+00:00 Job completed: parsec-radix-2026-04-27-07h13m41s
2026-04-27T05:15:56.484823+00:00 Scheduler heartbeat: launched_phases=['phase-01', 'phase-03'] pending_phases=['phase-02', 'phase-04'] completed_jobs=['radix'] running_jobs=['parsec-barnes-2026-04-27-07h13m41s', 'parsec-canneal-2026-04-27-07h13m41s', 'parsec-freqmine-2026-04-27-07h13m41s', 'parsec-vips-2026-04-27-07h13m41s']
2026-04-27T05:16:12.582491+00:00 Scheduler heartbeat: launched_phases=['phase-01', 'phase-03'] pending_phases=['phase-02', 'phase-04'] completed_jobs=['radix'] running_jobs=['parsec-barnes-2026-04-27-07h13m41s', 'parsec-canneal-2026-04-27-07h13m41s', 'parsec-freqmine-2026-04-27-07h13m41s', 'parsec-vips-2026-04-27-07h13m41s']
2026-04-27T05:16:28.005281+00:00 Scheduler heartbeat: launched_phases=['phase-01', 'phase-03'] pending_phases=['phase-02', 'phase-04'] completed_jobs=['radix'] running_jobs=['parsec-barnes-2026-04-27-07h13m41s', 'parsec-canneal-2026-04-27-07h13m41s', 'parsec-freqmine-2026-04-27-07h13m41s', 'parsec-vips-2026-04-27-07h13m41s']
2026-04-27T05:16:29.291382+00:00 Job completed: parsec-freqmine-2026-04-27-07h13m41s
2026-04-27T05:16:29.291710+00:00 Phase dependency satisfied for phase-02: freqmine
2026-04-27T05:16:29.291926+00:00 Launching phase phase-02: streamcluster
2026-04-27T05:16:44.759746+00:00 Scheduler heartbeat: launched_phases=['phase-01', 'phase-02', 'phase-03'] pending_phases=['phase-04'] completed_jobs=['freqmine', 'radix'] running_jobs=['parsec-barnes-2026-04-27-07h13m41s', 'parsec-canneal-2026-04-27-07h13m41s', 'parsec-streamcluster-2026-04-27-07h13m41s', 'parsec-vips-2026-04-27-07h13m41s']
2026-04-27T05:17:00.196504+00:00 Scheduler heartbeat: launched_phases=['phase-01', 'phase-02', 'phase-03'] pending_phases=['phase-04'] completed_jobs=['freqmine', 'radix'] running_jobs=['parsec-barnes-2026-04-27-07h13m41s', 'parsec-canneal-2026-04-27-07h13m41s', 'parsec-streamcluster-2026-04-27-07h13m41s', 'parsec-vips-2026-04-27-07h13m41s']
2026-04-27T05:17:16.455684+00:00 Scheduler heartbeat: launched_phases=['phase-01', 'phase-02', 'phase-03'] pending_phases=['phase-04'] completed_jobs=['freqmine', 'radix'] running_jobs=['parsec-barnes-2026-04-27-07h13m41s', 'parsec-canneal-2026-04-27-07h13m41s', 'parsec-streamcluster-2026-04-27-07h13m41s', 'parsec-vips-2026-04-27-07h13m41s']
2026-04-27T05:17:26.874254+00:00 Job completed: parsec-vips-2026-04-27-07h13m41s
2026-04-27T05:17:26.874643+00:00 Phase dependency satisfied for phase-04: vips
2026-04-27T05:17:26.874818+00:00 Launching phase phase-04: blackscholes
2026-04-27T05:17:32.710086+00:00 Scheduler heartbeat: launched_phases=['phase-01', 'phase-02', 'phase-03', 'phase-04'] pending_phases=[] completed_jobs=['freqmine', 'radix', 'vips'] running_jobs=['parsec-barnes-2026-04-27-07h13m41s', 'parsec-blackscholes-2026-04-27-07h13m41s', 'parsec-canneal-2026-04-27-07h13m41s', 'parsec-streamcluster-2026-04-27-07h13m41s']
2026-04-27T05:17:49.057643+00:00 Scheduler heartbeat: launched_phases=['phase-01', 'phase-02', 'phase-03', 'phase-04'] pending_phases=[] completed_jobs=['freqmine', 'radix', 'vips'] running_jobs=['parsec-barnes-2026-04-27-07h13m41s', 'parsec-blackscholes-2026-04-27-07h13m41s', 'parsec-canneal-2026-04-27-07h13m41s', 'parsec-streamcluster-2026-04-27-07h13m41s']
2026-04-27T05:17:57.007810+00:00 Job completed: parsec-barnes-2026-04-27-07h13m41s
2026-04-27T05:18:04.945108+00:00 Scheduler heartbeat: launched_phases=['phase-01', 'phase-02', 'phase-03', 'phase-04'] pending_phases=[] completed_jobs=['barnes', 'freqmine', 'radix', 'vips'] running_jobs=['parsec-blackscholes-2026-04-27-07h13m41s', 'parsec-canneal-2026-04-27-07h13m41s', 'parsec-streamcluster-2026-04-27-07h13m41s']
2026-04-27T05:18:21.770855+00:00 Scheduler heartbeat: launched_phases=['phase-01', 'phase-02', 'phase-03', 'phase-04'] pending_phases=[] completed_jobs=['barnes', 'freqmine', 'radix', 'vips'] running_jobs=['parsec-blackscholes-2026-04-27-07h13m41s', 'parsec-canneal-2026-04-27-07h13m41s', 'parsec-streamcluster-2026-04-27-07h13m41s']
2026-04-27T05:18:23.194836+00:00 Job completed: parsec-streamcluster-2026-04-27-07h13m41s
2026-04-27T05:18:38.046556+00:00 Scheduler heartbeat: launched_phases=['phase-01', 'phase-02', 'phase-03', 'phase-04'] pending_phases=[] completed_jobs=['barnes', 'freqmine', 'radix', 'streamcluster', 'vips'] running_jobs=['parsec-blackscholes-2026-04-27-07h13m41s', 'parsec-canneal-2026-04-27-07h13m41s']
2026-04-27T05:18:54.510218+00:00 Scheduler heartbeat: launched_phases=['phase-01', 'phase-02', 'phase-03', 'phase-04'] pending_phases=[] completed_jobs=['barnes', 'freqmine', 'radix', 'streamcluster', 'vips'] running_jobs=['parsec-blackscholes-2026-04-27-07h13m41s', 'parsec-canneal-2026-04-27-07h13m41s']
2026-04-27T05:19:04.733361+00:00 Job completed: parsec-canneal-2026-04-27-07h13m41s
2026-04-27T05:19:09.897823+00:00 Scheduler heartbeat: launched_phases=['phase-01', 'phase-02', 'phase-03', 'phase-04'] pending_phases=[] completed_jobs=['barnes', 'canneal', 'freqmine', 'radix', 'streamcluster', 'vips'] running_jobs=['parsec-blackscholes-2026-04-27-07h13m41s']
2026-04-27T05:19:25.479565+00:00 Job completed: parsec-blackscholes-2026-04-27-07h13m41s
2026-04-27T05:19:25.479806+00:00 All batch jobs completed; capturing results.json and stopping mcperf
2026-04-27T05:19:25.479858+00:00 Waiting briefly for final pod termination metadata
2026-04-27T05:19:26.801374+00:00 Stopping mcperf measurement wrapper on client-measure-6nt6 with SIGINT
2026-04-27T05:19:40.311650+00:00 mcperf is still running on client-measure-6nt6 after SIGINT; escalating to SIGTERM
2026-04-27T05:19:43.526668+00:00 Summarizing run from captured pod snapshot and mcperf output
2026-04-27T05:19:43.528135+00:00 Run completed with status pass makespan=253.0 max_p95_us=454.7
2026-04-27T05:19:43.640359+00:00 Runtime stats refreshed: /home/carti/ETH/Msc/CCA/risultatiPart3/Matte/automation/runs/runtime_stats.json samples=210 eligible_runs=30
