2026-04-26T21:57:26.447922+00:00 Run directory prepared: /home/carti/ETH/Msc/CCA/risultatiPart3/Matte/automation/runs/part3-handcrafted/2026-04-26-23h57m26s
2026-04-26T21:57:26.448099+00:00 Rendered 8 manifests into /home/carti/ETH/Msc/CCA/risultatiPart3/Matte/automation/runs/part3-handcrafted/2026-04-26-23h57m26s/rendered_manifests
2026-04-26T21:57:26.448213+00:00 Cleaning previous managed workloads
2026-04-26T21:57:58.356192+00:00 Ensuring canonical node labels and checking client provisioning
2026-04-26T21:58:12.339871+00:00 Pre-caching 8 images on benchmark nodes via 2 transient pod(s)
2026-04-26T21:58:17.988530+00:00 Pre-cache pods completed successfully
2026-04-26T21:58:18.821222+00:00 Pre-cache pods deleted
2026-04-26T21:58:18.821440+00:00 Applying memcached manifest
2026-04-26T21:58:21.642101+00:00 Checking mcperf-agent.service on client-agent-a (client-agent-a-jjhj)
2026-04-26T21:58:24.359972+00:00 mcperf-agent.service already active on client-agent-a (client-agent-a-jjhj)
2026-04-26T21:58:24.360214+00:00 Checking mcperf-agent.service on client-agent-b (client-agent-b-988s)
2026-04-26T21:58:27.048296+00:00 mcperf-agent.service already active on client-agent-b (client-agent-b-988s)
2026-04-26T21:58:27.048599+00:00 Starting measurement against memcached IP 100.96.6.5
2026-04-26T21:58:27.452659+00:00 Waiting for first mcperf measurement sample
2026-04-26T21:58:32.567720+00:00 mcperf measurement header observed
2026-04-26T21:58:46.384065+00:00 mcperf measurement is live
2026-04-26T21:58:46.383953+00:00 mcperf measurement sample observed
2026-04-26T21:58:46.384447+00:00 Starting phase scheduler
2026-04-26T21:58:46.648999+00:00 Phase dependency satisfied for phase-01: start
2026-04-26T21:58:46.649252+00:00 Launching phase phase-01: streamcluster, blackscholes
2026-04-26T21:58:47.802019+00:00 Scheduler heartbeat: launched_phases=['phase-01'] pending_phases=['phase-02', 'phase-03', 'phase-04', 'phase-05'] completed_jobs=[] running_jobs=['parsec-blackscholes-2026-04-26-23h57m26s', 'parsec-streamcluster-2026-04-26-23h57m26s']
2026-04-26T21:59:03.973842+00:00 Scheduler heartbeat: launched_phases=['phase-01'] pending_phases=['phase-02', 'phase-03', 'phase-04', 'phase-05'] completed_jobs=[] running_jobs=['parsec-blackscholes-2026-04-26-23h57m26s', 'parsec-streamcluster-2026-04-26-23h57m26s']
2026-04-26T21:59:22.041943+00:00 Scheduler heartbeat: launched_phases=['phase-01'] pending_phases=['phase-02', 'phase-03', 'phase-04', 'phase-05'] completed_jobs=[] running_jobs=['parsec-blackscholes-2026-04-26-23h57m26s', 'parsec-streamcluster-2026-04-26-23h57m26s']
2026-04-26T21:59:37.348995+00:00 Scheduler heartbeat: launched_phases=['phase-01'] pending_phases=['phase-02', 'phase-03', 'phase-04', 'phase-05'] completed_jobs=[] running_jobs=['parsec-blackscholes-2026-04-26-23h57m26s', 'parsec-streamcluster-2026-04-26-23h57m26s']
2026-04-26T21:59:44.944996+00:00 Job completed: parsec-blackscholes-2026-04-26-23h57m26s
2026-04-26T21:59:44.945184+00:00 Phase dependency satisfied for phase-03: blackscholes
2026-04-26T21:59:44.945219+00:00 Launching phase phase-03: canneal
2026-04-26T21:59:56.061049+00:00 Scheduler heartbeat: launched_phases=['phase-01', 'phase-03'] pending_phases=['phase-02', 'phase-04', 'phase-05'] completed_jobs=['blackscholes'] running_jobs=['parsec-canneal-2026-04-26-23h57m26s', 'parsec-streamcluster-2026-04-26-23h57m26s']
2026-04-26T22:00:11.240959+00:00 Scheduler heartbeat: launched_phases=['phase-01', 'phase-03'] pending_phases=['phase-02', 'phase-04', 'phase-05'] completed_jobs=['blackscholes'] running_jobs=['parsec-canneal-2026-04-26-23h57m26s', 'parsec-streamcluster-2026-04-26-23h57m26s']
2026-04-26T22:00:28.078737+00:00 Job completed: parsec-streamcluster-2026-04-26-23h57m26s
2026-04-26T22:00:28.078932+00:00 Phase dependency satisfied for phase-02: streamcluster
2026-04-26T22:00:28.078967+00:00 Launching phase phase-02: freqmine
2026-04-26T22:00:29.965013+00:00 Scheduler heartbeat: launched_phases=['phase-01', 'phase-02', 'phase-03'] pending_phases=['phase-04', 'phase-05'] completed_jobs=['blackscholes', 'streamcluster'] running_jobs=['parsec-canneal-2026-04-26-23h57m26s', 'parsec-freqmine-2026-04-26-23h57m26s']
2026-04-26T22:00:45.367431+00:00 Scheduler heartbeat: launched_phases=['phase-01', 'phase-02', 'phase-03'] pending_phases=['phase-04', 'phase-05'] completed_jobs=['blackscholes', 'streamcluster'] running_jobs=['parsec-canneal-2026-04-26-23h57m26s', 'parsec-freqmine-2026-04-26-23h57m26s']
2026-04-26T22:01:03.540240+00:00 Scheduler heartbeat: launched_phases=['phase-01', 'phase-02', 'phase-03'] pending_phases=['phase-04', 'phase-05'] completed_jobs=['blackscholes', 'streamcluster'] running_jobs=['parsec-canneal-2026-04-26-23h57m26s', 'parsec-freqmine-2026-04-26-23h57m26s']
2026-04-26T22:01:18.977230+00:00 Scheduler heartbeat: launched_phases=['phase-01', 'phase-02', 'phase-03'] pending_phases=['phase-04', 'phase-05'] completed_jobs=['blackscholes', 'streamcluster'] running_jobs=['parsec-canneal-2026-04-26-23h57m26s', 'parsec-freqmine-2026-04-26-23h57m26s']
2026-04-26T22:01:34.320704+00:00 Scheduler heartbeat: launched_phases=['phase-01', 'phase-02', 'phase-03'] pending_phases=['phase-04', 'phase-05'] completed_jobs=['blackscholes', 'streamcluster'] running_jobs=['parsec-canneal-2026-04-26-23h57m26s', 'parsec-freqmine-2026-04-26-23h57m26s']
2026-04-26T22:01:50.862661+00:00 Job completed: parsec-freqmine-2026-04-26-23h57m26s
2026-04-26T22:01:50.863096+00:00 Phase dependency satisfied for phase-04: freqmine
2026-04-26T22:01:50.863187+00:00 Launching phase phase-04: vips, radix
2026-04-26T22:01:51.826640+00:00 Scheduler heartbeat: launched_phases=['phase-01', 'phase-02', 'phase-03', 'phase-04'] pending_phases=['phase-05'] completed_jobs=['blackscholes', 'freqmine', 'streamcluster'] running_jobs=['parsec-canneal-2026-04-26-23h57m26s', 'parsec-radix-2026-04-26-23h57m26s', 'parsec-vips-2026-04-26-23h57m26s']
2026-04-26T22:01:54.397251+00:00 Job completed: parsec-canneal-2026-04-26-23h57m26s
2026-04-26T22:01:54.397437+00:00 Phase dependency satisfied for phase-05: canneal
2026-04-26T22:01:54.397473+00:00 Launching phase phase-05: barnes
2026-04-26T22:02:07.834168+00:00 Scheduler heartbeat: launched_phases=['phase-01', 'phase-02', 'phase-03', 'phase-04', 'phase-05'] pending_phases=[] completed_jobs=['blackscholes', 'canneal', 'freqmine', 'streamcluster'] running_jobs=['parsec-barnes-2026-04-26-23h57m26s', 'parsec-radix-2026-04-26-23h57m26s', 'parsec-vips-2026-04-26-23h57m26s']
2026-04-26T22:02:25.594524+00:00 Scheduler heartbeat: launched_phases=['phase-01', 'phase-02', 'phase-03', 'phase-04', 'phase-05'] pending_phases=[] completed_jobs=['blackscholes', 'canneal', 'freqmine', 'streamcluster'] running_jobs=['parsec-barnes-2026-04-26-23h57m26s', 'parsec-radix-2026-04-26-23h57m26s', 'parsec-vips-2026-04-26-23h57m26s']
2026-04-26T22:02:26.873203+00:00 Job completed: parsec-radix-2026-04-26-23h57m26s
2026-04-26T22:02:28.174349+00:00 Job completed: parsec-vips-2026-04-26-23h57m26s
2026-04-26T22:02:40.937996+00:00 Scheduler heartbeat: launched_phases=['phase-01', 'phase-02', 'phase-03', 'phase-04', 'phase-05'] pending_phases=[] completed_jobs=['blackscholes', 'canneal', 'freqmine', 'radix', 'streamcluster', 'vips'] running_jobs=['parsec-barnes-2026-04-26-23h57m26s']
2026-04-26T22:02:59.042801+00:00 Scheduler heartbeat: launched_phases=['phase-01', 'phase-02', 'phase-03', 'phase-04', 'phase-05'] pending_phases=[] completed_jobs=['blackscholes', 'canneal', 'freqmine', 'radix', 'streamcluster', 'vips'] running_jobs=['parsec-barnes-2026-04-26-23h57m26s']
2026-04-26T22:03:02.888739+00:00 Job completed: parsec-barnes-2026-04-26-23h57m26s
2026-04-26T22:03:02.889121+00:00 All batch jobs completed; capturing results.json and stopping mcperf
2026-04-26T22:03:02.889265+00:00 Waiting briefly for final pod termination metadata
2026-04-26T22:03:03.490889+00:00 Stopping mcperf measurement wrapper on client-measure-6nt6 with SIGINT
2026-04-26T22:03:16.505533+00:00 mcperf is still running on client-measure-6nt6 after SIGINT; escalating to SIGTERM
2026-04-26T22:03:22.410462+00:00 Summarizing run from captured pod snapshot and mcperf output
2026-04-26T22:03:22.413580+00:00 Run completed with status pass makespan=252.0 max_p95_us=439.6
