2026-04-27T00:34:49.632335+00:00 Run directory prepared: /home/carti/ETH/Msc/CCA/risultatiPart3/Matte/automation/runs/part3-handcrafted/2026-04-27-02h34m49s
2026-04-27T00:34:49.632616+00:00 Rendered 8 manifests into /home/carti/ETH/Msc/CCA/risultatiPart3/Matte/automation/runs/part3-handcrafted/2026-04-27-02h34m49s/rendered_manifests
2026-04-27T00:34:49.632809+00:00 Cleaning previous managed workloads
2026-04-27T00:35:22.034323+00:00 Ensuring canonical node labels and checking client provisioning
2026-04-27T00:35:32.920809+00:00 Applying memcached manifest
2026-04-27T00:35:35.819959+00:00 Capturing benchmark node CPU platforms
2026-04-27T00:35:39.507983+00:00 Benchmark node CPU platform capture complete: node-a-8core=e2-standard-8/AMD Rome, node-b-4core=n2d-highcpu-4/AMD Milan
2026-04-27T00:35:39.508500+00:00 Restarting mcperf-agent.service on client-agent-a (client-agent-a-jjhj)
2026-04-27T00:35:45.114799+00:00 mcperf-agent.service active on client-agent-a (client-agent-a-jjhj)
2026-04-27T00:35:45.115019+00:00 Restarting mcperf-agent.service on client-agent-b (client-agent-b-988s)
2026-04-27T00:35:50.688590+00:00 mcperf-agent.service active on client-agent-b (client-agent-b-988s)
2026-04-27T00:35:50.688842+00:00 Starting measurement against memcached IP 100.96.6.45
2026-04-27T00:35:51.109404+00:00 Waiting for first mcperf measurement sample
2026-04-27T00:35:57.444328+00:00 mcperf measurement header observed
2026-04-27T00:36:09.115655+00:00 mcperf measurement sample observed
2026-04-27T00:36:09.116199+00:00 mcperf measurement is live
2026-04-27T00:36:09.116716+00:00 Starting phase scheduler
2026-04-27T00:36:09.443045+00:00 Phase dependency satisfied for phase-01: start
2026-04-27T00:36:09.443299+00:00 Launching phase phase-01: streamcluster, blackscholes
2026-04-27T00:36:10.435187+00:00 Scheduler heartbeat: launched_phases=['phase-01'] pending_phases=['phase-02', 'phase-03', 'phase-04', 'phase-05'] completed_jobs=[] running_jobs=['parsec-blackscholes-2026-04-27-02h34m49s', 'parsec-streamcluster-2026-04-27-02h34m49s']
2026-04-27T00:36:25.807676+00:00 Scheduler heartbeat: launched_phases=['phase-01'] pending_phases=['phase-02', 'phase-03', 'phase-04', 'phase-05'] completed_jobs=[] running_jobs=['parsec-blackscholes-2026-04-27-02h34m49s', 'parsec-streamcluster-2026-04-27-02h34m49s']
2026-04-27T00:36:41.175158+00:00 Scheduler heartbeat: launched_phases=['phase-01'] pending_phases=['phase-02', 'phase-03', 'phase-04', 'phase-05'] completed_jobs=[] running_jobs=['parsec-blackscholes-2026-04-27-02h34m49s', 'parsec-streamcluster-2026-04-27-02h34m49s']
2026-04-27T00:36:56.469419+00:00 Scheduler heartbeat: launched_phases=['phase-01'] pending_phases=['phase-02', 'phase-03', 'phase-04', 'phase-05'] completed_jobs=[] running_jobs=['parsec-blackscholes-2026-04-27-02h34m49s', 'parsec-streamcluster-2026-04-27-02h34m49s']
2026-04-27T00:37:06.725009+00:00 Job completed: parsec-blackscholes-2026-04-27-02h34m49s
2026-04-27T00:37:06.725433+00:00 Phase dependency satisfied for phase-03: blackscholes
2026-04-27T00:37:06.725632+00:00 Launching phase phase-03: canneal
2026-04-27T00:37:12.551734+00:00 Scheduler heartbeat: launched_phases=['phase-01', 'phase-03'] pending_phases=['phase-02', 'phase-04', 'phase-05'] completed_jobs=['blackscholes'] running_jobs=['parsec-canneal-2026-04-27-02h34m49s', 'parsec-streamcluster-2026-04-27-02h34m49s']
2026-04-27T00:37:28.115632+00:00 Scheduler heartbeat: launched_phases=['phase-01', 'phase-03'] pending_phases=['phase-02', 'phase-04', 'phase-05'] completed_jobs=['blackscholes'] running_jobs=['parsec-canneal-2026-04-27-02h34m49s', 'parsec-streamcluster-2026-04-27-02h34m49s']
2026-04-27T00:37:43.707086+00:00 Scheduler heartbeat: launched_phases=['phase-01', 'phase-03'] pending_phases=['phase-02', 'phase-04', 'phase-05'] completed_jobs=['blackscholes'] running_jobs=['parsec-canneal-2026-04-27-02h34m49s', 'parsec-streamcluster-2026-04-27-02h34m49s']
2026-04-27T00:37:59.218180+00:00 Scheduler heartbeat: launched_phases=['phase-01', 'phase-03'] pending_phases=['phase-02', 'phase-04', 'phase-05'] completed_jobs=['blackscholes'] running_jobs=['parsec-canneal-2026-04-27-02h34m49s', 'parsec-streamcluster-2026-04-27-02h34m49s']
2026-04-27T00:38:07.053028+00:00 Job completed: parsec-streamcluster-2026-04-27-02h34m49s
2026-04-27T00:38:07.053241+00:00 Phase dependency satisfied for phase-02: streamcluster
2026-04-27T00:38:07.053272+00:00 Launching phase phase-02: freqmine
2026-04-27T00:38:15.436369+00:00 Scheduler heartbeat: launched_phases=['phase-01', 'phase-02', 'phase-03'] pending_phases=['phase-04', 'phase-05'] completed_jobs=['blackscholes', 'streamcluster'] running_jobs=['parsec-canneal-2026-04-27-02h34m49s', 'parsec-freqmine-2026-04-27-02h34m49s']
2026-04-27T00:38:31.252394+00:00 Scheduler heartbeat: launched_phases=['phase-01', 'phase-02', 'phase-03'] pending_phases=['phase-04', 'phase-05'] completed_jobs=['blackscholes', 'streamcluster'] running_jobs=['parsec-canneal-2026-04-27-02h34m49s', 'parsec-freqmine-2026-04-27-02h34m49s']
2026-04-27T00:38:46.708912+00:00 Scheduler heartbeat: launched_phases=['phase-01', 'phase-02', 'phase-03'] pending_phases=['phase-04', 'phase-05'] completed_jobs=['blackscholes', 'streamcluster'] running_jobs=['parsec-canneal-2026-04-27-02h34m49s', 'parsec-freqmine-2026-04-27-02h34m49s']
2026-04-27T00:38:55.768363+00:00 Job completed: parsec-canneal-2026-04-27-02h34m49s
2026-04-27T00:38:55.768550+00:00 Phase dependency satisfied for phase-05: canneal
2026-04-27T00:38:55.768581+00:00 Launching phase phase-05: barnes
2026-04-27T00:39:02.885626+00:00 Scheduler heartbeat: launched_phases=['phase-01', 'phase-02', 'phase-03', 'phase-05'] pending_phases=['phase-04'] completed_jobs=['blackscholes', 'canneal', 'streamcluster'] running_jobs=['parsec-barnes-2026-04-27-02h34m49s', 'parsec-freqmine-2026-04-27-02h34m49s']
2026-04-27T00:39:19.286613+00:00 Job completed: parsec-freqmine-2026-04-27-02h34m49s
2026-04-27T00:39:19.286949+00:00 Phase dependency satisfied for phase-04: freqmine
2026-04-27T00:39:19.287146+00:00 Launching phase phase-04: vips, radix
2026-04-27T00:39:21.013454+00:00 Scheduler heartbeat: launched_phases=['phase-01', 'phase-02', 'phase-03', 'phase-04', 'phase-05'] pending_phases=[] completed_jobs=['blackscholes', 'canneal', 'freqmine', 'streamcluster'] running_jobs=['parsec-barnes-2026-04-27-02h34m49s', 'parsec-radix-2026-04-27-02h34m49s', 'parsec-vips-2026-04-27-02h34m49s']
2026-04-27T00:39:36.813940+00:00 Scheduler heartbeat: launched_phases=['phase-01', 'phase-02', 'phase-03', 'phase-04', 'phase-05'] pending_phases=[] completed_jobs=['blackscholes', 'canneal', 'freqmine', 'streamcluster'] running_jobs=['parsec-barnes-2026-04-27-02h34m49s', 'parsec-radix-2026-04-27-02h34m49s', 'parsec-vips-2026-04-27-02h34m49s']
2026-04-27T00:39:53.029954+00:00 Scheduler heartbeat: launched_phases=['phase-01', 'phase-02', 'phase-03', 'phase-04', 'phase-05'] pending_phases=[] completed_jobs=['blackscholes', 'canneal', 'freqmine', 'streamcluster'] running_jobs=['parsec-barnes-2026-04-27-02h34m49s', 'parsec-radix-2026-04-27-02h34m49s', 'parsec-vips-2026-04-27-02h34m49s']
2026-04-27T00:39:55.736313+00:00 Job completed: parsec-vips-2026-04-27-02h34m49s
2026-04-27T00:39:55.736529+00:00 Job completed: parsec-radix-2026-04-27-02h34m49s
2026-04-27T00:40:04.176840+00:00 Job completed: parsec-barnes-2026-04-27-02h34m49s
2026-04-27T00:40:04.177373+00:00 All batch jobs completed; capturing results.json and stopping mcperf
2026-04-27T00:40:04.177588+00:00 Waiting briefly for final pod termination metadata
2026-04-27T00:40:05.255594+00:00 Stopping mcperf measurement wrapper on client-measure-6nt6 with SIGINT
2026-04-27T00:40:19.128129+00:00 mcperf is still running on client-measure-6nt6 after SIGINT; escalating to SIGTERM
2026-04-27T00:40:22.736154+00:00 Summarizing run from captured pod snapshot and mcperf output
2026-04-27T00:40:22.737587+00:00 Run completed with status pass makespan=229.0 max_p95_us=431.9
