2026-04-27T00:17:17.582286+00:00 Run directory prepared: /home/carti/ETH/Msc/CCA/risultatiPart3/Matte/automation/runs/part3-handcrafted/2026-04-27-02h17m17s
2026-04-27T00:17:17.582367+00:00 Rendered 8 manifests into /home/carti/ETH/Msc/CCA/risultatiPart3/Matte/automation/runs/part3-handcrafted/2026-04-27-02h17m17s/rendered_manifests
2026-04-27T00:17:17.582395+00:00 Cleaning previous managed workloads
2026-04-27T00:17:49.712527+00:00 Ensuring canonical node labels and checking client provisioning
2026-04-27T00:18:00.465041+00:00 Applying memcached manifest
2026-04-27T00:18:03.579256+00:00 Capturing benchmark node CPU platforms
2026-04-27T00:18:08.037632+00:00 Benchmark node CPU platform capture complete: node-a-8core=e2-standard-8/AMD Rome, node-b-4core=n2d-highcpu-4/AMD Milan
2026-04-27T00:18:08.038337+00:00 Restarting mcperf-agent.service on client-agent-a (client-agent-a-jjhj)
2026-04-27T00:18:15.462242+00:00 mcperf-agent.service active on client-agent-a (client-agent-a-jjhj)
2026-04-27T00:18:15.462449+00:00 Restarting mcperf-agent.service on client-agent-b (client-agent-b-988s)
2026-04-27T00:18:21.472015+00:00 mcperf-agent.service active on client-agent-b (client-agent-b-988s)
2026-04-27T00:18:21.472197+00:00 Starting measurement against memcached IP 100.96.6.33
2026-04-27T00:18:21.906410+00:00 Waiting for first mcperf measurement sample
2026-04-27T00:18:28.045903+00:00 mcperf measurement header observed
2026-04-27T00:18:39.732954+00:00 mcperf measurement sample observed
2026-04-27T00:18:39.733091+00:00 mcperf measurement is live
2026-04-27T00:18:39.733556+00:00 Starting phase scheduler
2026-04-27T00:18:40.045184+00:00 Phase dependency satisfied for phase-01: start
2026-04-27T00:18:40.045379+00:00 Launching phase phase-01: streamcluster, blackscholes
2026-04-27T00:18:41.301986+00:00 Scheduler heartbeat: launched_phases=['phase-01'] pending_phases=['phase-02', 'phase-03', 'phase-04', 'phase-05'] completed_jobs=[] running_jobs=['parsec-blackscholes-2026-04-27-02h17m17s', 'parsec-streamcluster-2026-04-27-02h17m17s']
2026-04-27T00:18:56.590478+00:00 Scheduler heartbeat: launched_phases=['phase-01'] pending_phases=['phase-02', 'phase-03', 'phase-04', 'phase-05'] completed_jobs=[] running_jobs=['parsec-blackscholes-2026-04-27-02h17m17s', 'parsec-streamcluster-2026-04-27-02h17m17s']
2026-04-27T00:19:11.593160+00:00 Scheduler heartbeat: launched_phases=['phase-01'] pending_phases=['phase-02', 'phase-03', 'phase-04', 'phase-05'] completed_jobs=[] running_jobs=['parsec-blackscholes-2026-04-27-02h17m17s', 'parsec-streamcluster-2026-04-27-02h17m17s']
2026-04-27T00:19:27.689398+00:00 Scheduler heartbeat: launched_phases=['phase-01'] pending_phases=['phase-02', 'phase-03', 'phase-04', 'phase-05'] completed_jobs=[] running_jobs=['parsec-blackscholes-2026-04-27-02h17m17s', 'parsec-streamcluster-2026-04-27-02h17m17s']
2026-04-27T00:19:43.941909+00:00 Scheduler heartbeat: launched_phases=['phase-01'] pending_phases=['phase-02', 'phase-03', 'phase-04', 'phase-05'] completed_jobs=[] running_jobs=['parsec-blackscholes-2026-04-27-02h17m17s', 'parsec-streamcluster-2026-04-27-02h17m17s']
2026-04-27T00:19:45.314778+00:00 Job completed: parsec-blackscholes-2026-04-27-02h17m17s
2026-04-27T00:19:45.315075+00:00 Phase dependency satisfied for phase-03: blackscholes
2026-04-27T00:19:45.315154+00:00 Launching phase phase-03: canneal
2026-04-27T00:19:59.780056+00:00 Scheduler heartbeat: launched_phases=['phase-01', 'phase-03'] pending_phases=['phase-02', 'phase-04', 'phase-05'] completed_jobs=['blackscholes'] running_jobs=['parsec-canneal-2026-04-27-02h17m17s', 'parsec-streamcluster-2026-04-27-02h17m17s']
2026-04-27T00:20:15.904507+00:00 Scheduler heartbeat: launched_phases=['phase-01', 'phase-03'] pending_phases=['phase-02', 'phase-04', 'phase-05'] completed_jobs=['blackscholes'] running_jobs=['parsec-canneal-2026-04-27-02h17m17s', 'parsec-streamcluster-2026-04-27-02h17m17s']
2026-04-27T00:20:30.988803+00:00 Scheduler heartbeat: launched_phases=['phase-01', 'phase-03'] pending_phases=['phase-02', 'phase-04', 'phase-05'] completed_jobs=['blackscholes'] running_jobs=['parsec-canneal-2026-04-27-02h17m17s', 'parsec-streamcluster-2026-04-27-02h17m17s']
2026-04-27T00:20:36.335489+00:00 Job completed: parsec-streamcluster-2026-04-27-02h17m17s
2026-04-27T00:20:36.335813+00:00 Phase dependency satisfied for phase-02: streamcluster
2026-04-27T00:20:36.335999+00:00 Launching phase phase-02: freqmine
2026-04-27T00:20:46.869048+00:00 Scheduler heartbeat: launched_phases=['phase-01', 'phase-02', 'phase-03'] pending_phases=['phase-04', 'phase-05'] completed_jobs=['blackscholes', 'streamcluster'] running_jobs=['parsec-canneal-2026-04-27-02h17m17s', 'parsec-freqmine-2026-04-27-02h17m17s']
2026-04-27T00:21:02.884355+00:00 Scheduler heartbeat: launched_phases=['phase-01', 'phase-02', 'phase-03'] pending_phases=['phase-04', 'phase-05'] completed_jobs=['blackscholes', 'streamcluster'] running_jobs=['parsec-canneal-2026-04-27-02h17m17s', 'parsec-freqmine-2026-04-27-02h17m17s']
2026-04-27T00:21:17.910829+00:00 Scheduler heartbeat: launched_phases=['phase-01', 'phase-02', 'phase-03'] pending_phases=['phase-04', 'phase-05'] completed_jobs=['blackscholes', 'streamcluster'] running_jobs=['parsec-canneal-2026-04-27-02h17m17s', 'parsec-freqmine-2026-04-27-02h17m17s']
2026-04-27T00:21:33.003960+00:00 Scheduler heartbeat: launched_phases=['phase-01', 'phase-02', 'phase-03'] pending_phases=['phase-04', 'phase-05'] completed_jobs=['blackscholes', 'streamcluster'] running_jobs=['parsec-canneal-2026-04-27-02h17m17s', 'parsec-freqmine-2026-04-27-02h17m17s']
2026-04-27T00:21:35.953942+00:00 Job completed: parsec-canneal-2026-04-27-02h17m17s
2026-04-27T00:21:35.954389+00:00 Phase dependency satisfied for phase-05: canneal
2026-04-27T00:21:35.954537+00:00 Launching phase phase-05: vips
2026-04-27T00:21:48.856155+00:00 Scheduler heartbeat: launched_phases=['phase-01', 'phase-02', 'phase-03', 'phase-05'] pending_phases=['phase-04'] completed_jobs=['blackscholes', 'canneal', 'streamcluster'] running_jobs=['parsec-freqmine-2026-04-27-02h17m17s', 'parsec-vips-2026-04-27-02h17m17s']
2026-04-27T00:21:57.361793+00:00 Job completed: parsec-freqmine-2026-04-27-02h17m17s
2026-04-27T00:21:57.362272+00:00 Phase dependency satisfied for phase-04: freqmine
2026-04-27T00:21:57.362516+00:00 Launching phase phase-04: barnes, radix
2026-04-27T00:22:04.812364+00:00 Scheduler heartbeat: launched_phases=['phase-01', 'phase-02', 'phase-03', 'phase-04', 'phase-05'] pending_phases=[] completed_jobs=['blackscholes', 'canneal', 'freqmine', 'streamcluster'] running_jobs=['parsec-barnes-2026-04-27-02h17m17s', 'parsec-radix-2026-04-27-02h17m17s', 'parsec-vips-2026-04-27-02h17m17s']
2026-04-27T00:22:20.764506+00:00 Scheduler heartbeat: launched_phases=['phase-01', 'phase-02', 'phase-03', 'phase-04', 'phase-05'] pending_phases=[] completed_jobs=['blackscholes', 'canneal', 'freqmine', 'streamcluster'] running_jobs=['parsec-barnes-2026-04-27-02h17m17s', 'parsec-radix-2026-04-27-02h17m17s', 'parsec-vips-2026-04-27-02h17m17s']
2026-04-27T00:22:37.009820+00:00 Scheduler heartbeat: launched_phases=['phase-01', 'phase-02', 'phase-03', 'phase-04', 'phase-05'] pending_phases=[] completed_jobs=['blackscholes', 'canneal', 'freqmine', 'streamcluster'] running_jobs=['parsec-barnes-2026-04-27-02h17m17s', 'parsec-radix-2026-04-27-02h17m17s', 'parsec-vips-2026-04-27-02h17m17s']
2026-04-27T00:22:45.045823+00:00 Job completed: parsec-vips-2026-04-27-02h17m17s
2026-04-27T00:22:46.403725+00:00 Job completed: parsec-barnes-2026-04-27-02h17m17s
2026-04-27T00:22:52.071552+00:00 Scheduler heartbeat: launched_phases=['phase-01', 'phase-02', 'phase-03', 'phase-04', 'phase-05'] pending_phases=[] completed_jobs=['barnes', 'blackscholes', 'canneal', 'freqmine', 'streamcluster', 'vips'] running_jobs=['parsec-radix-2026-04-27-02h17m17s']
2026-04-27T00:22:56.500582+00:00 Job completed: parsec-radix-2026-04-27-02h17m17s
2026-04-27T00:22:56.500967+00:00 All batch jobs completed; capturing results.json and stopping mcperf
2026-04-27T00:22:56.501043+00:00 Waiting briefly for final pod termination metadata
2026-04-27T00:22:57.551500+00:00 Stopping mcperf measurement wrapper on client-measure-6nt6 with SIGINT
2026-04-27T00:23:11.702578+00:00 mcperf is still running on client-measure-6nt6 after SIGINT; escalating to SIGTERM
2026-04-27T00:23:15.234312+00:00 Summarizing run from captured pod snapshot and mcperf output
2026-04-27T00:23:15.236143+00:00 Run completed with status pass makespan=252.0 max_p95_us=461.9
