2026-04-27T03:18:19.025533+00:00 Run directory prepared: /home/carti/ETH/Msc/CCA/risultatiPart3/Matte/automation/runs/part3-handcrafted/2026-04-27-05h18m19s
2026-04-27T03:18:19.025846+00:00 Rendered 8 manifests into /home/carti/ETH/Msc/CCA/risultatiPart3/Matte/automation/runs/part3-handcrafted/2026-04-27-05h18m19s/rendered_manifests
2026-04-27T03:18:19.025962+00:00 Cleaning previous managed workloads
2026-04-27T03:18:51.664214+00:00 Ensuring canonical node labels and checking client provisioning
2026-04-27T03:19:03.177306+00:00 Applying memcached manifest
2026-04-27T03:19:06.942552+00:00 Capturing benchmark node CPU platforms
2026-04-27T03:19:10.878890+00:00 Benchmark node CPU platform capture complete: node-a-8core=e2-standard-8/AMD Rome, node-b-4core=n2d-highcpu-4/AMD Milan
2026-04-27T03:19:10.879788+00:00 Restarting mcperf-agent.service on client-agent-a (client-agent-a-jjhj)
2026-04-27T03:19:17.040558+00:00 mcperf-agent.service active on client-agent-a (client-agent-a-jjhj)
2026-04-27T03:19:17.040786+00:00 Restarting mcperf-agent.service on client-agent-b (client-agent-b-988s)
2026-04-27T03:19:23.369997+00:00 mcperf-agent.service active on client-agent-b (client-agent-b-988s)
2026-04-27T03:19:23.370222+00:00 Starting measurement against memcached IP 100.96.5.71
2026-04-27T03:19:23.845835+00:00 Waiting for first mcperf measurement sample
2026-04-27T03:19:30.324599+00:00 mcperf measurement header observed
2026-04-27T03:19:42.034740+00:00 mcperf measurement is live
2026-04-27T03:19:42.034654+00:00 mcperf measurement sample observed
2026-04-27T03:19:42.035338+00:00 Starting phase scheduler
2026-04-27T03:19:42.339470+00:00 Phase dependency satisfied for phase-01: start
2026-04-27T03:19:42.339729+00:00 Phase dependency satisfied for phase-04: start
2026-04-27T03:19:42.339854+00:00 Launching phase phase-01: streamcluster
2026-04-27T03:19:42.720476+00:00 Launching phase phase-04: canneal, barnes
2026-04-27T03:19:43.725192+00:00 Scheduler heartbeat: launched_phases=['phase-01', 'phase-04'] pending_phases=['phase-02', 'phase-03', 'phase-05', 'phase-06'] completed_jobs=[] running_jobs=['parsec-barnes-2026-04-27-05h18m19s', 'parsec-canneal-2026-04-27-05h18m19s', 'parsec-streamcluster-2026-04-27-05h18m19s']
2026-04-27T03:19:59.060509+00:00 Scheduler heartbeat: launched_phases=['phase-01', 'phase-04'] pending_phases=['phase-02', 'phase-03', 'phase-05', 'phase-06'] completed_jobs=[] running_jobs=['parsec-barnes-2026-04-27-05h18m19s', 'parsec-canneal-2026-04-27-05h18m19s', 'parsec-streamcluster-2026-04-27-05h18m19s']
2026-04-27T03:20:14.476254+00:00 Scheduler heartbeat: launched_phases=['phase-01', 'phase-04'] pending_phases=['phase-02', 'phase-03', 'phase-05', 'phase-06'] completed_jobs=[] running_jobs=['parsec-barnes-2026-04-27-05h18m19s', 'parsec-canneal-2026-04-27-05h18m19s', 'parsec-streamcluster-2026-04-27-05h18m19s']
2026-04-27T03:20:30.135548+00:00 Scheduler heartbeat: launched_phases=['phase-01', 'phase-04'] pending_phases=['phase-02', 'phase-03', 'phase-05', 'phase-06'] completed_jobs=[] running_jobs=['parsec-barnes-2026-04-27-05h18m19s', 'parsec-canneal-2026-04-27-05h18m19s', 'parsec-streamcluster-2026-04-27-05h18m19s']
2026-04-27T03:20:45.963354+00:00 Scheduler heartbeat: launched_phases=['phase-01', 'phase-04'] pending_phases=['phase-02', 'phase-03', 'phase-05', 'phase-06'] completed_jobs=[] running_jobs=['parsec-barnes-2026-04-27-05h18m19s', 'parsec-canneal-2026-04-27-05h18m19s', 'parsec-streamcluster-2026-04-27-05h18m19s']
2026-04-27T03:21:01.518411+00:00 Scheduler heartbeat: launched_phases=['phase-01', 'phase-04'] pending_phases=['phase-02', 'phase-03', 'phase-05', 'phase-06'] completed_jobs=[] running_jobs=['parsec-barnes-2026-04-27-05h18m19s', 'parsec-canneal-2026-04-27-05h18m19s', 'parsec-streamcluster-2026-04-27-05h18m19s']
2026-04-27T03:21:05.462405+00:00 Job completed: parsec-barnes-2026-04-27-05h18m19s
2026-04-27T03:21:05.462707+00:00 Phase dependency satisfied for phase-05: barnes
2026-04-27T03:21:05.462886+00:00 Launching phase phase-05: blackscholes
2026-04-27T03:21:16.666558+00:00 Scheduler heartbeat: launched_phases=['phase-01', 'phase-04', 'phase-05'] pending_phases=['phase-02', 'phase-03', 'phase-06'] completed_jobs=['barnes'] running_jobs=['parsec-blackscholes-2026-04-27-05h18m19s', 'parsec-canneal-2026-04-27-05h18m19s', 'parsec-streamcluster-2026-04-27-05h18m19s']
2026-04-27T03:21:32.236738+00:00 Scheduler heartbeat: launched_phases=['phase-01', 'phase-04', 'phase-05'] pending_phases=['phase-02', 'phase-03', 'phase-06'] completed_jobs=['barnes'] running_jobs=['parsec-blackscholes-2026-04-27-05h18m19s', 'parsec-canneal-2026-04-27-05h18m19s', 'parsec-streamcluster-2026-04-27-05h18m19s']
2026-04-27T03:21:47.952693+00:00 Scheduler heartbeat: launched_phases=['phase-01', 'phase-04', 'phase-05'] pending_phases=['phase-02', 'phase-03', 'phase-06'] completed_jobs=['barnes'] running_jobs=['parsec-blackscholes-2026-04-27-05h18m19s', 'parsec-canneal-2026-04-27-05h18m19s', 'parsec-streamcluster-2026-04-27-05h18m19s']
2026-04-27T03:21:53.155040+00:00 Job completed: parsec-streamcluster-2026-04-27-05h18m19s
2026-04-27T03:21:53.155406+00:00 Phase dependency satisfied for phase-02: streamcluster
2026-04-27T03:21:53.155545+00:00 Launching phase phase-02: freqmine
2026-04-27T03:21:53.830449+00:00 Job completed: parsec-canneal-2026-04-27-05h18m19s
2026-04-27T03:22:04.327901+00:00 Scheduler heartbeat: launched_phases=['phase-01', 'phase-02', 'phase-04', 'phase-05'] pending_phases=['phase-03', 'phase-06'] completed_jobs=['barnes', 'canneal', 'streamcluster'] running_jobs=['parsec-blackscholes-2026-04-27-05h18m19s', 'parsec-freqmine-2026-04-27-05h18m19s']
2026-04-27T03:22:09.773729+00:00 Job completed: parsec-blackscholes-2026-04-27-05h18m19s
2026-04-27T03:22:09.773932+00:00 Phase dependency satisfied for phase-06: blackscholes
2026-04-27T03:22:09.774072+00:00 Launching phase phase-06: vips
2026-04-27T03:22:19.360324+00:00 Scheduler heartbeat: launched_phases=['phase-01', 'phase-02', 'phase-04', 'phase-05', 'phase-06'] pending_phases=['phase-03'] completed_jobs=['barnes', 'blackscholes', 'canneal', 'streamcluster'] running_jobs=['parsec-freqmine-2026-04-27-05h18m19s', 'parsec-vips-2026-04-27-05h18m19s']
2026-04-27T03:22:35.195278+00:00 Scheduler heartbeat: launched_phases=['phase-01', 'phase-02', 'phase-04', 'phase-05', 'phase-06'] pending_phases=['phase-03'] completed_jobs=['barnes', 'blackscholes', 'canneal', 'streamcluster'] running_jobs=['parsec-freqmine-2026-04-27-05h18m19s', 'parsec-vips-2026-04-27-05h18m19s']
2026-04-27T03:22:51.129550+00:00 Scheduler heartbeat: launched_phases=['phase-01', 'phase-02', 'phase-04', 'phase-05', 'phase-06'] pending_phases=['phase-03'] completed_jobs=['barnes', 'blackscholes', 'canneal', 'streamcluster'] running_jobs=['parsec-freqmine-2026-04-27-05h18m19s', 'parsec-vips-2026-04-27-05h18m19s']
2026-04-27T03:23:06.625975+00:00 Scheduler heartbeat: launched_phases=['phase-01', 'phase-02', 'phase-04', 'phase-05', 'phase-06'] pending_phases=['phase-03'] completed_jobs=['barnes', 'blackscholes', 'canneal', 'streamcluster'] running_jobs=['parsec-freqmine-2026-04-27-05h18m19s', 'parsec-vips-2026-04-27-05h18m19s']
2026-04-27T03:23:15.550364+00:00 Job completed: parsec-vips-2026-04-27-05h18m19s
2026-04-27T03:23:21.923683+00:00 Scheduler heartbeat: launched_phases=['phase-01', 'phase-02', 'phase-04', 'phase-05', 'phase-06'] pending_phases=['phase-03'] completed_jobs=['barnes', 'blackscholes', 'canneal', 'streamcluster', 'vips'] running_jobs=['parsec-freqmine-2026-04-27-05h18m19s']
2026-04-27T03:23:23.195693+00:00 Job completed: parsec-freqmine-2026-04-27-05h18m19s
2026-04-27T03:23:23.195883+00:00 Phase dependency satisfied for phase-03: freqmine
2026-04-27T03:23:23.195923+00:00 Launching phase phase-03: radix
2026-04-27T03:23:37.898213+00:00 Scheduler heartbeat: launched_phases=['phase-01', 'phase-02', 'phase-03', 'phase-04', 'phase-05', 'phase-06'] pending_phases=[] completed_jobs=['barnes', 'blackscholes', 'canneal', 'freqmine', 'streamcluster', 'vips'] running_jobs=['parsec-radix-2026-04-27-05h18m19s']
2026-04-27T03:23:39.160270+00:00 Job completed: parsec-radix-2026-04-27-05h18m19s
2026-04-27T03:23:39.160546+00:00 All batch jobs completed; capturing results.json and stopping mcperf
2026-04-27T03:23:39.160591+00:00 Waiting briefly for final pod termination metadata
2026-04-27T03:23:39.780912+00:00 Stopping mcperf measurement wrapper on client-measure-6nt6 with SIGINT
2026-04-27T03:23:53.039193+00:00 mcperf is still running on client-measure-6nt6 after SIGINT; escalating to SIGTERM
2026-04-27T03:23:56.507210+00:00 Summarizing run from captured pod snapshot and mcperf output
2026-04-27T03:23:56.508399+00:00 Run completed with status pass makespan=232.0 max_p95_us=444.5
