2026-04-27T04:56:54.504036+00:00 Run directory prepared: /home/carti/ETH/Msc/CCA/risultatiPart3/Matte/automation/runs/part3-handcrafted/2026-04-27-06h56m54s
2026-04-27T04:56:54.504192+00:00 Rendered 8 manifests into /home/carti/ETH/Msc/CCA/risultatiPart3/Matte/automation/runs/part3-handcrafted/2026-04-27-06h56m54s/rendered_manifests
2026-04-27T04:56:54.504331+00:00 Cleaning previous managed workloads
2026-04-27T04:57:26.598862+00:00 Ensuring canonical node labels and checking client provisioning
2026-04-27T04:57:37.380200+00:00 Applying memcached manifest
2026-04-27T04:57:41.120016+00:00 Capturing benchmark node CPU platforms
2026-04-27T04:57:44.389434+00:00 Benchmark node CPU platform capture complete: node-a-8core=e2-standard-8/AMD Rome, node-b-4core=n2d-highcpu-4/AMD Milan
2026-04-27T04:57:44.390071+00:00 Restarting mcperf-agent.service on client-agent-a (client-agent-a-jjhj)
2026-04-27T04:57:50.001254+00:00 mcperf-agent.service active on client-agent-a (client-agent-a-jjhj)
2026-04-27T04:57:50.001503+00:00 Restarting mcperf-agent.service on client-agent-b (client-agent-b-988s)
2026-04-27T04:57:55.468193+00:00 mcperf-agent.service active on client-agent-b (client-agent-b-988s)
2026-04-27T04:57:55.468453+00:00 Starting measurement against memcached IP 100.96.6.121
2026-04-27T04:57:55.817823+00:00 Waiting for first mcperf measurement sample
2026-04-27T04:58:01.282428+00:00 mcperf measurement header observed
2026-04-27T04:58:13.459854+00:00 mcperf measurement sample observed
2026-04-27T04:58:13.460016+00:00 mcperf measurement is live
2026-04-27T04:58:13.460306+00:00 Starting phase scheduler
2026-04-27T04:58:13.717728+00:00 Phase dependency satisfied for phase-01: start
2026-04-27T04:58:13.717918+00:00 Phase dependency satisfied for phase-03: start
2026-04-27T04:58:13.717943+00:00 Phase dependency satisfied for phase-05: start
2026-04-27T04:58:13.717960+00:00 Launching phase phase-01: canneal
2026-04-27T04:58:14.060315+00:00 Launching phase phase-03: streamcluster
2026-04-27T04:58:14.343221+00:00 Launching phase phase-05: freqmine
2026-04-27T04:58:14.953674+00:00 Scheduler heartbeat: launched_phases=['phase-01', 'phase-03', 'phase-05'] pending_phases=['phase-02', 'phase-04', 'phase-06', 'phase-07'] completed_jobs=[] running_jobs=['parsec-canneal-2026-04-27-06h56m54s', 'parsec-freqmine-2026-04-27-06h56m54s', 'parsec-streamcluster-2026-04-27-06h56m54s']
2026-04-27T04:58:30.042288+00:00 Scheduler heartbeat: launched_phases=['phase-01', 'phase-03', 'phase-05'] pending_phases=['phase-02', 'phase-04', 'phase-06', 'phase-07'] completed_jobs=[] running_jobs=['parsec-canneal-2026-04-27-06h56m54s', 'parsec-freqmine-2026-04-27-06h56m54s', 'parsec-streamcluster-2026-04-27-06h56m54s']
2026-04-27T04:58:45.897319+00:00 Scheduler heartbeat: launched_phases=['phase-01', 'phase-03', 'phase-05'] pending_phases=['phase-02', 'phase-04', 'phase-06', 'phase-07'] completed_jobs=[] running_jobs=['parsec-canneal-2026-04-27-06h56m54s', 'parsec-freqmine-2026-04-27-06h56m54s', 'parsec-streamcluster-2026-04-27-06h56m54s']
2026-04-27T04:59:01.068415+00:00 Scheduler heartbeat: launched_phases=['phase-01', 'phase-03', 'phase-05'] pending_phases=['phase-02', 'phase-04', 'phase-06', 'phase-07'] completed_jobs=[] running_jobs=['parsec-canneal-2026-04-27-06h56m54s', 'parsec-freqmine-2026-04-27-06h56m54s', 'parsec-streamcluster-2026-04-27-06h56m54s']
2026-04-27T04:59:17.065888+00:00 Scheduler heartbeat: launched_phases=['phase-01', 'phase-03', 'phase-05'] pending_phases=['phase-02', 'phase-04', 'phase-06', 'phase-07'] completed_jobs=[] running_jobs=['parsec-canneal-2026-04-27-06h56m54s', 'parsec-freqmine-2026-04-27-06h56m54s', 'parsec-streamcluster-2026-04-27-06h56m54s']
2026-04-27T04:59:32.260021+00:00 Scheduler heartbeat: launched_phases=['phase-01', 'phase-03', 'phase-05'] pending_phases=['phase-02', 'phase-04', 'phase-06', 'phase-07'] completed_jobs=[] running_jobs=['parsec-canneal-2026-04-27-06h56m54s', 'parsec-freqmine-2026-04-27-06h56m54s', 'parsec-streamcluster-2026-04-27-06h56m54s']
2026-04-27T04:59:47.974126+00:00 Scheduler heartbeat: launched_phases=['phase-01', 'phase-03', 'phase-05'] pending_phases=['phase-02', 'phase-04', 'phase-06', 'phase-07'] completed_jobs=[] running_jobs=['parsec-canneal-2026-04-27-06h56m54s', 'parsec-freqmine-2026-04-27-06h56m54s', 'parsec-streamcluster-2026-04-27-06h56m54s']
2026-04-27T05:00:03.215130+00:00 Scheduler heartbeat: launched_phases=['phase-01', 'phase-03', 'phase-05'] pending_phases=['phase-02', 'phase-04', 'phase-06', 'phase-07'] completed_jobs=[] running_jobs=['parsec-canneal-2026-04-27-06h56m54s', 'parsec-freqmine-2026-04-27-06h56m54s', 'parsec-streamcluster-2026-04-27-06h56m54s']
2026-04-27T05:00:05.801848+00:00 Job completed: parsec-canneal-2026-04-27-06h56m54s
2026-04-27T05:00:05.802059+00:00 Phase dependency satisfied for phase-02: canneal
2026-04-27T05:00:05.802109+00:00 Launching phase phase-02: blackscholes
2026-04-27T05:00:12.765237+00:00 Job completed: parsec-freqmine-2026-04-27-06h56m54s
2026-04-27T05:00:12.765447+00:00 Phase dependency satisfied for phase-06: freqmine
2026-04-27T05:00:12.765734+00:00 Launching phase phase-06: vips
2026-04-27T05:00:19.048731+00:00 Scheduler heartbeat: launched_phases=['phase-01', 'phase-02', 'phase-03', 'phase-05', 'phase-06'] pending_phases=['phase-04', 'phase-07'] completed_jobs=['canneal', 'freqmine'] running_jobs=['parsec-blackscholes-2026-04-27-06h56m54s', 'parsec-streamcluster-2026-04-27-06h56m54s', 'parsec-vips-2026-04-27-06h56m54s']
2026-04-27T05:00:34.392040+00:00 Scheduler heartbeat: launched_phases=['phase-01', 'phase-02', 'phase-03', 'phase-05', 'phase-06'] pending_phases=['phase-04', 'phase-07'] completed_jobs=['canneal', 'freqmine'] running_jobs=['parsec-blackscholes-2026-04-27-06h56m54s', 'parsec-streamcluster-2026-04-27-06h56m54s', 'parsec-vips-2026-04-27-06h56m54s']
2026-04-27T05:00:50.222367+00:00 Scheduler heartbeat: launched_phases=['phase-01', 'phase-02', 'phase-03', 'phase-05', 'phase-06'] pending_phases=['phase-04', 'phase-07'] completed_jobs=['canneal', 'freqmine'] running_jobs=['parsec-blackscholes-2026-04-27-06h56m54s', 'parsec-streamcluster-2026-04-27-06h56m54s', 'parsec-vips-2026-04-27-06h56m54s']
2026-04-27T05:00:55.295956+00:00 Job completed: parsec-vips-2026-04-27-06h56m54s
2026-04-27T05:00:55.296215+00:00 Phase dependency satisfied for phase-07: vips
2026-04-27T05:00:55.296259+00:00 Launching phase phase-07: barnes
2026-04-27T05:01:03.513477+00:00 Job completed: parsec-blackscholes-2026-04-27-06h56m54s
2026-04-27T05:01:06.059822+00:00 Scheduler heartbeat: launched_phases=['phase-01', 'phase-02', 'phase-03', 'phase-05', 'phase-06', 'phase-07'] pending_phases=['phase-04'] completed_jobs=['blackscholes', 'canneal', 'freqmine', 'vips'] running_jobs=['parsec-barnes-2026-04-27-06h56m54s', 'parsec-streamcluster-2026-04-27-06h56m54s']
2026-04-27T05:01:22.207252+00:00 Scheduler heartbeat: launched_phases=['phase-01', 'phase-02', 'phase-03', 'phase-05', 'phase-06', 'phase-07'] pending_phases=['phase-04'] completed_jobs=['blackscholes', 'canneal', 'freqmine', 'vips'] running_jobs=['parsec-barnes-2026-04-27-06h56m54s', 'parsec-streamcluster-2026-04-27-06h56m54s']
2026-04-27T05:01:37.731621+00:00 Scheduler heartbeat: launched_phases=['phase-01', 'phase-02', 'phase-03', 'phase-05', 'phase-06', 'phase-07'] pending_phases=['phase-04'] completed_jobs=['blackscholes', 'canneal', 'freqmine', 'vips'] running_jobs=['parsec-barnes-2026-04-27-06h56m54s', 'parsec-streamcluster-2026-04-27-06h56m54s']
2026-04-27T05:01:53.422945+00:00 Scheduler heartbeat: launched_phases=['phase-01', 'phase-02', 'phase-03', 'phase-05', 'phase-06', 'phase-07'] pending_phases=['phase-04'] completed_jobs=['blackscholes', 'canneal', 'freqmine', 'vips'] running_jobs=['parsec-barnes-2026-04-27-06h56m54s', 'parsec-streamcluster-2026-04-27-06h56m54s']
2026-04-27T05:01:59.166607+00:00 Job completed: parsec-barnes-2026-04-27-06h56m54s
2026-04-27T05:01:59.166867+00:00 Phase dependency satisfied for phase-04: barnes
2026-04-27T05:01:59.166922+00:00 Launching phase phase-04: radix
2026-04-27T05:02:01.193538+00:00 Job completed: parsec-streamcluster-2026-04-27-06h56m54s
2026-04-27T05:02:09.150163+00:00 Scheduler heartbeat: launched_phases=['phase-01', 'phase-02', 'phase-03', 'phase-04', 'phase-05', 'phase-06', 'phase-07'] pending_phases=[] completed_jobs=['barnes', 'blackscholes', 'canneal', 'freqmine', 'streamcluster', 'vips'] running_jobs=['parsec-radix-2026-04-27-06h56m54s']
2026-04-27T05:02:14.486977+00:00 Job completed: parsec-radix-2026-04-27-06h56m54s
2026-04-27T05:02:14.487433+00:00 All batch jobs completed; capturing results.json and stopping mcperf
2026-04-27T05:02:14.487509+00:00 Waiting briefly for final pod termination metadata
2026-04-27T05:02:15.240264+00:00 Stopping mcperf measurement wrapper on client-measure-6nt6 with SIGINT
2026-04-27T05:02:29.436822+00:00 mcperf is still running on client-measure-6nt6 after SIGINT; escalating to SIGTERM
2026-04-27T05:02:33.299899+00:00 Summarizing run from captured pod snapshot and mcperf output
2026-04-27T05:02:33.302818+00:00 Run completed with status pass makespan=236.0 max_p95_us=402.3
2026-04-27T05:02:33.455143+00:00 Runtime stats refreshed: /home/carti/ETH/Msc/CCA/risultatiPart3/Matte/automation/runs/runtime_stats.json samples=189 eligible_runs=27
