2026-04-27T02:17:41.288699+00:00 Run directory prepared: /home/carti/ETH/Msc/CCA/risultatiPart3/Matte/automation/runs/part3-handcrafted/2026-04-27-04h17m41s
2026-04-27T02:17:41.288757+00:00 Rendered 8 manifests into /home/carti/ETH/Msc/CCA/risultatiPart3/Matte/automation/runs/part3-handcrafted/2026-04-27-04h17m41s/rendered_manifests
2026-04-27T02:17:41.288775+00:00 Cleaning previous managed workloads
2026-04-27T02:18:13.242257+00:00 Ensuring canonical node labels and checking client provisioning
2026-04-27T02:18:27.028917+00:00 Pre-caching 8 images on benchmark nodes via 2 transient pod(s)
2026-04-27T02:18:32.740784+00:00 Pre-cache pods completed successfully
2026-04-27T02:18:33.731028+00:00 Pre-cache pods deleted
2026-04-27T02:18:33.731367+00:00 Applying memcached manifest
2026-04-27T02:18:37.077983+00:00 Capturing benchmark node CPU platforms
2026-04-27T02:18:40.699184+00:00 Benchmark node CPU platform capture complete: node-a-8core=e2-standard-8/AMD Rome, node-b-4core=n2d-highcpu-4/AMD Milan
2026-04-27T02:18:40.699874+00:00 Restarting mcperf-agent.service on client-agent-a (client-agent-a-jjhj)
2026-04-27T02:18:46.431229+00:00 mcperf-agent.service active on client-agent-a (client-agent-a-jjhj)
2026-04-27T02:18:46.431649+00:00 Restarting mcperf-agent.service on client-agent-b (client-agent-b-988s)
2026-04-27T02:18:52.167153+00:00 mcperf-agent.service active on client-agent-b (client-agent-b-988s)
2026-04-27T02:18:52.167414+00:00 Starting measurement against memcached IP 100.96.5.54
2026-04-27T02:18:52.584552+00:00 Waiting for first mcperf measurement sample
2026-04-27T02:18:58.096534+00:00 mcperf measurement header observed
2026-04-27T02:19:09.734697+00:00 mcperf measurement sample observed
2026-04-27T02:19:09.735367+00:00 mcperf measurement is live
2026-04-27T02:19:09.735520+00:00 Starting phase scheduler
2026-04-27T02:19:10.031834+00:00 Phase dependency satisfied for phase-01: start
2026-04-27T02:19:10.032083+00:00 Phase dependency satisfied for phase-04: start
2026-04-27T02:19:10.032199+00:00 Launching phase phase-01: canneal
2026-04-27T02:19:10.362022+00:00 Launching phase phase-04: streamcluster
2026-04-27T02:19:10.994198+00:00 Scheduler heartbeat: launched_phases=['phase-01', 'phase-04'] pending_phases=['phase-02', 'phase-03', 'phase-05', 'phase-06'] completed_jobs=[] running_jobs=['parsec-canneal-2026-04-27-04h17m41s', 'parsec-streamcluster-2026-04-27-04h17m41s']
2026-04-27T02:19:26.353855+00:00 Scheduler heartbeat: launched_phases=['phase-01', 'phase-04'] pending_phases=['phase-02', 'phase-03', 'phase-05', 'phase-06'] completed_jobs=[] running_jobs=['parsec-canneal-2026-04-27-04h17m41s', 'parsec-streamcluster-2026-04-27-04h17m41s']
2026-04-27T02:19:41.668685+00:00 Scheduler heartbeat: launched_phases=['phase-01', 'phase-04'] pending_phases=['phase-02', 'phase-03', 'phase-05', 'phase-06'] completed_jobs=[] running_jobs=['parsec-canneal-2026-04-27-04h17m41s', 'parsec-streamcluster-2026-04-27-04h17m41s']
2026-04-27T02:19:57.261909+00:00 Scheduler heartbeat: launched_phases=['phase-01', 'phase-04'] pending_phases=['phase-02', 'phase-03', 'phase-05', 'phase-06'] completed_jobs=[] running_jobs=['parsec-canneal-2026-04-27-04h17m41s', 'parsec-streamcluster-2026-04-27-04h17m41s']
2026-04-27T02:20:12.491357+00:00 Scheduler heartbeat: launched_phases=['phase-01', 'phase-04'] pending_phases=['phase-02', 'phase-03', 'phase-05', 'phase-06'] completed_jobs=[] running_jobs=['parsec-canneal-2026-04-27-04h17m41s', 'parsec-streamcluster-2026-04-27-04h17m41s']
2026-04-27T02:20:27.832858+00:00 Job completed: parsec-canneal-2026-04-27-04h17m41s
2026-04-27T02:20:27.833167+00:00 Phase dependency satisfied for phase-02: canneal
2026-04-27T02:20:27.833395+00:00 Launching phase phase-02: blackscholes
2026-04-27T02:20:28.493757+00:00 Scheduler heartbeat: launched_phases=['phase-01', 'phase-02', 'phase-04'] pending_phases=['phase-03', 'phase-05', 'phase-06'] completed_jobs=['canneal'] running_jobs=['parsec-blackscholes-2026-04-27-04h17m41s', 'parsec-streamcluster-2026-04-27-04h17m41s']
2026-04-27T02:20:44.015730+00:00 Scheduler heartbeat: launched_phases=['phase-01', 'phase-02', 'phase-04'] pending_phases=['phase-03', 'phase-05', 'phase-06'] completed_jobs=['canneal'] running_jobs=['parsec-blackscholes-2026-04-27-04h17m41s', 'parsec-streamcluster-2026-04-27-04h17m41s']
2026-04-27T02:20:59.486317+00:00 Scheduler heartbeat: launched_phases=['phase-01', 'phase-02', 'phase-04'] pending_phases=['phase-03', 'phase-05', 'phase-06'] completed_jobs=['canneal'] running_jobs=['parsec-blackscholes-2026-04-27-04h17m41s', 'parsec-streamcluster-2026-04-27-04h17m41s']
2026-04-27T02:21:07.240354+00:00 Job completed: parsec-blackscholes-2026-04-27-04h17m41s
2026-04-27T02:21:07.240523+00:00 Phase dependency satisfied for phase-03: blackscholes
2026-04-27T02:21:07.240549+00:00 Launching phase phase-03: barnes
2026-04-27T02:21:15.645284+00:00 Scheduler heartbeat: launched_phases=['phase-01', 'phase-02', 'phase-03', 'phase-04'] pending_phases=['phase-05', 'phase-06'] completed_jobs=['blackscholes', 'canneal'] running_jobs=['parsec-barnes-2026-04-27-04h17m41s', 'parsec-streamcluster-2026-04-27-04h17m41s']
2026-04-27T02:21:19.576646+00:00 Job completed: parsec-streamcluster-2026-04-27-04h17m41s
2026-04-27T02:21:19.576818+00:00 Phase dependency satisfied for phase-05: streamcluster
2026-04-27T02:21:19.576846+00:00 Launching phase phase-05: freqmine
2026-04-27T02:21:30.754195+00:00 Scheduler heartbeat: launched_phases=['phase-01', 'phase-02', 'phase-03', 'phase-04', 'phase-05'] pending_phases=['phase-06'] completed_jobs=['blackscholes', 'canneal', 'streamcluster'] running_jobs=['parsec-barnes-2026-04-27-04h17m41s', 'parsec-freqmine-2026-04-27-04h17m41s']
2026-04-27T02:21:46.253706+00:00 Scheduler heartbeat: launched_phases=['phase-01', 'phase-02', 'phase-03', 'phase-04', 'phase-05'] pending_phases=['phase-06'] completed_jobs=['blackscholes', 'canneal', 'streamcluster'] running_jobs=['parsec-barnes-2026-04-27-04h17m41s', 'parsec-freqmine-2026-04-27-04h17m41s']
2026-04-27T02:21:54.094441+00:00 Job completed: parsec-barnes-2026-04-27-04h17m41s
2026-04-27T02:22:01.900731+00:00 Scheduler heartbeat: launched_phases=['phase-01', 'phase-02', 'phase-03', 'phase-04', 'phase-05'] pending_phases=['phase-06'] completed_jobs=['barnes', 'blackscholes', 'canneal', 'streamcluster'] running_jobs=['parsec-freqmine-2026-04-27-04h17m41s']
2026-04-27T02:22:17.702508+00:00 Scheduler heartbeat: launched_phases=['phase-01', 'phase-02', 'phase-03', 'phase-04', 'phase-05'] pending_phases=['phase-06'] completed_jobs=['barnes', 'blackscholes', 'canneal', 'streamcluster'] running_jobs=['parsec-freqmine-2026-04-27-04h17m41s']
2026-04-27T02:22:33.188332+00:00 Scheduler heartbeat: launched_phases=['phase-01', 'phase-02', 'phase-03', 'phase-04', 'phase-05'] pending_phases=['phase-06'] completed_jobs=['barnes', 'blackscholes', 'canneal', 'streamcluster'] running_jobs=['parsec-freqmine-2026-04-27-04h17m41s']
2026-04-27T02:22:48.924068+00:00 Scheduler heartbeat: launched_phases=['phase-01', 'phase-02', 'phase-03', 'phase-04', 'phase-05'] pending_phases=['phase-06'] completed_jobs=['barnes', 'blackscholes', 'canneal', 'streamcluster'] running_jobs=['parsec-freqmine-2026-04-27-04h17m41s']
2026-04-27T02:22:51.519076+00:00 Job completed: parsec-freqmine-2026-04-27-04h17m41s
2026-04-27T02:22:51.519304+00:00 Phase dependency satisfied for phase-06: freqmine
2026-04-27T02:22:51.519351+00:00 Launching phase phase-06: vips, radix
2026-04-27T02:23:04.268137+00:00 Scheduler heartbeat: launched_phases=['phase-01', 'phase-02', 'phase-03', 'phase-04', 'phase-05', 'phase-06'] pending_phases=[] completed_jobs=['barnes', 'blackscholes', 'canneal', 'freqmine', 'streamcluster'] running_jobs=['parsec-radix-2026-04-27-04h17m41s', 'parsec-vips-2026-04-27-04h17m41s']
2026-04-27T02:23:20.542280+00:00 Scheduler heartbeat: launched_phases=['phase-01', 'phase-02', 'phase-03', 'phase-04', 'phase-05', 'phase-06'] pending_phases=[] completed_jobs=['barnes', 'blackscholes', 'canneal', 'freqmine', 'streamcluster'] running_jobs=['parsec-radix-2026-04-27-04h17m41s', 'parsec-vips-2026-04-27-04h17m41s']
2026-04-27T02:23:34.656766+00:00 Job completed: parsec-vips-2026-04-27-04h17m41s
2026-04-27T02:23:34.657237+00:00 Job completed: parsec-radix-2026-04-27-04h17m41s
2026-04-27T02:23:34.657590+00:00 All batch jobs completed; capturing results.json and stopping mcperf
2026-04-27T02:23:34.657814+00:00 Waiting briefly for final pod termination metadata
2026-04-27T02:23:35.327284+00:00 Stopping mcperf measurement wrapper on client-measure-6nt6 with SIGINT
2026-04-27T02:23:47.822465+00:00 mcperf is still running on client-measure-6nt6 after SIGINT; escalating to SIGTERM
2026-04-27T02:23:50.223596+00:00 Summarizing run from captured pod snapshot and mcperf output
2026-04-27T02:23:50.227344+00:00 Run completed with status pass makespan=256.0 max_p95_us=490.6
