2026-04-27T04:34:14.830815+00:00 Run directory prepared: /home/carti/ETH/Msc/CCA/risultatiPart3/Matte/automation/runs/part3-handcrafted/2026-04-27-06h34m14s
2026-04-27T04:34:14.830889+00:00 Rendered 8 manifests into /home/carti/ETH/Msc/CCA/risultatiPart3/Matte/automation/runs/part3-handcrafted/2026-04-27-06h34m14s/rendered_manifests
2026-04-27T04:34:14.830924+00:00 Cleaning previous managed workloads
2026-04-27T04:34:46.736093+00:00 Ensuring canonical node labels and checking client provisioning
2026-04-27T04:34:57.401017+00:00 Applying memcached manifest
2026-04-27T04:35:00.492345+00:00 Capturing benchmark node CPU platforms
2026-04-27T04:35:03.875178+00:00 Benchmark node CPU platform capture complete: node-a-8core=e2-standard-8/AMD Rome, node-b-4core=n2d-highcpu-4/AMD Milan
2026-04-27T04:35:03.875592+00:00 Restarting mcperf-agent.service on client-agent-a (client-agent-a-jjhj)
2026-04-27T04:35:10.026482+00:00 mcperf-agent.service active on client-agent-a (client-agent-a-jjhj)
2026-04-27T04:35:10.026664+00:00 Restarting mcperf-agent.service on client-agent-b (client-agent-b-988s)
2026-04-27T04:35:15.553747+00:00 mcperf-agent.service active on client-agent-b (client-agent-b-988s)
2026-04-27T04:35:15.553948+00:00 Starting measurement against memcached IP 100.96.5.106
2026-04-27T04:35:15.962278+00:00 Waiting for first mcperf measurement sample
2026-04-27T04:35:21.634288+00:00 mcperf measurement header observed
2026-04-27T04:35:33.022783+00:00 mcperf measurement is live
2026-04-27T04:35:33.022700+00:00 mcperf measurement sample observed
2026-04-27T04:35:33.023075+00:00 Starting phase scheduler
2026-04-27T04:35:33.304649+00:00 Phase dependency satisfied for phase-01: start
2026-04-27T04:35:33.305066+00:00 Phase dependency satisfied for phase-04: start
2026-04-27T04:35:33.305236+00:00 Launching phase phase-01: streamcluster
2026-04-27T04:35:33.673808+00:00 Launching phase phase-04: canneal, barnes
2026-04-27T04:35:34.558175+00:00 Scheduler heartbeat: launched_phases=['phase-01', 'phase-04'] pending_phases=['phase-02', 'phase-03', 'phase-05', 'phase-06'] completed_jobs=[] running_jobs=['parsec-barnes-2026-04-27-06h34m14s', 'parsec-canneal-2026-04-27-06h34m14s', 'parsec-streamcluster-2026-04-27-06h34m14s']
2026-04-27T04:35:50.405470+00:00 Scheduler heartbeat: launched_phases=['phase-01', 'phase-04'] pending_phases=['phase-02', 'phase-03', 'phase-05', 'phase-06'] completed_jobs=[] running_jobs=['parsec-barnes-2026-04-27-06h34m14s', 'parsec-canneal-2026-04-27-06h34m14s', 'parsec-streamcluster-2026-04-27-06h34m14s']
2026-04-27T04:36:05.715467+00:00 Scheduler heartbeat: launched_phases=['phase-01', 'phase-04'] pending_phases=['phase-02', 'phase-03', 'phase-05', 'phase-06'] completed_jobs=[] running_jobs=['parsec-barnes-2026-04-27-06h34m14s', 'parsec-canneal-2026-04-27-06h34m14s', 'parsec-streamcluster-2026-04-27-06h34m14s']
2026-04-27T04:36:21.513896+00:00 Scheduler heartbeat: launched_phases=['phase-01', 'phase-04'] pending_phases=['phase-02', 'phase-03', 'phase-05', 'phase-06'] completed_jobs=[] running_jobs=['parsec-barnes-2026-04-27-06h34m14s', 'parsec-canneal-2026-04-27-06h34m14s', 'parsec-streamcluster-2026-04-27-06h34m14s']
2026-04-27T04:36:36.698119+00:00 Scheduler heartbeat: launched_phases=['phase-01', 'phase-04'] pending_phases=['phase-02', 'phase-03', 'phase-05', 'phase-06'] completed_jobs=[] running_jobs=['parsec-barnes-2026-04-27-06h34m14s', 'parsec-canneal-2026-04-27-06h34m14s', 'parsec-streamcluster-2026-04-27-06h34m14s']
2026-04-27T04:36:52.593225+00:00 Scheduler heartbeat: launched_phases=['phase-01', 'phase-04'] pending_phases=['phase-02', 'phase-03', 'phase-05', 'phase-06'] completed_jobs=[] running_jobs=['parsec-barnes-2026-04-27-06h34m14s', 'parsec-canneal-2026-04-27-06h34m14s', 'parsec-streamcluster-2026-04-27-06h34m14s']
2026-04-27T04:36:57.657877+00:00 Job completed: parsec-barnes-2026-04-27-06h34m14s
2026-04-27T04:36:57.658162+00:00 Phase dependency satisfied for phase-05: barnes
2026-04-27T04:36:57.658283+00:00 Launching phase phase-05: blackscholes
2026-04-27T04:37:08.431196+00:00 Scheduler heartbeat: launched_phases=['phase-01', 'phase-04', 'phase-05'] pending_phases=['phase-02', 'phase-03', 'phase-06'] completed_jobs=['barnes'] running_jobs=['parsec-blackscholes-2026-04-27-06h34m14s', 'parsec-canneal-2026-04-27-06h34m14s', 'parsec-streamcluster-2026-04-27-06h34m14s']
2026-04-27T04:37:24.356616+00:00 Scheduler heartbeat: launched_phases=['phase-01', 'phase-04', 'phase-05'] pending_phases=['phase-02', 'phase-03', 'phase-06'] completed_jobs=['barnes'] running_jobs=['parsec-blackscholes-2026-04-27-06h34m14s', 'parsec-canneal-2026-04-27-06h34m14s', 'parsec-streamcluster-2026-04-27-06h34m14s']
2026-04-27T04:37:39.832448+00:00 Job completed: parsec-canneal-2026-04-27-06h34m14s
2026-04-27T04:37:39.832716+00:00 Phase dependency satisfied for phase-06: canneal
2026-04-27T04:37:39.832769+00:00 Launching phase phase-06: vips
2026-04-27T04:37:40.446140+00:00 Scheduler heartbeat: launched_phases=['phase-01', 'phase-04', 'phase-05', 'phase-06'] pending_phases=['phase-02', 'phase-03'] completed_jobs=['barnes', 'canneal'] running_jobs=['parsec-blackscholes-2026-04-27-06h34m14s', 'parsec-streamcluster-2026-04-27-06h34m14s', 'parsec-vips-2026-04-27-06h34m14s']
2026-04-27T04:37:49.979244+00:00 Job completed: parsec-streamcluster-2026-04-27-06h34m14s
2026-04-27T04:37:49.979532+00:00 Phase dependency satisfied for phase-02: streamcluster
2026-04-27T04:37:49.979607+00:00 Launching phase phase-02: freqmine
2026-04-27T04:37:56.944995+00:00 Scheduler heartbeat: launched_phases=['phase-01', 'phase-02', 'phase-04', 'phase-05', 'phase-06'] pending_phases=['phase-03'] completed_jobs=['barnes', 'canneal', 'streamcluster'] running_jobs=['parsec-blackscholes-2026-04-27-06h34m14s', 'parsec-freqmine-2026-04-27-06h34m14s', 'parsec-vips-2026-04-27-06h34m14s']
2026-04-27T04:38:03.287548+00:00 Job completed: parsec-blackscholes-2026-04-27-06h34m14s
2026-04-27T04:38:12.190422+00:00 Scheduler heartbeat: launched_phases=['phase-01', 'phase-02', 'phase-04', 'phase-05', 'phase-06'] pending_phases=['phase-03'] completed_jobs=['barnes', 'blackscholes', 'canneal', 'streamcluster'] running_jobs=['parsec-freqmine-2026-04-27-06h34m14s', 'parsec-vips-2026-04-27-06h34m14s']
2026-04-27T04:38:28.072425+00:00 Scheduler heartbeat: launched_phases=['phase-01', 'phase-02', 'phase-04', 'phase-05', 'phase-06'] pending_phases=['phase-03'] completed_jobs=['barnes', 'blackscholes', 'canneal', 'streamcluster'] running_jobs=['parsec-freqmine-2026-04-27-06h34m14s', 'parsec-vips-2026-04-27-06h34m14s']
2026-04-27T04:38:43.268055+00:00 Job completed: parsec-vips-2026-04-27-06h34m14s
2026-04-27T04:38:43.268350+00:00 Scheduler heartbeat: launched_phases=['phase-01', 'phase-02', 'phase-04', 'phase-05', 'phase-06'] pending_phases=['phase-03'] completed_jobs=['barnes', 'blackscholes', 'canneal', 'streamcluster', 'vips'] running_jobs=['parsec-freqmine-2026-04-27-06h34m14s']
2026-04-27T04:38:59.621916+00:00 Scheduler heartbeat: launched_phases=['phase-01', 'phase-02', 'phase-04', 'phase-05', 'phase-06'] pending_phases=['phase-03'] completed_jobs=['barnes', 'blackscholes', 'canneal', 'streamcluster', 'vips'] running_jobs=['parsec-freqmine-2026-04-27-06h34m14s']
2026-04-27T04:39:15.070294+00:00 Scheduler heartbeat: launched_phases=['phase-01', 'phase-02', 'phase-04', 'phase-05', 'phase-06'] pending_phases=['phase-03'] completed_jobs=['barnes', 'blackscholes', 'canneal', 'streamcluster', 'vips'] running_jobs=['parsec-freqmine-2026-04-27-06h34m14s']
2026-04-27T04:39:21.470382+00:00 Job completed: parsec-freqmine-2026-04-27-06h34m14s
2026-04-27T04:39:21.470790+00:00 Phase dependency satisfied for phase-03: freqmine
2026-04-27T04:39:21.470921+00:00 Launching phase phase-03: radix
2026-04-27T04:39:31.684880+00:00 Scheduler heartbeat: launched_phases=['phase-01', 'phase-02', 'phase-03', 'phase-04', 'phase-05', 'phase-06'] pending_phases=[] completed_jobs=['barnes', 'blackscholes', 'canneal', 'freqmine', 'streamcluster', 'vips'] running_jobs=['parsec-radix-2026-04-27-06h34m14s']
2026-04-27T04:39:38.174831+00:00 Job completed: parsec-radix-2026-04-27-06h34m14s
2026-04-27T04:39:38.175256+00:00 All batch jobs completed; capturing results.json and stopping mcperf
2026-04-27T04:39:38.175516+00:00 Waiting briefly for final pod termination metadata
2026-04-27T04:39:38.866127+00:00 Stopping mcperf measurement wrapper on client-measure-6nt6 with SIGINT
2026-04-27T04:39:52.059030+00:00 mcperf is still running on client-measure-6nt6 after SIGINT; escalating to SIGTERM
2026-04-27T04:39:55.529986+00:00 Summarizing run from captured pod snapshot and mcperf output
2026-04-27T04:39:55.531301+00:00 Run completed with status pass makespan=239.0 max_p95_us=635.9
2026-04-27T04:39:55.650829+00:00 Runtime stats refreshed: /home/carti/ETH/Msc/CCA/risultatiPart3/Matte/automation/runs/runtime_stats.json samples=161 eligible_runs=23
