2026-04-27T00:11:46.423826+00:00 Run directory prepared: /home/carti/ETH/Msc/CCA/risultatiPart3/Matte/automation/runs/part3-handcrafted/2026-04-27-02h11m46s
2026-04-27T00:11:46.423926+00:00 Rendered 8 manifests into /home/carti/ETH/Msc/CCA/risultatiPart3/Matte/automation/runs/part3-handcrafted/2026-04-27-02h11m46s/rendered_manifests
2026-04-27T00:11:46.423945+00:00 Cleaning previous managed workloads
2026-04-27T00:12:18.566137+00:00 Ensuring canonical node labels and checking client provisioning
2026-04-27T00:12:27.996905+00:00 Applying memcached manifest
2026-04-27T00:12:31.643337+00:00 Capturing benchmark node CPU platforms
2026-04-27T00:12:35.104095+00:00 Benchmark node CPU platform capture complete: node-a-8core=e2-standard-8/AMD Rome, node-b-4core=n2d-highcpu-4/AMD Milan
2026-04-27T00:12:35.104638+00:00 Restarting mcperf-agent.service on client-agent-a (client-agent-a-jjhj)
2026-04-27T00:12:40.684206+00:00 mcperf-agent.service active on client-agent-a (client-agent-a-jjhj)
2026-04-27T00:12:40.684497+00:00 Restarting mcperf-agent.service on client-agent-b (client-agent-b-988s)
2026-04-27T00:12:46.045626+00:00 mcperf-agent.service active on client-agent-b (client-agent-b-988s)
2026-04-27T00:12:46.045967+00:00 Starting measurement against memcached IP 100.96.6.29
2026-04-27T00:12:46.511527+00:00 Waiting for first mcperf measurement sample
2026-04-27T00:12:52.638451+00:00 mcperf measurement header observed
2026-04-27T00:13:04.305743+00:00 mcperf measurement sample observed
2026-04-27T00:13:04.305847+00:00 mcperf measurement is live
2026-04-27T00:13:04.306296+00:00 Starting phase scheduler
2026-04-27T00:13:04.557100+00:00 Phase dependency satisfied for phase-01: start
2026-04-27T00:13:04.557283+00:00 Launching phase phase-01: streamcluster, blackscholes
2026-04-27T00:13:05.524943+00:00 Scheduler heartbeat: launched_phases=['phase-01'] pending_phases=['phase-02', 'phase-03', 'phase-04', 'phase-05'] completed_jobs=[] running_jobs=['parsec-blackscholes-2026-04-27-02h11m46s', 'parsec-streamcluster-2026-04-27-02h11m46s']
2026-04-27T00:13:20.770222+00:00 Scheduler heartbeat: launched_phases=['phase-01'] pending_phases=['phase-02', 'phase-03', 'phase-04', 'phase-05'] completed_jobs=[] running_jobs=['parsec-blackscholes-2026-04-27-02h11m46s', 'parsec-streamcluster-2026-04-27-02h11m46s']
2026-04-27T00:13:36.014352+00:00 Scheduler heartbeat: launched_phases=['phase-01'] pending_phases=['phase-02', 'phase-03', 'phase-04', 'phase-05'] completed_jobs=[] running_jobs=['parsec-blackscholes-2026-04-27-02h11m46s', 'parsec-streamcluster-2026-04-27-02h11m46s']
2026-04-27T00:13:51.354413+00:00 Scheduler heartbeat: launched_phases=['phase-01'] pending_phases=['phase-02', 'phase-03', 'phase-04', 'phase-05'] completed_jobs=[] running_jobs=['parsec-blackscholes-2026-04-27-02h11m46s', 'parsec-streamcluster-2026-04-27-02h11m46s']
2026-04-27T00:14:01.744113+00:00 Job completed: parsec-blackscholes-2026-04-27-02h11m46s
2026-04-27T00:14:01.744358+00:00 Phase dependency satisfied for phase-03: blackscholes
2026-04-27T00:14:01.744406+00:00 Launching phase phase-03: canneal
2026-04-27T00:14:07.625280+00:00 Scheduler heartbeat: launched_phases=['phase-01', 'phase-03'] pending_phases=['phase-02', 'phase-04', 'phase-05'] completed_jobs=['blackscholes'] running_jobs=['parsec-canneal-2026-04-27-02h11m46s', 'parsec-streamcluster-2026-04-27-02h11m46s']
2026-04-27T00:14:23.122700+00:00 Scheduler heartbeat: launched_phases=['phase-01', 'phase-03'] pending_phases=['phase-02', 'phase-04', 'phase-05'] completed_jobs=['blackscholes'] running_jobs=['parsec-canneal-2026-04-27-02h11m46s', 'parsec-streamcluster-2026-04-27-02h11m46s']
2026-04-27T00:14:38.677600+00:00 Scheduler heartbeat: launched_phases=['phase-01', 'phase-03'] pending_phases=['phase-02', 'phase-04', 'phase-05'] completed_jobs=['blackscholes'] running_jobs=['parsec-canneal-2026-04-27-02h11m46s', 'parsec-streamcluster-2026-04-27-02h11m46s']
2026-04-27T00:14:54.146087+00:00 Scheduler heartbeat: launched_phases=['phase-01', 'phase-03'] pending_phases=['phase-02', 'phase-04', 'phase-05'] completed_jobs=['blackscholes'] running_jobs=['parsec-canneal-2026-04-27-02h11m46s', 'parsec-streamcluster-2026-04-27-02h11m46s']
2026-04-27T00:14:56.725290+00:00 Job completed: parsec-streamcluster-2026-04-27-02h11m46s
2026-04-27T00:14:56.725519+00:00 Phase dependency satisfied for phase-02: streamcluster
2026-04-27T00:14:56.725574+00:00 Launching phase phase-02: freqmine
2026-04-27T00:15:10.264018+00:00 Scheduler heartbeat: launched_phases=['phase-01', 'phase-02', 'phase-03'] pending_phases=['phase-04', 'phase-05'] completed_jobs=['blackscholes', 'streamcluster'] running_jobs=['parsec-canneal-2026-04-27-02h11m46s', 'parsec-freqmine-2026-04-27-02h11m46s']
2026-04-27T00:15:25.820303+00:00 Scheduler heartbeat: launched_phases=['phase-01', 'phase-02', 'phase-03'] pending_phases=['phase-04', 'phase-05'] completed_jobs=['blackscholes', 'streamcluster'] running_jobs=['parsec-canneal-2026-04-27-02h11m46s', 'parsec-freqmine-2026-04-27-02h11m46s']
2026-04-27T00:15:42.064386+00:00 Scheduler heartbeat: launched_phases=['phase-01', 'phase-02', 'phase-03'] pending_phases=['phase-04', 'phase-05'] completed_jobs=['blackscholes', 'streamcluster'] running_jobs=['parsec-canneal-2026-04-27-02h11m46s', 'parsec-freqmine-2026-04-27-02h11m46s']
2026-04-27T00:15:49.736781+00:00 Job completed: parsec-canneal-2026-04-27-02h11m46s
2026-04-27T00:15:49.737018+00:00 Phase dependency satisfied for phase-05: canneal
2026-04-27T00:15:49.737045+00:00 Launching phase phase-05: vips
2026-04-27T00:15:59.018309+00:00 Scheduler heartbeat: launched_phases=['phase-01', 'phase-02', 'phase-03', 'phase-05'] pending_phases=['phase-04'] completed_jobs=['blackscholes', 'canneal', 'streamcluster'] running_jobs=['parsec-freqmine-2026-04-27-02h11m46s', 'parsec-vips-2026-04-27-02h11m46s']
2026-04-27T00:16:07.859743+00:00 Job completed: parsec-freqmine-2026-04-27-02h11m46s
2026-04-27T00:16:07.859976+00:00 Phase dependency satisfied for phase-04: freqmine
2026-04-27T00:16:07.860005+00:00 Launching phase phase-04: barnes, radix
2026-04-27T00:16:14.731580+00:00 Scheduler heartbeat: launched_phases=['phase-01', 'phase-02', 'phase-03', 'phase-04', 'phase-05'] pending_phases=[] completed_jobs=['blackscholes', 'canneal', 'freqmine', 'streamcluster'] running_jobs=['parsec-barnes-2026-04-27-02h11m46s', 'parsec-radix-2026-04-27-02h11m46s', 'parsec-vips-2026-04-27-02h11m46s']
2026-04-27T00:16:29.731930+00:00 Scheduler heartbeat: launched_phases=['phase-01', 'phase-02', 'phase-03', 'phase-04', 'phase-05'] pending_phases=[] completed_jobs=['blackscholes', 'canneal', 'freqmine', 'streamcluster'] running_jobs=['parsec-barnes-2026-04-27-02h11m46s', 'parsec-radix-2026-04-27-02h11m46s', 'parsec-vips-2026-04-27-02h11m46s']
2026-04-27T00:16:39.050179+00:00 Job completed: parsec-barnes-2026-04-27-02h11m46s
2026-04-27T00:16:45.647689+00:00 Scheduler heartbeat: launched_phases=['phase-01', 'phase-02', 'phase-03', 'phase-04', 'phase-05'] pending_phases=[] completed_jobs=['barnes', 'blackscholes', 'canneal', 'freqmine', 'streamcluster'] running_jobs=['parsec-radix-2026-04-27-02h11m46s', 'parsec-vips-2026-04-27-02h11m46s']
2026-04-27T00:16:48.250400+00:00 Job completed: parsec-radix-2026-04-27-02h11m46s
2026-04-27T00:17:01.190125+00:00 Job completed: parsec-vips-2026-04-27-02h11m46s
2026-04-27T00:17:01.190507+00:00 All batch jobs completed; capturing results.json and stopping mcperf
2026-04-27T00:17:01.190685+00:00 Waiting briefly for final pod termination metadata
2026-04-27T00:17:01.856321+00:00 Stopping mcperf measurement wrapper on client-measure-6nt6 with SIGINT
2026-04-27T00:17:14.866035+00:00 mcperf is still running on client-measure-6nt6 after SIGINT; escalating to SIGTERM
2026-04-27T00:17:17.579810+00:00 Summarizing run from captured pod snapshot and mcperf output
2026-04-27T00:17:17.580806+00:00 Run completed with status pass makespan=231.0 max_p95_us=399.5
